1770062758809	a_temp	BACKUP_ERROR	file:\H:\mysql_backup\ddl\a_temp.sql (文件名、目录名或卷标语法不正确。)
1770062758809	a_table_metadata	BACKUP_ERROR	file:\H:\mysql_backup\ddl\a_table_metadata.sql (文件名、目录名或卷标语法不正确。)
1770062758819	accounts	BACKUP_ERROR	file:\H:\mysql_backup\ddl\accounts.sql (文件名、目录名或卷标语法不正确。)
1770062758819	analysis_area2024	BACKUP_ERROR	file:\H:\mysql_backup\ddl\analysis_area2024.sql (文件名、目录名或卷标语法不正确。)
1770062758822	analysis_area2026	BACKUP_ERROR	file:\H:\mysql_backup\ddl\analysis_area2026.sql (文件名、目录名或卷标语法不正确。)
1770062758822	analysis_area2025	BACKUP_ERROR	file:\H:\mysql_backup\ddl\analysis_area2025.sql (文件名、目录名或卷标语法不正确。)
1770062758826	analysis_area_explode	BACKUP_ERROR	file:\H:\mysql_backup\ddl\analysis_area_explode.sql (文件名、目录名或卷标语法不正确。)
1770062758826	analysis_news2025	BACKUP_ERROR	file:\H:\mysql_backup\ddl\analysis_news2025.sql (文件名、目录名或卷标语法不正确。)
1770062758830	analysis_news2027	BACKUP_ERROR	file:\H:\mysql_backup\ddl\analysis_news2027.sql (文件名、目录名或卷标语法不正确。)
1770062758830	analysis_news2026	BACKUP_ERROR	file:\H:\mysql_backup\ddl\analysis_news2026.sql (文件名、目录名或卷标语法不正确。)
1770062758833	analysis_notices2025	BACKUP_ERROR	file:\H:\mysql_backup\ddl\analysis_notices2025.sql (文件名、目录名或卷标语法不正确。)
1770062758833	analysis_notices2024	BACKUP_ERROR	file:\H:\mysql_backup\ddl\analysis_notices2024.sql (文件名、目录名或卷标语法不正确。)
1770062758836	analysis_notices2026	BACKUP_ERROR	file:\H:\mysql_backup\ddl\analysis_notices2026.sql (文件名、目录名或卷标语法不正确。)
1770062758836	analysis_ztb2020	BACKUP_ERROR	file:\H:\mysql_backup\ddl\analysis_ztb2020.sql (文件名、目录名或卷标语法不正确。)
1770062758839	analysis_ztb2022	BACKUP_ERROR	file:\H:\mysql_backup\ddl\analysis_ztb2022.sql (文件名、目录名或卷标语法不正确。)
1770062758839	analysis_ztb2021	BACKUP_ERROR	file:\H:\mysql_backup\ddl\analysis_ztb2021.sql (文件名、目录名或卷标语法不正确。)
1770062758842	analysis_ztb2024	BACKUP_ERROR	file:\H:\mysql_backup\ddl\analysis_ztb2024.sql (文件名、目录名或卷标语法不正确。)
1770062758842	analysis_ztb2023	BACKUP_ERROR	file:\H:\mysql_backup\ddl\analysis_ztb2023.sql (文件名、目录名或卷标语法不正确。)
1770062758845	analysis_ztb2025	BACKUP_ERROR	file:\H:\mysql_backup\ddl\analysis_ztb2025.sql (文件名、目录名或卷标语法不正确。)
1770062758845	analysis_ztb2026	BACKUP_ERROR	file:\H:\mysql_backup\ddl\analysis_ztb2026.sql (文件名、目录名或卷标语法不正确。)
1770062758850	dashizhi_20250224	BACKUP_ERROR	file:\H:\mysql_backup\ddl\dashizhi_20250224.sql (文件名、目录名或卷标语法不正确。)
1770062758850	data2024_zjlx	BACKUP_ERROR	file:\H:\mysql_backup\ddl\data2024_zjlx.sql (文件名、目录名或卷标语法不正确。)
1770062758853	data2025_jjlb	BACKUP_ERROR	file:\H:\mysql_backup\ddl\data2025_jjlb.sql (文件名、目录名或卷标语法不正确。)
1770062758853	data2025_zshq_ths	BACKUP_ERROR	file:\H:\mysql_backup\ddl\data2025_zshq_ths.sql (文件名、目录名或卷标语法不正确。)
1770062758858	data_agdm	BACKUP_ERROR	file:\H:\mysql_backup\ddl\data_agdm.sql (文件名、目录名或卷标语法不正确。)
1770062758858	data_bond	BACKUP_ERROR	file:\H:\mysql_backup\ddl\data_bond.sql (文件名、目录名或卷标语法不正确。)
1770062758862	data_bond_qs_jsl	BACKUP_ERROR	file:\H:\mysql_backup\ddl\data_bond_qs_jsl.sql (文件名、目录名或卷标语法不正确。)
1770062758862	data_bond_ths	BACKUP_ERROR	file:\H:\mysql_backup\ddl\data_bond_ths.sql (文件名、目录名或卷标语法不正确。)
1770062758865	data_east_dzgpssgn	BACKUP_ERROR	file:\H:\mysql_backup\ddl\data_east_dzgpssgn.sql (文件名、目录名或卷标语法不正确。)
1770062758865	data_east_gnzscfxx	BACKUP_ERROR	file:\H:\mysql_backup\ddl\data_east_gnzscfxx.sql (文件名、目录名或卷标语法不正确。)
1770062758869	data_gpsj_day_20251201	BACKUP_ERROR	file:\H:\mysql_backup\ddl\data_gpsj_day_20251201.sql (文件名、目录名或卷标语法不正确。)
1770062758869	data_east_gnzsxx	BACKUP_ERROR	file:\H:\mysql_backup\ddl\data_east_gnzsxx.sql (文件名、目录名或卷标语法不正确。)
1770062758872	data_gpsj_day_20260105	BACKUP_ERROR	file:\H:\mysql_backup\ddl\data_gpsj_day_20260105.sql (文件名、目录名或卷标语法不正确。)
1770062758873	data_gpsj_day_20260106	BACKUP_ERROR	file:\H:\mysql_backup\ddl\data_gpsj_day_20260106.sql (文件名、目录名或卷标语法不正确。)
1770062758876	data_gpsj_day_20260107	BACKUP_ERROR	file:\H:\mysql_backup\ddl\data_gpsj_day_20260107.sql (文件名、目录名或卷标语法不正确。)
1770062758876	data_gpsj_day_20260108	BACKUP_ERROR	file:\H:\mysql_backup\ddl\data_gpsj_day_20260108.sql (文件名、目录名或卷标语法不正确。)
1770062758880	data_gpsj_day_20260109	BACKUP_ERROR	file:\H:\mysql_backup\ddl\data_gpsj_day_20260109.sql (文件名、目录名或卷标语法不正确。)
1770062758880	data_gpsj_day_20260112	BACKUP_ERROR	file:\H:\mysql_backup\ddl\data_gpsj_day_20260112.sql (文件名、目录名或卷标语法不正确。)
1770062758884	data_gpsj_day_20260113	BACKUP_ERROR	file:\H:\mysql_backup\ddl\data_gpsj_day_20260113.sql (文件名、目录名或卷标语法不正确。)
1770062758884	data_gpsj_day_20260114	BACKUP_ERROR	file:\H:\mysql_backup\ddl\data_gpsj_day_20260114.sql (文件名、目录名或卷标语法不正确。)
1770062758888	data_gpsj_day_20260115	BACKUP_ERROR	file:\H:\mysql_backup\ddl\data_gpsj_day_20260115.sql (文件名、目录名或卷标语法不正确。)
1770062758888	data_gpsj_day_20260116	BACKUP_ERROR	file:\H:\mysql_backup\ddl\data_gpsj_day_20260116.sql (文件名、目录名或卷标语法不正确。)
1770062758892	data_gpsj_day_20260119	BACKUP_ERROR	file:\H:\mysql_backup\ddl\data_gpsj_day_20260119.sql (文件名、目录名或卷标语法不正确。)
1770062758892	data_gpsj_day_20260120	BACKUP_ERROR	file:\H:\mysql_backup\ddl\data_gpsj_day_20260120.sql (文件名、目录名或卷标语法不正确。)
1770062758896	data_gpsj_day_20260121	BACKUP_ERROR	file:\H:\mysql_backup\ddl\data_gpsj_day_20260121.sql (文件名、目录名或卷标语法不正确。)
1770062758896	data_gpsj_day_20260122	BACKUP_ERROR	file:\H:\mysql_backup\ddl\data_gpsj_day_20260122.sql (文件名、目录名或卷标语法不正确。)
1770062758900	data_gpsj_day_20260123	BACKUP_ERROR	file:\H:\mysql_backup\ddl\data_gpsj_day_20260123.sql (文件名、目录名或卷标语法不正确。)
1770062758900	data_gpsj_day_20260126	BACKUP_ERROR	file:\H:\mysql_backup\ddl\data_gpsj_day_20260126.sql (文件名、目录名或卷标语法不正确。)
1770062758904	data_gpsj_day_20260127	BACKUP_ERROR	file:\H:\mysql_backup\ddl\data_gpsj_day_20260127.sql (文件名、目录名或卷标语法不正确。)
1770062758904	data_gpsj_day_20260128	BACKUP_ERROR	file:\H:\mysql_backup\ddl\data_gpsj_day_20260128.sql (文件名、目录名或卷标语法不正确。)
1770062758907	data_gpsj_day_20260129	BACKUP_ERROR	file:\H:\mysql_backup\ddl\data_gpsj_day_20260129.sql (文件名、目录名或卷标语法不正确。)
1770062758908	data_gpsj_day_20260130	BACKUP_ERROR	file:\H:\mysql_backup\ddl\data_gpsj_day_20260130.sql (文件名、目录名或卷标语法不正确。)
1770062758930	data_gsdt	BACKUP_ERROR	file:\H:\mysql_backup\ddl\data_gsdt.sql (文件名、目录名或卷标语法不正确。)
1770062758930	data_industry_code_ths	BACKUP_ERROR	file:\H:\mysql_backup\ddl\data_industry_code_ths.sql (文件名、目录名或卷标语法不正确。)
1770062758991	data_industry_ths	BACKUP_ERROR	file:\H:\mysql_backup\ddl\data_industry_ths.sql (文件名、目录名或卷标语法不正确。)
1770062758992	data_jyrl	BACKUP_ERROR	file:\H:\mysql_backup\ddl\data_jyrl.sql (文件名、目录名或卷标语法不正确。)
1770062759003	data_lhb_history	BACKUP_ERROR	file:\H:\mysql_backup\ddl\data_lhb_history.sql (文件名、目录名或卷标语法不正确。)
1770062759003	data_lhb	BACKUP_ERROR	file:\H:\mysql_backup\ddl\data_lhb.sql (文件名、目录名或卷标语法不正确。)
1770062759013	data_ths_dzgpssgn	BACKUP_ERROR	file:\H:\mysql_backup\ddl\data_ths_dzgpssgn.sql (文件名、目录名或卷标语法不正确。)
1770062759015	data_rzrq	BACKUP_ERROR	Table 'gs.data_rzrq' doesn't exist
1770062759021	data_ths_gnzsxx	BACKUP_ERROR	file:\H:\mysql_backup\ddl\data_ths_gnzsxx.sql (文件名、目录名或卷标语法不正确。)
1770062759021	data_ths_gnzscfxx	BACKUP_ERROR	file:\H:\mysql_backup\ddl\data_ths_gnzscfxx.sql (文件名、目录名或卷标语法不正确。)
1770062759025	data_zjlx	BACKUP_ERROR	file:\H:\mysql_backup\ddl\data_zjlx.sql (文件名、目录名或卷标语法不正确。)
1770062759025	data_zjlx_history	BACKUP_ERROR	file:\H:\mysql_backup\ddl\data_zjlx_history.sql (文件名、目录名或卷标语法不正确。)
1770062759051	data_zscfxx_ths	BACKUP_ERROR	file:\H:\mysql_backup\ddl\data_zscfxx_ths.sql (文件名、目录名或卷标语法不正确。)
1770062759051	data_zshq_ths	BACKUP_ERROR	file:\H:\mysql_backup\ddl\data_zshq_ths.sql (文件名、目录名或卷标语法不正确。)
1770062759055	data_zsxx_ths	BACKUP_ERROR	file:\H:\mysql_backup\ddl\data_zsxx_ths.sql (文件名、目录名或卷标语法不正确。)
1770062759055	datadic	BACKUP_ERROR	file:\H:\mysql_backup\ddl\datadic.sql (文件名、目录名或卷标语法不正确。)
1770062759059	g8_data	BACKUP_ERROR	file:\H:\mysql_backup\ddl\g8_data.sql (文件名、目录名或卷标语法不正确。)
1770062759059	g8_data_temp	BACKUP_ERROR	file:\H:\mysql_backup\ddl\g8_data_temp.sql (文件名、目录名或卷标语法不正确。)
1770062759064	g8_data_ztb3	BACKUP_ERROR	file:\H:\mysql_backup\ddl\g8_data_ztb3.sql (文件名、目录名或卷标语法不正确。)
1770062759064	gbxx	BACKUP_ERROR	file:\H:\mysql_backup\ddl\gbxx.sql (文件名、目录名或卷标语法不正确。)
1770062759067	hotstock_east	BACKUP_ERROR	file:\H:\mysql_backup\ddl\hotstock_east.sql (文件名、目录名或卷标语法不正确。)
1770062759067	hotbk20_ths	BACKUP_ERROR	file:\H:\mysql_backup\ddl\hotbk20_ths.sql (文件名、目录名或卷标语法不正确。)
1770062759071	hotstock_ths	BACKUP_ERROR	file:\H:\mysql_backup\ddl\hotstock_ths.sql (文件名、目录名或卷标语法不正确。)
1770062759071	jhsaggg2005	BACKUP_ERROR	file:\H:\mysql_backup\ddl\jhsaggg2005.sql (文件名、目录名或卷标语法不正确。)
1770062759087	jhsaggg2006	BACKUP_ERROR	file:\H:\mysql_backup\ddl\jhsaggg2006.sql (文件名、目录名或卷标语法不正确。)
1770062759087	jhsaggg2007	BACKUP_ERROR	file:\H:\mysql_backup\ddl\jhsaggg2007.sql (文件名、目录名或卷标语法不正确。)
1770062759090	jhsaggg2008	BACKUP_ERROR	file:\H:\mysql_backup\ddl\jhsaggg2008.sql (文件名、目录名或卷标语法不正确。)
1770062759090	jhsaggg2009	BACKUP_ERROR	file:\H:\mysql_backup\ddl\jhsaggg2009.sql (文件名、目录名或卷标语法不正确。)
1770062759093	jhsaggg2010	BACKUP_ERROR	file:\H:\mysql_backup\ddl\jhsaggg2010.sql (文件名、目录名或卷标语法不正确。)
1770062759093	jhsaggg2011	BACKUP_ERROR	file:\H:\mysql_backup\ddl\jhsaggg2011.sql (文件名、目录名或卷标语法不正确。)
1770062759098	jhsaggg2012	BACKUP_ERROR	file:\H:\mysql_backup\ddl\jhsaggg2012.sql (文件名、目录名或卷标语法不正确。)
1770062759098	jhsaggg2013	BACKUP_ERROR	file:\H:\mysql_backup\ddl\jhsaggg2013.sql (文件名、目录名或卷标语法不正确。)
1770062759101	jhsaggg2014	BACKUP_ERROR	file:\H:\mysql_backup\ddl\jhsaggg2014.sql (文件名、目录名或卷标语法不正确。)
1770062759102	jhsaggg2015	BACKUP_ERROR	file:\H:\mysql_backup\ddl\jhsaggg2015.sql (文件名、目录名或卷标语法不正确。)
1770062759105	jhsaggg2016	BACKUP_ERROR	file:\H:\mysql_backup\ddl\jhsaggg2016.sql (文件名、目录名或卷标语法不正确。)
1770062759105	jhsaggg2017	BACKUP_ERROR	file:\H:\mysql_backup\ddl\jhsaggg2017.sql (文件名、目录名或卷标语法不正确。)
1770062759108	jhsaggg2018	BACKUP_ERROR	file:\H:\mysql_backup\ddl\jhsaggg2018.sql (文件名、目录名或卷标语法不正确。)
1770062759108	jhsaggg2019	BACKUP_ERROR	file:\H:\mysql_backup\ddl\jhsaggg2019.sql (文件名、目录名或卷标语法不正确。)
1770062759112	jhsaggg2020	BACKUP_ERROR	file:\H:\mysql_backup\ddl\jhsaggg2020.sql (文件名、目录名或卷标语法不正确。)
1770062759112	jhsaggg2021	BACKUP_ERROR	file:\H:\mysql_backup\ddl\jhsaggg2021.sql (文件名、目录名或卷标语法不正确。)
1770062759116	jhsaggg2022	BACKUP_ERROR	file:\H:\mysql_backup\ddl\jhsaggg2022.sql (文件名、目录名或卷标语法不正确。)
1770062759116	jhsaggg2023	BACKUP_ERROR	file:\H:\mysql_backup\ddl\jhsaggg2023.sql (文件名、目录名或卷标语法不正确。)
1770062759119	jhsaggg2025	BACKUP_ERROR	file:\H:\mysql_backup\ddl\jhsaggg2025.sql (文件名、目录名或卷标语法不正确。)
1770062759119	jhsaggg2024	BACKUP_ERROR	file:\H:\mysql_backup\ddl\jhsaggg2024.sql (文件名、目录名或卷标语法不正确。)
1770062759149	lost_risk	BACKUP_ERROR	file:\H:\mysql_backup\ddl\lost_risk.sql (文件名、目录名或卷标语法不正确。)
1770062759149	jhsaggg2026	BACKUP_ERROR	file:\H:\mysql_backup\ddl\jhsaggg2026.sql (文件名、目录名或卷标语法不正确。)
1770062759151	metadata_risk_level	BACKUP_ERROR	file:\H:\mysql_backup\ddl\metadata_risk_level.sql (文件名、目录名或卷标语法不正确。)
1770062759152	metadata_risk_words_level	BACKUP_ERROR	file:\H:\mysql_backup\ddl\metadata_risk_words_level.sql (文件名、目录名或卷标语法不正确。)
1770062759161	model_connect_draw_back	BACKUP_ERROR	file:\H:\mysql_backup\ddl\model_connect_draw_back.sql (文件名、目录名或卷标语法不正确。)
1770062759161	news_area	BACKUP_ERROR	file:\H:\mysql_backup\ddl\news_area.sql (文件名、目录名或卷标语法不正确。)
1770062759165	news_cls2025	BACKUP_ERROR	file:\H:\mysql_backup\ddl\news_cls2025.sql (文件名、目录名或卷标语法不正确。)
1770062759165	news_cls2026	BACKUP_ERROR	file:\H:\mysql_backup\ddl\news_cls2026.sql (文件名、目录名或卷标语法不正确。)
1770062759168	news_combine2026	BACKUP_ERROR	file:\H:\mysql_backup\ddl\news_combine2026.sql (文件名、目录名或卷标语法不正确。)
1770062759168	news_combine2025	BACKUP_ERROR	file:\H:\mysql_backup\ddl\news_combine2025.sql (文件名、目录名或卷标语法不正确。)
1770062759172	ods_yyplsj_east	BACKUP_ERROR	file:\H:\mysql_backup\ddl\ods_yyplsj_east.sql (文件名、目录名或卷标语法不正确。)
1770062759172	news_financial	BACKUP_ERROR	file:\H:\mysql_backup\ddl\news_financial.sql (文件名、目录名或卷标语法不正确。)
1770062759176	popularity_day	BACKUP_ERROR	file:\H:\mysql_backup\ddl\popularity_day.sql (文件名、目录名或卷标语法不正确。)
1770062759176	pressure_support_calculator2015	BACKUP_ERROR	file:\H:\mysql_backup\ddl\pressure_support_calculator2015.sql (文件名、目录名或卷标语法不正确。)
1770062759180	pressure_support_calculator2017	BACKUP_ERROR	file:\H:\mysql_backup\ddl\pressure_support_calculator2017.sql (文件名、目录名或卷标语法不正确。)
1770062759180	pressure_support_calculator2016	BACKUP_ERROR	file:\H:\mysql_backup\ddl\pressure_support_calculator2016.sql (文件名、目录名或卷标语法不正确。)
1770062759183	pressure_support_calculator2018	BACKUP_ERROR	file:\H:\mysql_backup\ddl\pressure_support_calculator2018.sql (文件名、目录名或卷标语法不正确。)
1770062759184	pressure_support_calculator2019	BACKUP_ERROR	file:\H:\mysql_backup\ddl\pressure_support_calculator2019.sql (文件名、目录名或卷标语法不正确。)
1770062759199	pressure_support_calculator2020	BACKUP_ERROR	file:\H:\mysql_backup\ddl\pressure_support_calculator2020.sql (文件名、目录名或卷标语法不正确。)
1770062759199	pressure_support_calculator2021	BACKUP_ERROR	file:\H:\mysql_backup\ddl\pressure_support_calculator2021.sql (文件名、目录名或卷标语法不正确。)
1770062759203	pressure_support_calculator2022	BACKUP_ERROR	file:\H:\mysql_backup\ddl\pressure_support_calculator2022.sql (文件名、目录名或卷标语法不正确。)
1770062759203	pressure_support_calculator2023	BACKUP_ERROR	file:\H:\mysql_backup\ddl\pressure_support_calculator2023.sql (文件名、目录名或卷标语法不正确。)
1770062759208	pressure_support_calculator2025	BACKUP_ERROR	file:\H:\mysql_backup\ddl\pressure_support_calculator2025.sql (文件名、目录名或卷标语法不正确。)
1770062759207	pressure_support_calculator2024	BACKUP_ERROR	file:\H:\mysql_backup\ddl\pressure_support_calculator2024.sql (文件名、目录名或卷标语法不正确。)
1770062759215	pressure_support_calculator2026	BACKUP_ERROR	file:\H:\mysql_backup\ddl\pressure_support_calculator2026.sql (文件名、目录名或卷标语法不正确。)
1770062759216	pressure_support_calculatorfor120_2023	BACKUP_ERROR	file:\H:\mysql_backup\ddl\pressure_support_calculatorfor120_2023.sql (文件名、目录名或卷标语法不正确。)
1770062759220	pressure_support_calculatorfor120_2024	BACKUP_ERROR	file:\H:\mysql_backup\ddl\pressure_support_calculatorfor120_2024.sql (文件名、目录名或卷标语法不正确。)
1770062759220	pressure_support_calculatorfor120_2025	BACKUP_ERROR	file:\H:\mysql_backup\ddl\pressure_support_calculatorfor120_2025.sql (文件名、目录名或卷标语法不正确。)
1770062759251	pressure_support_calculatorfor40_2015	BACKUP_ERROR	file:\H:\mysql_backup\ddl\pressure_support_calculatorfor40_2015.sql (文件名、目录名或卷标语法不正确。)
1770062759251	pressure_support_calculatorfor120_2026	BACKUP_ERROR	file:\H:\mysql_backup\ddl\pressure_support_calculatorfor120_2026.sql (文件名、目录名或卷标语法不正确。)
1770062759255	pressure_support_calculatorfor40_2017	BACKUP_ERROR	file:\H:\mysql_backup\ddl\pressure_support_calculatorfor40_2017.sql (文件名、目录名或卷标语法不正确。)
1770062759255	pressure_support_calculatorfor40_2016	BACKUP_ERROR	file:\H:\mysql_backup\ddl\pressure_support_calculatorfor40_2016.sql (文件名、目录名或卷标语法不正确。)
1770062759260	pressure_support_calculatorfor40_2018	BACKUP_ERROR	file:\H:\mysql_backup\ddl\pressure_support_calculatorfor40_2018.sql (文件名、目录名或卷标语法不正确。)
1770062759260	pressure_support_calculatorfor40_2019	BACKUP_ERROR	file:\H:\mysql_backup\ddl\pressure_support_calculatorfor40_2019.sql (文件名、目录名或卷标语法不正确。)
1770062759264	pressure_support_calculatorfor40_2020	BACKUP_ERROR	file:\H:\mysql_backup\ddl\pressure_support_calculatorfor40_2020.sql (文件名、目录名或卷标语法不正确。)
1770062759264	pressure_support_calculatorfor40_2021	BACKUP_ERROR	file:\H:\mysql_backup\ddl\pressure_support_calculatorfor40_2021.sql (文件名、目录名或卷标语法不正确。)
1770062759268	pressure_support_calculatorfor40_2022	BACKUP_ERROR	file:\H:\mysql_backup\ddl\pressure_support_calculatorfor40_2022.sql (文件名、目录名或卷标语法不正确。)
1770062759268	pressure_support_calculatorfor40_2023	BACKUP_ERROR	file:\H:\mysql_backup\ddl\pressure_support_calculatorfor40_2023.sql (文件名、目录名或卷标语法不正确。)
1770062759273	pressure_support_calculatorfor40_2024	BACKUP_ERROR	file:\H:\mysql_backup\ddl\pressure_support_calculatorfor40_2024.sql (文件名、目录名或卷标语法不正确。)
1770062759273	pressure_support_calculatorfor40_2025	BACKUP_ERROR	file:\H:\mysql_backup\ddl\pressure_support_calculatorfor40_2025.sql (文件名、目录名或卷标语法不正确。)
1770062759276	pressure_support_calculatorfor40_2026	BACKUP_ERROR	file:\H:\mysql_backup\ddl\pressure_support_calculatorfor40_2026.sql (文件名、目录名或卷标语法不正确。)
1770062759276	result_expect_normal	BACKUP_ERROR	file:\H:\mysql_backup\ddl\result_expect_normal.sql (文件名、目录名或卷标语法不正确。)
1770062759279	result_expect_risk1	BACKUP_ERROR	file:\H:\mysql_backup\ddl\result_expect_risk1.sql (文件名、目录名或卷标语法不正确。)
1770062759279	result_expect_risk2	BACKUP_ERROR	file:\H:\mysql_backup\ddl\result_expect_risk2.sql (文件名、目录名或卷标语法不正确。)
1770062759283	sendemails_news	BACKUP_ERROR	file:\H:\mysql_backup\ddl\sendemails_news.sql (文件名、目录名或卷标语法不正确。)
1770062759283	ths_gn_bk	BACKUP_ERROR	file:\H:\mysql_backup\ddl\ths_gn_bk.sql (文件名、目录名或卷标语法不正确。)
1770062759287	ths_gn_names	BACKUP_ERROR	file:\H:\mysql_backup\ddl\ths_gn_names.sql (文件名、目录名或卷标语法不正确。)
1770062759287	wencaiquery_basequery_2015	BACKUP_ERROR	file:\H:\mysql_backup\ddl\wencaiquery_basequery_2015.sql (文件名、目录名或卷标语法不正确。)
1770062759290	wencaiquery_basequery_2016	BACKUP_ERROR	file:\H:\mysql_backup\ddl\wencaiquery_basequery_2016.sql (文件名、目录名或卷标语法不正确。)
1770062759290	wencaiquery_basequery_2017	BACKUP_ERROR	file:\H:\mysql_backup\ddl\wencaiquery_basequery_2017.sql (文件名、目录名或卷标语法不正确。)
1770062759292	wencaiquery_basequery_2018	BACKUP_ERROR	file:\H:\mysql_backup\ddl\wencaiquery_basequery_2018.sql (文件名、目录名或卷标语法不正确。)
1770062759293	wencaiquery_basequery_2019	BACKUP_ERROR	file:\H:\mysql_backup\ddl\wencaiquery_basequery_2019.sql (文件名、目录名或卷标语法不正确。)
1770062759295	wencaiquery_basequery_2020	BACKUP_ERROR	file:\H:\mysql_backup\ddl\wencaiquery_basequery_2020.sql (文件名、目录名或卷标语法不正确。)
1770062759296	wencaiquery_basequery_2021	BACKUP_ERROR	file:\H:\mysql_backup\ddl\wencaiquery_basequery_2021.sql (文件名、目录名或卷标语法不正确。)
1770062759299	wencaiquery_basequery_2022	BACKUP_ERROR	file:\H:\mysql_backup\ddl\wencaiquery_basequery_2022.sql (文件名、目录名或卷标语法不正确。)
1770062759299	wencaiquery_basequery_2023	BACKUP_ERROR	file:\H:\mysql_backup\ddl\wencaiquery_basequery_2023.sql (文件名、目录名或卷标语法不正确。)
1770062759302	wencaiquery_basequery_2025	BACKUP_ERROR	file:\H:\mysql_backup\ddl\wencaiquery_basequery_2025.sql (文件名、目录名或卷标语法不正确。)
1770062759302	wencaiquery_basequery_2024	BACKUP_ERROR	file:\H:\mysql_backup\ddl\wencaiquery_basequery_2024.sql (文件名、目录名或卷标语法不正确。)
1770062759304	wencaiquery_basequery_2026	BACKUP_ERROR	file:\H:\mysql_backup\ddl\wencaiquery_basequery_2026.sql (文件名、目录名或卷标语法不正确。)
1770062759305	wencaiquery_unban	BACKUP_ERROR	file:\H:\mysql_backup\ddl\wencaiquery_unban.sql (文件名、目录名或卷标语法不正确。)
1770062759307	wencaiquery_venture_2005	BACKUP_ERROR	file:\H:\mysql_backup\ddl\wencaiquery_venture_2005.sql (文件名、目录名或卷标语法不正确。)
1770062759307	wencaiquery_venture_2006	BACKUP_ERROR	file:\H:\mysql_backup\ddl\wencaiquery_venture_2006.sql (文件名、目录名或卷标语法不正确。)
1770062759310	wencaiquery_venture_2008	BACKUP_ERROR	file:\H:\mysql_backup\ddl\wencaiquery_venture_2008.sql (文件名、目录名或卷标语法不正确。)
1770062759310	wencaiquery_venture_2007	BACKUP_ERROR	file:\H:\mysql_backup\ddl\wencaiquery_venture_2007.sql (文件名、目录名或卷标语法不正确。)
1770062759313	wencaiquery_venture_2010	BACKUP_ERROR	file:\H:\mysql_backup\ddl\wencaiquery_venture_2010.sql (文件名、目录名或卷标语法不正确。)
1770062759313	wencaiquery_venture_2009	BACKUP_ERROR	file:\H:\mysql_backup\ddl\wencaiquery_venture_2009.sql (文件名、目录名或卷标语法不正确。)
1770062759316	wencaiquery_venture_2012	BACKUP_ERROR	file:\H:\mysql_backup\ddl\wencaiquery_venture_2012.sql (文件名、目录名或卷标语法不正确。)
1770062759316	wencaiquery_venture_2011	BACKUP_ERROR	file:\H:\mysql_backup\ddl\wencaiquery_venture_2011.sql (文件名、目录名或卷标语法不正确。)
1770062759318	wencaiquery_venture_2014	BACKUP_ERROR	file:\H:\mysql_backup\ddl\wencaiquery_venture_2014.sql (文件名、目录名或卷标语法不正确。)
1770062759319	wencaiquery_venture_2013	BACKUP_ERROR	file:\H:\mysql_backup\ddl\wencaiquery_venture_2013.sql (文件名、目录名或卷标语法不正确。)
1770062759321	wencaiquery_venture_2015	BACKUP_ERROR	file:\H:\mysql_backup\ddl\wencaiquery_venture_2015.sql (文件名、目录名或卷标语法不正确。)
1770062759321	wencaiquery_venture_2016	BACKUP_ERROR	file:\H:\mysql_backup\ddl\wencaiquery_venture_2016.sql (文件名、目录名或卷标语法不正确。)
1770062759324	wencaiquery_venture_2017	BACKUP_ERROR	file:\H:\mysql_backup\ddl\wencaiquery_venture_2017.sql (文件名、目录名或卷标语法不正确。)
1770062759324	wencaiquery_venture_2018	BACKUP_ERROR	file:\H:\mysql_backup\ddl\wencaiquery_venture_2018.sql (文件名、目录名或卷标语法不正确。)
1770062759327	wencaiquery_venture_2019	BACKUP_ERROR	file:\H:\mysql_backup\ddl\wencaiquery_venture_2019.sql (文件名、目录名或卷标语法不正确。)
1770062759327	wencaiquery_venture_2020	BACKUP_ERROR	file:\H:\mysql_backup\ddl\wencaiquery_venture_2020.sql (文件名、目录名或卷标语法不正确。)
1770062759329	wencaiquery_venture_2021	BACKUP_ERROR	file:\H:\mysql_backup\ddl\wencaiquery_venture_2021.sql (文件名、目录名或卷标语法不正确。)
1770062759329	wencaiquery_venture_2022	BACKUP_ERROR	file:\H:\mysql_backup\ddl\wencaiquery_venture_2022.sql (文件名、目录名或卷标语法不正确。)
1770062759332	wencaiquery_venture_2023	BACKUP_ERROR	file:\H:\mysql_backup\ddl\wencaiquery_venture_2023.sql (文件名、目录名或卷标语法不正确。)
1770062759332	wencaiquery_venture_2024	BACKUP_ERROR	file:\H:\mysql_backup\ddl\wencaiquery_venture_2024.sql (文件名、目录名或卷标语法不正确。)
1770062759335	wencaiquery_venture_2025	BACKUP_ERROR	file:\H:\mysql_backup\ddl\wencaiquery_venture_2025.sql (文件名、目录名或卷标语法不正确。)
1770062759335	wencaiquery_venture_2026	BACKUP_ERROR	file:\H:\mysql_backup\ddl\wencaiquery_venture_2026.sql (文件名、目录名或卷标语法不正确。)
1770062759339	wencaiquery_venture_year	BACKUP_ERROR	file:\H:\mysql_backup\ddl\wencaiquery_venture_year.sql (文件名、目录名或卷标语法不正确。)
1770062759339	wencaiquery_zt_zb	BACKUP_ERROR	file:\H:\mysql_backup\ddl\wencaiquery_zt_zb.sql (文件名、目录名或卷标语法不正确。)
1770062759342	ztb_day	BACKUP_ERROR	file:\H:\mysql_backup\ddl\ztb_day.sql (文件名、目录名或卷标语法不正确。)
1770062759342	ztb_risk_filter	BACKUP_ERROR	file:\H:\mysql_backup\ddl\ztb_risk_filter.sql (文件名、目录名或卷标语法不正确。)
