#
# There is insufficient memory for the Java Runtime Environment to continue.
# Native memory allocation (malloc) failed to allocate 736256 bytes for Chunk::new
# Possible reasons:
#   The system is out of physical RAM or swap space
#   The process is running with CompressedOops enabled, and the Java Heap may be blocking the growth of the native heap
# Possible solutions:
#   Reduce memory load on the system
#   Increase physical memory or swap space
#   Check if swap backing store is full
#   Decrease Java heap size (-Xmx/-Xms)
#   Decrease number of Java threads
#   Decrease Java thread stack sizes (-Xss)
#   Set larger code cache with -XX:ReservedCodeCacheSize=
#   JVM is running with Zero Based Compressed Oops mode in which the Java heap is
#     placed in the first 32GB address space. The Java Heap base address is the
#     maximum limit for the native heap growth. Please use -XX:HeapBaseMinAddress
#     to set the Java Heap base and to place the Java Heap above 32GB virtual address.
# This output file may be truncated or incomplete.
#
#  Out of Memory Error (allocation.cpp:389), pid=209944, tid=0x0000000000017d50
#
# JRE version: Java(TM) SE Runtime Environment (8.0_281-b09) (build 1.8.0_281-b09)
# Java VM: Java HotSpot(TM) 64-Bit Server VM (25.281-b09 mixed mode windows-amd64 compressed oops)
# Failed to write core dump. Minidumps are not enabled by default on client versions of Windows
#

---------------  T H R E A D  ---------------

Current thread (0x0000024f7ec3d000):  JavaThread "C2 CompilerThread1" daemon [_thread_in_native, id=97616, stack(0x000000565b100000,0x000000565b200000)]

Stack: [0x000000565b100000,0x000000565b200000]
Native frames: (J=compiled Java code, j=interpreted, Vv=VM code, C=native code)
V  [jvm.dll+0x32e5b9]
V  [jvm.dll+0x275012]
V  [jvm.dll+0x275cbd]
V  [jvm.dll+0x26c6f5]
V  [jvm.dll+0xd51fc]
V  [jvm.dll+0xd59fc]
V  [jvm.dll+0x4523f2]
V  [jvm.dll+0x48d85d]
V  [jvm.dll+0x441950]
V  [jvm.dll+0x43f664]
V  [jvm.dll+0x42a5e7]
V  [jvm.dll+0xabe9b]
V  [jvm.dll+0xaa4fb]
V  [jvm.dll+0x23d6b2]
V  [jvm.dll+0x291cbc]
C  [ucrtbase.dll+0x21bb2]
C  [KERNEL32.DLL+0x17374]
C  [ntdll.dll+0x4cc91]


Current CompileTask:
C2:  25415 7519       4       org.antlr.v4.runtime.atn.ParserATNSimulator::closureCheckingStopState (244 bytes)


---------------  P R O C E S S  ---------------

Java Threads: ( => current thread )
  0x0000024f11410000 JavaThread "block-manager-ask-thread-pool-2" daemon [_thread_blocked, id=46656, stack(0x000000565e600000,0x000000565e700000)]
  0x0000024f11414800 JavaThread "block-manager-ask-thread-pool-1" daemon [_thread_blocked, id=232600, stack(0x000000565e500000,0x000000565e600000)]
  0x0000024f1140d000 JavaThread "block-manager-slave-async-thread-pool-2" daemon [_thread_blocked, id=173404, stack(0x000000565e400000,0x000000565e500000)]
  0x0000024f1140e800 JavaThread "block-manager-slave-async-thread-pool-1" daemon [_thread_blocked, id=106740, stack(0x000000565e300000,0x000000565e400000)]
  0x0000024f11414000 JavaThread "block-manager-slave-async-thread-pool-0" daemon [_thread_blocked, id=214472, stack(0x000000565e200000,0x000000565e300000)]
  0x0000024f1140c800 JavaThread "block-manager-ask-thread-pool-0" daemon [_thread_blocked, id=119284, stack(0x000000565e100000,0x000000565e200000)]
  0x0000024f11413000 JavaThread "task-result-getter-0" daemon [_thread_blocked, id=4752, stack(0x000000565e000000,0x000000565e100000)]
  0x0000024f11411000 JavaThread "Executor task launch worker for task 0" daemon [_thread_blocked, id=196356, stack(0x000000565df00000,0x000000565e000000)]
  0x0000024f11412800 JavaThread "org.apache.hadoop.fs.FileSystem$Statistics$StatisticsDataReferenceCleaner" daemon [_thread_blocked, id=94448, stack(0x000000565de00000,0x000000565df00000)]
  0x0000024f1140f800 JavaThread "spark-listener-group-streams" daemon [_thread_blocked, id=95932, stack(0x000000565dd00000,0x000000565de00000)]
  0x0000024f7fd27800 JavaThread "spark-listener-group-shared" daemon [_thread_blocked, id=111416, stack(0x000000565dc00000,0x000000565dd00000)]
  0x0000024f7fd27000 JavaThread "element-tracking-store-worker" daemon [_thread_blocked, id=28180, stack(0x000000565db00000,0x000000565dc00000)]
  0x0000024f7fd1f800 JavaThread "spark-listener-group-executorManagement" daemon [_thread_blocked, id=1840, stack(0x000000565da00000,0x000000565db00000)]
  0x0000024f7fd26000 JavaThread "spark-listener-group-appStatus" daemon [_thread_blocked, id=16708, stack(0x000000565d900000,0x000000565da00000)]
  0x0000024f7fd24000 JavaThread "context-cleaner-periodic-gc" daemon [_thread_blocked, id=175080, stack(0x000000565d800000,0x000000565d900000)]
  0x0000024f7fd23000 JavaThread "Spark Context Cleaner" daemon [_thread_blocked, id=152960, stack(0x000000565d700000,0x000000565d800000)]
  0x0000024f7fd25800 JavaThread "shuffle-server-5-1" daemon [_thread_in_native, id=143368, stack(0x000000565d600000,0x000000565d700000)]
  0x0000024f7fd22800 JavaThread "driver-heartbeater" daemon [_thread_blocked, id=46348, stack(0x000000565d500000,0x000000565d600000)]
  0x0000024f7fd21000 JavaThread "dag-scheduler-event-loop" daemon [_thread_blocked, id=216192, stack(0x000000565d400000,0x000000565d500000)]
  0x0000024f7fd24800 JavaThread "netty-rpc-env-timeout" daemon [_thread_blocked, id=64364, stack(0x000000565d300000,0x000000565d400000)]
  0x0000024f7fd1b000 JavaThread "Timer-1" daemon [_thread_blocked, id=150496, stack(0x000000565d200000,0x000000565d300000)]
  0x0000024f7fd1e000 JavaThread "Timer-0" daemon [_thread_blocked, id=44736, stack(0x000000565d100000,0x000000565d200000)]
  0x0000024f7fd21800 JavaThread "heartbeat-receiver-event-loop-thread" daemon [_thread_blocked, id=88192, stack(0x000000565ce00000,0x000000565cf00000)]
  0x0000024f7fd1d000 JavaThread "SparkUI-41" daemon [_thread_blocked, id=162652, stack(0x000000565d000000,0x000000565d100000)]
  0x0000024f7fd20000 JavaThread "SparkUI-40" daemon [_thread_blocked, id=63248, stack(0x000000565cf00000,0x000000565d000000)]
  0x0000024f7fd1c800 JavaThread "SparkUI-38" daemon [_thread_blocked, id=68516, stack(0x000000565cd00000,0x000000565ce00000)]
  0x0000024f7fd1e800 JavaThread "SparkUI-37" daemon [_thread_blocked, id=179036, stack(0x000000565cc00000,0x000000565cd00000)]
  0x0000024f7fd19800 JavaThread "SparkUI-36-acceptor-0@2177e693-Spark@25486665{HTTP/1.1,[http/1.1]}{0.0.0.0:4042}" daemon [_thread_in_native, id=55804, stack(0x000000565cb00000,0x000000565cc00000)]
  0x0000024f7fd1b800 JavaThread "SparkUI-35" daemon [_thread_in_native, id=82492, stack(0x000000565ca00000,0x000000565cb00000)]
  0x0000024f7fd1a000 JavaThread "SparkUI-34" daemon [_thread_in_native, id=230792, stack(0x000000565c900000,0x000000565ca00000)]
  0x0000024f7e7fd800 JavaThread "SparkUI-33" daemon [_thread_blocked, id=36724, stack(0x000000565c800000,0x000000565c900000)]
  0x0000024f7e7fd000 JavaThread "SparkUI-32" daemon [_thread_blocked, id=113092, stack(0x000000565c700000,0x000000565c800000)]
  0x0000024f7e7ff000 JavaThread "SparkUI-31" daemon [_thread_blocked, id=84308, stack(0x000000565c600000,0x000000565c700000)]
  0x0000024f7e7fe800 JavaThread "SparkUI-30" daemon [_thread_in_native, id=185656, stack(0x000000565c500000,0x000000565c600000)]
  0x0000024f7e7fc000 JavaThread "RemoteBlock-temp-file-clean-thread" daemon [_thread_blocked, id=12340, stack(0x000000565c400000,0x000000565c500000)]
  0x0000024f7e7fb800 JavaThread "map-output-dispatcher-7" daemon [_thread_blocked, id=22392, stack(0x000000565c300000,0x000000565c400000)]
  0x0000024f7e800800 JavaThread "map-output-dispatcher-6" daemon [_thread_blocked, id=151344, stack(0x000000565c200000,0x000000565c300000)]
  0x0000024f7e801800 JavaThread "map-output-dispatcher-5" daemon [_thread_blocked, id=23116, stack(0x000000565c100000,0x000000565c200000)]
  0x0000024f7e7fa800 JavaThread "map-output-dispatcher-4" daemon [_thread_blocked, id=96860, stack(0x000000565c000000,0x000000565c100000)]
  0x0000024f7e800000 JavaThread "map-output-dispatcher-3" daemon [_thread_blocked, id=105796, stack(0x000000565bf00000,0x000000565c000000)]
  0x0000024f7ef74000 JavaThread "map-output-dispatcher-2" daemon [_thread_blocked, id=34032, stack(0x000000565be00000,0x000000565bf00000)]
  0x0000024f7ef73000 JavaThread "map-output-dispatcher-1" daemon [_thread_blocked, id=158048, stack(0x000000565bd00000,0x000000565be00000)]
  0x0000024f7ef6f000 JavaThread "map-output-dispatcher-0" daemon [_thread_blocked, id=144180, stack(0x000000565bc00000,0x000000565bd00000)]
  0x0000024f7fa21000 JavaThread "rpc-server-3-1" daemon [_thread_in_native, id=153920, stack(0x000000565bb00000,0x000000565bc00000)]
  0x0000024f7f9b9000 JavaThread "dispatcher-event-loop-5" daemon [_thread_blocked, id=179836, stack(0x000000565ba00000,0x000000565bb00000)]
  0x0000024f7f9b8000 JavaThread "dispatcher-event-loop-4" daemon [_thread_blocked, id=38548, stack(0x000000565b900000,0x000000565ba00000)]
  0x0000024f7f9b7800 JavaThread "dispatcher-event-loop-3" daemon [_thread_blocked, id=162116, stack(0x000000565b800000,0x000000565b900000)]
  0x0000024f7fb3b800 JavaThread "dispatcher-event-loop-2" daemon [_thread_blocked, id=60264, stack(0x000000565b700000,0x000000565b800000)]
  0x0000024f7fb3b000 JavaThread "dispatcher-event-loop-1" daemon [_thread_blocked, id=222384, stack(0x000000565b600000,0x000000565b700000)]
  0x0000024f7f9b5800 JavaThread "dispatcher-event-loop-0" daemon [_thread_blocked, id=149912, stack(0x000000565b500000,0x000000565b600000)]
  0x0000024f7ec9d800 JavaThread "Service Thread" daemon [_thread_blocked, id=189724, stack(0x000000565b300000,0x000000565b400000)]
  0x0000024f7ec98000 JavaThread "C1 CompilerThread2" daemon [_thread_blocked, id=210400, stack(0x000000565b200000,0x000000565b300000)]
=>0x0000024f7ec3d000 JavaThread "C2 CompilerThread1" daemon [_thread_in_native, id=97616, stack(0x000000565b100000,0x000000565b200000)]
  0x0000024f7ec3a800 JavaThread "C2 CompilerThread0" daemon [_thread_blocked, id=78612, stack(0x000000565b000000,0x000000565b100000)]
  0x0000024f7ec39000 JavaThread "Monitor Ctrl-Break" daemon [_thread_in_native, id=143568, stack(0x000000565af00000,0x000000565b000000)]
  0x0000024f7cd35800 JavaThread "Attach Listener" daemon [_thread_blocked, id=72380, stack(0x000000565ae00000,0x000000565af00000)]
  0x0000024f7cd35000 JavaThread "Signal Dispatcher" daemon [_thread_blocked, id=146076, stack(0x000000565ad00000,0x000000565ae00000)]
  0x0000024f68941000 JavaThread "Finalizer" daemon [_thread_blocked, id=148044, stack(0x000000565ac00000,0x000000565ad00000)]
  0x0000024f7ccb5000 JavaThread "Reference Handler" daemon [_thread_blocked, id=207060, stack(0x000000565ab00000,0x000000565ac00000)]
  0x0000024f688b0000 JavaThread "main" [_thread_in_native, id=109748, stack(0x000000565a300000,0x000000565a400000)]

Other Threads:
  0x0000024f7cc91800 VMThread [stack: 0x000000565aa00000,0x000000565ab00000] [id=86560]
  0x0000024f7ed62800 WatcherThread [stack: 0x000000565b400000,0x000000565b500000] [id=41504]

VM state:not at safepoint (normal execution)

VM Mutex/Monitor currently owned by a thread: None

heap address: 0x00000005c1000000, size: 8176 MB, Compressed Oops mode: Zero based, Oop shift amount: 3
Narrow klass base: 0x0000000000000000, Narrow klass shift: 3
Compressed class space size: 1073741824 Address: 0x00000007c0000000

Heap:
 PSYoungGen      total 909312K, used 49084K [0x0000000715b00000, 0x000000074f480000, 0x00000007c0000000)
  eden space 899072K, 4% used [0x0000000715b00000,0x0000000718111148,0x000000074c900000)
  from space 10240K, 98% used [0x000000074ea80000,0x000000074f45df38,0x000000074f480000)
  to   space 22016K, 0% used [0x000000074c980000,0x000000074c980000,0x000000074df00000)
 ParOldGen       total 172544K, used 17671K [0x00000005c1000000, 0x00000005cb880000, 0x0000000715b00000)
  object space 172544K, 10% used [0x00000005c1000000,0x00000005c2141ef8,0x00000005cb880000)
 Metaspace       used 67985K, capacity 68462K, committed 68736K, reserved 1107968K
  class space    used 10142K, capacity 10261K, committed 10368K, reserved 1048576K

Card table byte_map: [0x0000024f79540000,0x0000024f7a540000] byte_map_base: 0x0000024f76738000

Marking Bits: (ParMarkBitMap*) 0x000000006cd66ff0
 Begin Bits: [0x0000024f00000000, 0x0000024f07fc0000)
 End Bits:   [0x0000024f07fc0000, 0x0000024f0ff80000)

Polling page: 0x0000024f68970000

CodeCache: size=245760Kb used=20637Kb max_used=22084Kb free=225122Kb
 bounds [0x0000024f6a180000, 0x0000024f6b790000, 0x0000024f79180000]
 total_blobs=6934 nmethods=6323 adapters=520
 compilation: enabled

Compilation events (10 events):
Event: 25.146 Thread 0x0000024f7ec98000 nmethod 7830 0x0000024f6af10290 code [0x0000024f6af10500, 0x0000024f6af11740]
Event: 25.146 Thread 0x0000024f7ec98000 7832       3       org.apache.spark.sql.util.SchemaUtils$$anonfun$2::apply (9 bytes)
Event: 25.146 Thread 0x0000024f7ec98000 nmethod 7832 0x0000024f6b225d50 code [0x0000024f6b225ee0, 0x0000024f6b226410]
Event: 25.146 Thread 0x0000024f7ec98000 7831       3       org.apache.spark.sql.execution.SparkPlan$$anonfun$prepareSubqueries$1::apply (13 bytes)
Event: 25.147 Thread 0x0000024f7ec98000 nmethod 7831 0x0000024f6af13450 code [0x0000024f6af136c0, 0x0000024f6af14740]
Event: 25.149 Thread 0x0000024f7ec3a800 nmethod 7833 0x0000024f6b225290 code [0x0000024f6b225420, 0x0000024f6b225848]
Event: 25.149 Thread 0x0000024f7ec3a800 7835       4       java.lang.String::equals (81 bytes)
Event: 25.151 Thread 0x0000024f7ec3a800 nmethod 7835 0x0000024f6af0cf90 code [0x0000024f6af0d0e0, 0x0000024f6af0d338]
Event: 25.151 Thread 0x0000024f7ec3a800 7834       4       scala.collection.mutable.FlatHashTable$class::nnSizeMapAdd (34 bytes)
Event: 25.152 Thread 0x0000024f7ec3a800 nmethod 7834 0x0000024f6af0ccd0 code [0x0000024f6af0ce20, 0x0000024f6af0ceb8]

GC Heap History (10 events):
Event: 20.147 GC heap before
{Heap before GC invocations=7 (full 2):
 PSYoungGen      total 283136K, used 261632K [0x0000000715b00000, 0x0000000728480000, 0x00000007c0000000)
  eden space 261632K, 100% used [0x0000000715b00000,0x0000000725a80000,0x0000000725a80000)
  from space 21504K, 0% used [0x0000000726f80000,0x0000000726f80000,0x0000000728480000)
  to   space 21504K, 0% used [0x0000000725a80000,0x0000000725a80000,0x0000000726f80000)
 ParOldGen       total 154624K, used 12045K [0x00000005c1000000, 0x00000005ca700000, 0x0000000715b00000)
  object space 154624K, 7% used [0x00000005c1000000,0x00000005c1bc3650,0x00000005ca700000)
 Metaspace       used 53734K, capacity 54188K, committed 54528K, reserved 1095680K
  class space    used 7963K, capacity 8090K, committed 8192K, reserved 1048576K
Event: 20.228 GC heap after
Heap after GC invocations=7 (full 2):
 PSYoungGen      total 283136K, used 21490K [0x0000000715b00000, 0x0000000737600000, 0x00000007c0000000)
  eden space 261632K, 0% used [0x0000000715b00000,0x0000000715b00000,0x0000000725a80000)
  from space 21504K, 99% used [0x0000000725a80000,0x0000000726f7cb70,0x0000000726f80000)
  to   space 25088K, 0% used [0x0000000735d80000,0x0000000735d80000,0x0000000737600000)
 ParOldGen       total 154624K, used 12805K [0x00000005c1000000, 0x00000005ca700000, 0x0000000715b00000)
  object space 154624K, 8% used [0x00000005c1000000,0x00000005c1c81680,0x00000005ca700000)
 Metaspace       used 53734K, capacity 54188K, committed 54528K, reserved 1095680K
  class space    used 7963K, capacity 8090K, committed 8192K, reserved 1048576K
}
Event: 20.868 GC heap before
{Heap before GC invocations=8 (full 2):
 PSYoungGen      total 283136K, used 70869K [0x0000000715b00000, 0x0000000737600000, 0x00000007c0000000)
  eden space 261632K, 18% used [0x0000000715b00000,0x0000000718b38900,0x0000000725a80000)
  from space 21504K, 99% used [0x0000000725a80000,0x0000000726f7cb70,0x0000000726f80000)
  to   space 25088K, 0% used [0x0000000735d80000,0x0000000735d80000,0x0000000737600000)
 ParOldGen       total 154624K, used 12805K [0x00000005c1000000, 0x00000005ca700000, 0x0000000715b00000)
  object space 154624K, 8% used [0x00000005c1000000,0x00000005c1c81680,0x00000005ca700000)
 Metaspace       used 58445K, capacity 58834K, committed 59028K, reserved 1099776K
  class space    used 8775K, capacity 8891K, committed 8960K, reserved 1048576K
Event: 20.874 GC heap after
Heap after GC invocations=8 (full 2):
 PSYoungGen      total 514560K, used 8922K [0x0000000715b00000, 0x0000000736f80000, 0x00000007c0000000)
  eden space 496128K, 0% used [0x0000000715b00000,0x0000000715b00000,0x0000000733f80000)
  from space 18432K, 48% used [0x0000000735d80000,0x0000000736636948,0x0000000736f80000)
  to   space 24576K, 0% used [0x0000000733f80000,0x0000000733f80000,0x0000000735780000)
 ParOldGen       total 154624K, used 12813K [0x00000005c1000000, 0x00000005ca700000, 0x0000000715b00000)
  object space 154624K, 8% used [0x00000005c1000000,0x00000005c1c83680,0x00000005ca700000)
 Metaspace       used 58445K, capacity 58834K, committed 59028K, reserved 1099776K
  class space    used 8775K, capacity 8891K, committed 8960K, reserved 1048576K
}
Event: 20.874 GC heap before
{Heap before GC invocations=9 (full 3):
 PSYoungGen      total 514560K, used 8922K [0x0000000715b00000, 0x0000000736f80000, 0x00000007c0000000)
  eden space 496128K, 0% used [0x0000000715b00000,0x0000000715b00000,0x0000000733f80000)
  from space 18432K, 48% used [0x0000000735d80000,0x0000000736636948,0x0000000736f80000)
  to   space 24576K, 0% used [0x0000000733f80000,0x0000000733f80000,0x0000000735780000)
 ParOldGen       total 154624K, used 12813K [0x00000005c1000000, 0x00000005ca700000, 0x0000000715b00000)
  object space 154624K, 8% used [0x00000005c1000000,0x00000005c1c83680,0x00000005ca700000)
 Metaspace       used 58445K, capacity 58834K, committed 59028K, reserved 1099776K
  class space    used 8775K, capacity 8891K, committed 8960K, reserved 1048576K
Event: 20.963 GC heap after
Heap after GC invocations=9 (full 3):
 PSYoungGen      total 514560K, used 0K [0x0000000715b00000, 0x0000000736f80000, 0x00000007c0000000)
  eden space 496128K, 0% used [0x0000000715b00000,0x0000000715b00000,0x0000000733f80000)
  from space 18432K, 0% used [0x0000000735d80000,0x0000000735d80000,0x0000000736f80000)
  to   space 24576K, 0% used [0x0000000733f80000,0x0000000733f80000,0x0000000735780000)
 ParOldGen       total 172544K, used 17663K [0x00000005c1000000, 0x00000005cb880000, 0x0000000715b00000)
  object space 172544K, 10% used [0x00000005c1000000,0x00000005c213fef8,0x00000005cb880000)
 Metaspace       used 58442K, capacity 58828K, committed 59028K, reserved 1099776K
  class space    used 8775K, capacity 8890K, committed 8960K, reserved 1048576K
}
Event: 23.869 GC heap before
{Heap before GC invocations=10 (full 3):
 PSYoungGen      total 514560K, used 496128K [0x0000000715b00000, 0x0000000736f80000, 0x00000007c0000000)
  eden space 496128K, 100% used [0x0000000715b00000,0x0000000733f80000,0x0000000733f80000)
  from space 18432K, 0% used [0x0000000735d80000,0x0000000735d80000,0x0000000736f80000)
  to   space 24576K, 0% used [0x0000000733f80000,0x0000000733f80000,0x0000000735780000)
 ParOldGen       total 172544K, used 17663K [0x00000005c1000000, 0x00000005cb880000, 0x0000000715b00000)
  object space 172544K, 10% used [0x00000005c1000000,0x00000005c213fef8,0x00000005cb880000)
 Metaspace       used 66968K, capacity 67436K, committed 67584K, reserved 1105920K
  class space    used 10061K, capacity 10186K, committed 10240K, reserved 1048576K
Event: 23.918 GC heap after
Heap after GC invocations=10 (full 3):
 PSYoungGen      total 520704K, used 12743K [0x0000000715b00000, 0x0000000750100000, 0x00000007c0000000)
  eden space 496128K, 0% used [0x0000000715b00000,0x0000000715b00000,0x0000000733f80000)
  from space 24576K, 51% used [0x0000000733f80000,0x0000000734bf1e60,0x0000000735780000)
  to   space 23040K, 0% used [0x000000074ea80000,0x000000074ea80000,0x0000000750100000)
 ParOldGen       total 172544K, used 17663K [0x00000005c1000000, 0x00000005cb880000, 0x0000000715b00000)
  object space 172544K, 10% used [0x00000005c1000000,0x00000005c213fef8,0x00000005cb880000)
 Metaspace       used 66968K, capacity 67436K, committed 67584K, reserved 1105920K
  class space    used 10061K, capacity 10186K, committed 10240K, reserved 1048576K
}
Event: 25.041 GC heap before
{Heap before GC invocations=11 (full 3):
 PSYoungGen      total 520704K, used 508871K [0x0000000715b00000, 0x0000000750100000, 0x00000007c0000000)
  eden space 496128K, 100% used [0x0000000715b00000,0x0000000733f80000,0x0000000733f80000)
  from space 24576K, 51% used [0x0000000733f80000,0x0000000734bf1e60,0x0000000735780000)
  to   space 23040K, 0% used [0x000000074ea80000,0x000000074ea80000,0x0000000750100000)
 ParOldGen       total 172544K, used 17663K [0x00000005c1000000, 0x00000005cb880000, 0x0000000715b00000)
  object space 172544K, 10% used [0x00000005c1000000,0x00000005c213fef8,0x00000005cb880000)
 Metaspace       used 67825K, capacity 68334K, committed 68736K, reserved 1107968K
  class space    used 10124K, capacity 10261K, committed 10368K, reserved 1048576K
Event: 25.078 GC heap after
Heap after GC invocations=11 (full 3):
 PSYoungGen      total 909312K, used 10103K [0x0000000715b00000, 0x000000074f480000, 0x00000007c0000000)
  eden space 899072K, 0% used [0x0000000715b00000,0x0000000715b00000,0x000000074c900000)
  from space 10240K, 98% used [0x000000074ea80000,0x000000074f45df38,0x000000074f480000)
  to   space 22016K, 0% used [0x000000074c980000,0x000000074c980000,0x000000074df00000)
 ParOldGen       total 172544K, used 17671K [0x00000005c1000000, 0x00000005cb880000, 0x0000000715b00000)
  object space 172544K, 10% used [0x00000005c1000000,0x00000005c2141ef8,0x00000005cb880000)
 Metaspace       used 67825K, capacity 68334K, committed 68736K, reserved 1107968K
  class space    used 10124K, capacity 10261K, committed 10368K, reserved 1048576K
}

Deoptimization events (10 events):
Event: 24.994 Thread 0x0000024f688b0000 Uncommon trap: reason=bimorphic action=maybe_recompile pc=0x0000024f6ac7b994 method=scala.collection.Iterator$class.forall(Lscala/collection/Iterator;Lscala/Function1;)Z @ 17
Event: 25.037 Thread 0x0000024f688b0000 Uncommon trap: reason=class_check action=maybe_recompile pc=0x0000024f6a2016c8 method=java.lang.String.equals(Ljava/lang/Object;)Z @ 8
Event: 25.103 Thread 0x0000024f688b0000 Uncommon trap: reason=bimorphic action=maybe_recompile pc=0x0000024f6b15735c method=java.util.regex.Matcher.search(I)Z @ 86
Event: 25.103 Thread 0x0000024f688b0000 Uncommon trap: reason=bimorphic action=maybe_recompile pc=0x0000024f6b15735c method=java.util.regex.Matcher.search(I)Z @ 86
Event: 25.103 Thread 0x0000024f688b0000 Uncommon trap: reason=bimorphic action=maybe_recompile pc=0x0000024f6b15735c method=java.util.regex.Matcher.search(I)Z @ 86
Event: 25.103 Thread 0x0000024f688b0000 Uncommon trap: reason=bimorphic action=maybe_recompile pc=0x0000024f6b15735c method=java.util.regex.Matcher.search(I)Z @ 86
Event: 25.153 Thread 0x0000024f7fd26000 Uncommon trap: reason=unstable_if action=reinterpret pc=0x0000024f6a6cda88 method=scala.collection.immutable.Map$Map1.updated(Ljava/lang/Object;Ljava/lang/Object;)Lscala/collection/immutable/Map; @ 26
Event: 25.153 Thread 0x0000024f7fd26000 Uncommon trap: reason=unstable_if action=reinterpret pc=0x0000024f6a5585e8 method=scala.collection.immutable.Map$Map2.updated(Ljava/lang/Object;Ljava/lang/Object;)Lscala/collection/immutable/Map; @ 26
Event: 25.153 Thread 0x0000024f7fd26000 Uncommon trap: reason=unstable_if action=reinterpret pc=0x0000024f6afab1c4 method=scala.collection.immutable.Map$Map3.updated(Ljava/lang/Object;Ljava/lang/Object;)Lscala/collection/immutable/Map; @ 26
Event: 25.153 Thread 0x0000024f7fd26000 Uncommon trap: reason=unstable_if action=reinterpret pc=0x0000024f6af84438 method=scala.collection.immutable.Map$Map4.updated(Ljava/lang/Object;Ljava/lang/Object;)Lscala/collection/immutable/Map; @ 26

Classes redefined (0 events):
No events

Internal exceptions (10 events):
Event: 20.819 Thread 0x0000024f688b0000 Exception <a 'java/lang/ClassNotFoundException': java/rmi> (0x0000000718661de8) thrown at [C:\jenkins\workspace\8-2-build-windows-amd64-cygwin\jdk8u281\880\hotspot\src\share\vm\classfile\systemDictionary.cpp, line 212]
Event: 20.820 Thread 0x0000024f688b0000 Exception <a 'java/lang/ClassNotFoundException': java/rmi/package> (0x0000000718662d70) thrown at [C:\jenkins\workspace\8-2-build-windows-amd64-cygwin\jdk8u281\880\hotspot\src\share\vm\classfile\systemDictionary.cpp, line 212]
Event: 20.829 Thread 0x0000024f688b0000 Exception <a 'java/lang/ClassNotFoundException': scala/reflect/ScalaSignature> (0x0000000718729bb8) thrown at [C:\jenkins\workspace\8-2-build-windows-amd64-cygwin\jdk8u281\880\hotspot\src\share\vm\classfile\systemDictionary.cpp, line 212]
Event: 20.829 Thread 0x0000024f688b0000 Exception <a 'java/lang/ClassNotFoundException': scala/reflect/ScalaLongSignature> (0x000000071872a248) thrown at [C:\jenkins\workspace\8-2-build-windows-amd64-cygwin\jdk8u281\880\hotspot\src\share\vm\classfile\systemDictionary.cpp, line 212]
Event: 20.834 Thread 0x0000024f688b0000 Exception <a 'java/lang/ClassNotFoundException': java/lang/ref> (0x000000071877dfe8) thrown at [C:\jenkins\workspace\8-2-build-windows-amd64-cygwin\jdk8u281\880\hotspot\src\share\vm\classfile\systemDictionary.cpp, line 212]
Event: 20.834 Thread 0x0000024f688b0000 Exception <a 'java/lang/ClassNotFoundException': java/lang/ref/package> (0x000000071877f7e8) thrown at [C:\jenkins\workspace\8-2-build-windows-amd64-cygwin\jdk8u281\880\hotspot\src\share\vm\classfile\systemDictionary.cpp, line 212]
Event: 21.024 Thread 0x0000024f688b0000 Exception <a 'java/lang/ClassNotFoundException': java/lang/invoke> (0x0000000716197c70) thrown at [C:\jenkins\workspace\8-2-build-windows-amd64-cygwin\jdk8u281\880\hotspot\src\share\vm\classfile\systemDictionary.cpp, line 212]
Event: 21.025 Thread 0x0000024f688b0000 Exception <a 'java/lang/ClassNotFoundException': java/lang/invoke/package> (0x0000000716198b90) thrown at [C:\jenkins\workspace\8-2-build-windows-amd64-cygwin\jdk8u281\880\hotspot\src\share\vm\classfile\systemDictionary.cpp, line 212]
Event: 21.354 Thread 0x0000024f688b0000 Exception <a 'java/lang/ClassNotFoundException': java/lang/annotation> (0x0000000716566048) thrown at [C:\jenkins\workspace\8-2-build-windows-amd64-cygwin\jdk8u281\880\hotspot\src\share\vm\classfile\systemDictionary.cpp, line 212]
Event: 21.355 Thread 0x0000024f688b0000 Exception <a 'java/lang/ClassNotFoundException': java/lang/annotation/package> (0x0000000716566f70) thrown at [C:\jenkins\workspace\8-2-build-windows-amd64-cygwin\jdk8u281\880\hotspot\src\share\vm\classfile\systemDictionary.cpp, line 212]

Events (10 events):
Event: 25.153 Thread 0x0000024f7fd26000 DEOPT UNPACKING pc=0x0000024f6a1c5843 sp=0x000000565d9fe698 mode 2
Event: 25.153 Thread 0x0000024f7fd26000 Uncommon trap: trap_request=0xffffff65 fr.pc=0x0000024f6a5585e8
Event: 25.153 Thread 0x0000024f7fd26000 DEOPT PACKING pc=0x0000024f6a5585e8 sp=0x000000565d9fe7b0
Event: 25.153 Thread 0x0000024f7fd26000 DEOPT UNPACKING pc=0x0000024f6a1c5843 sp=0x000000565d9fe690 mode 2
Event: 25.153 Thread 0x0000024f7fd26000 Uncommon trap: trap_request=0xffffff65 fr.pc=0x0000024f6afab1c4
Event: 25.153 Thread 0x0000024f7fd26000 DEOPT PACKING pc=0x0000024f6afab1c4 sp=0x000000565d9fe780
Event: 25.153 Thread 0x0000024f7fd26000 DEOPT UNPACKING pc=0x0000024f6a1c5843 sp=0x000000565d9fe718 mode 2
Event: 25.153 Thread 0x0000024f7fd26000 Uncommon trap: trap_request=0xffffff65 fr.pc=0x0000024f6af84438
Event: 25.153 Thread 0x0000024f7fd26000 DEOPT PACKING pc=0x0000024f6af84438 sp=0x000000565d9fe750
Event: 25.153 Thread 0x0000024f7fd26000 DEOPT UNPACKING pc=0x0000024f6a1c5843 sp=0x000000565d9fe710 mode 2


Dynamic libraries:
0x00007ff679130000 - 0x00007ff679177000 	D:\jdk\bin\java.exe
0x00007ffd06770000 - 0x00007ffd06968000 	C:\WINDOWS\SYSTEM32\ntdll.dll
0x00007ffd051b0000 - 0x00007ffd05272000 	C:\WINDOWS\System32\KERNEL32.DLL
0x00007ffd04230000 - 0x00007ffd0452e000 	C:\WINDOWS\System32\KERNELBASE.dll
0x00007ffd05800000 - 0x00007ffd058b1000 	C:\WINDOWS\System32\ADVAPI32.dll
0x00007ffd05540000 - 0x00007ffd055de000 	C:\WINDOWS\System32\msvcrt.dll
0x00007ffd04790000 - 0x00007ffd0482f000 	C:\WINDOWS\System32\sechost.dll
0x00007ffd05af0000 - 0x00007ffd05c13000 	C:\WINDOWS\System32\RPCRT4.dll
0x00007ffd04170000 - 0x00007ffd04197000 	C:\WINDOWS\System32\bcrypt.dll
0x00007ffd055e0000 - 0x00007ffd0577d000 	C:\WINDOWS\System32\USER32.dll
0x00007ffd040f0000 - 0x00007ffd04112000 	C:\WINDOWS\System32\win32u.dll
0x00007ffd04ca0000 - 0x00007ffd04ccb000 	C:\WINDOWS\System32\GDI32.dll
0x00007ffd03e10000 - 0x00007ffd03f27000 	C:\WINDOWS\System32\gdi32full.dll
0x00007ffd04050000 - 0x00007ffd040ed000 	C:\WINDOWS\System32\msvcp_win.dll
0x00007ffd04530000 - 0x00007ffd04630000 	C:\WINDOWS\System32\ucrtbase.dll
0x00007ffcee760000 - 0x00007ffcee9fa000 	C:\WINDOWS\WinSxS\amd64_microsoft.windows.common-controls_6595b64144ccf1df_6.0.19041.4355_none_60b8b9eb71f62e16\COMCTL32.dll
0x00007ffd05c20000 - 0x00007ffd05c4f000 	C:\WINDOWS\System32\IMM32.DLL
0x00007ffcfa6a0000 - 0x00007ffcfa6b5000 	D:\jdk\jre\bin\vcruntime140.dll
0x00007ffcf20a0000 - 0x00007ffcf213b000 	D:\jdk\jre\bin\msvcp140.dll
0x000000006c580000 - 0x000000006cddf000 	D:\jdk\jre\bin\server\jvm.dll
0x00007ffd058c0000 - 0x00007ffd058c8000 	C:\WINDOWS\System32\PSAPI.DLL
0x00007ffcf6a80000 - 0x00007ffcf6a89000 	C:\WINDOWS\SYSTEM32\WSOCK32.dll
0x00007ffd05e60000 - 0x00007ffd05ecb000 	C:\WINDOWS\System32\WS2_32.dll
0x00007ffcfc810000 - 0x00007ffcfc837000 	C:\WINDOWS\SYSTEM32\WINMM.dll
0x00007ffcfebc0000 - 0x00007ffcfebca000 	C:\WINDOWS\SYSTEM32\VERSION.dll
0x00007ffd01bd0000 - 0x00007ffd01be2000 	C:\WINDOWS\SYSTEM32\kernel.appcore.dll
0x00007ffd013a0000 - 0x00007ffd013b0000 	D:\jdk\jre\bin\verify.dll
0x00007ffcfa660000 - 0x00007ffcfa68b000 	D:\jdk\jre\bin\java.dll
0x00007ffcf5840000 - 0x00007ffcf5870000 	D:\jdk\jre\bin\instrument.dll
0x00007ffcfa5f0000 - 0x00007ffcfa608000 	D:\jdk\jre\bin\zip.dll
0x00007ffd05ee0000 - 0x00007ffd0664d000 	C:\WINDOWS\System32\SHELL32.dll
0x00007ffd01eb0000 - 0x00007ffd02654000 	C:\WINDOWS\SYSTEM32\windows.storage.dll
0x00007ffd04cd0000 - 0x00007ffd05023000 	C:\WINDOWS\System32\combase.dll
0x00007ffd03770000 - 0x00007ffd0379e000 	C:\WINDOWS\SYSTEM32\Wldp.dll
0x00007ffd05440000 - 0x00007ffd0550d000 	C:\WINDOWS\System32\OLEAUT32.dll
0x00007ffd05930000 - 0x00007ffd059dd000 	C:\WINDOWS\System32\SHCORE.dll
0x00007ffd05c50000 - 0x00007ffd05ca5000 	C:\WINDOWS\System32\shlwapi.dll
0x00007ffd03d40000 - 0x00007ffd03d64000 	C:\WINDOWS\SYSTEM32\profapi.dll
0x00007ffcf5dd0000 - 0x00007ffcf5dea000 	D:\idea\IntelliJ IDEA 2020.1\bin\breakgen64.dll
0x00007ffcfa220000 - 0x00007ffcfa23c000 	D:\jdk\jre\bin\net.dll
0x00007ffd034d0000 - 0x00007ffd0353a000 	C:\WINDOWS\system32\mswsock.dll
0x00007ffcef340000 - 0x00007ffcef357000 	C:\WINDOWS\system32\napinsp.dll
0x00007ffcef320000 - 0x00007ffcef33b000 	C:\WINDOWS\system32\pnrpnsp.dll
0x00007ffcef300000 - 0x00007ffcef315000 	C:\WINDOWS\system32\wshbth.dll
0x00007ffd00c40000 - 0x00007ffd00c5d000 	C:\WINDOWS\system32\NLAapi.dll
0x00007ffd031b0000 - 0x00007ffd031eb000 	C:\WINDOWS\SYSTEM32\IPHLPAPI.DLL
0x00007ffd031f0000 - 0x00007ffd032ba000 	C:\WINDOWS\SYSTEM32\DNSAPI.dll
0x00007ffd05ed0000 - 0x00007ffd05ed8000 	C:\WINDOWS\System32\NSI.dll
0x00007ffcef2e0000 - 0x00007ffcef2f2000 	C:\WINDOWS\System32\winrnr.dll
0x00007ffcfddd0000 - 0x00007ffcfddda000 	C:\Windows\System32\rasadhlp.dll
0x00007ffcfdaa0000 - 0x00007ffcfdb20000 	C:\WINDOWS\System32\fwpuclnt.dll
0x00007ffcf6e60000 - 0x00007ffcf6e6d000 	D:\jdk\jre\bin\management.dll
0x00007ffcf6c00000 - 0x00007ffcf6c0a000 	D:\jdk\jre\bin\w2k_lsa_auth.dll
0x00007ffcf29a0000 - 0x00007ffcf29ac000 	C:\WINDOWS\SYSTEM32\Secur32.dll
0x00007ffd03cc0000 - 0x00007ffd03cf2000 	C:\WINDOWS\SYSTEM32\SSPICLI.DLL
0x00007ffcf58c0000 - 0x00007ffcf58dc000 	C:\Windows\System32\hadoop.dll
0x000000006d200000 - 0x000000006d2d2000 	C:\WINDOWS\SYSTEM32\MSVCR100.dll
0x00007ffd02b10000 - 0x00007ffd02b5f000 	C:\WINDOWS\SYSTEM32\AUTHZ.dll
0x00007ffcefa60000 - 0x00007ffcefa79000 	C:\WINDOWS\SYSTEM32\NETAPI32.dll
0x00007ffd03310000 - 0x00007ffd0331c000 	C:\WINDOWS\SYSTEM32\NETUTILS.DLL
0x00007ffcf9ae0000 - 0x00007ffcf9af9000 	C:\WINDOWS\SYSTEM32\SAMCLI.DLL
0x00007ffcf6500000 - 0x00007ffcf6509000 	D:\jdk\jre\bin\jaas_nt.dll
0x00007ffcf5cc0000 - 0x00007ffcf5cd3000 	D:\jdk\jre\bin\nio.dll
0x00007ffd036c0000 - 0x00007ffd036d8000 	C:\WINDOWS\SYSTEM32\CRYPTSP.dll
0x00007ffd02df0000 - 0x00007ffd02e24000 	C:\WINDOWS\system32\rsaenh.dll
0x00007ffd03d00000 - 0x00007ffd03d2e000 	C:\WINDOWS\SYSTEM32\USERENV.dll
0x00007ffd041a0000 - 0x00007ffd04222000 	C:\WINDOWS\System32\bcryptprimitives.dll
0x00007ffd036e0000 - 0x00007ffd036ec000 	C:\WINDOWS\SYSTEM32\CRYPTBASE.dll
0x00007ffcfeca0000 - 0x00007ffcfecb7000 	C:\WINDOWS\SYSTEM32\dhcpcsvc6.DLL
0x00007ffcfeb80000 - 0x00007ffcfeb9d000 	C:\WINDOWS\SYSTEM32\dhcpcsvc.DLL
0x0000000069140000 - 0x0000000069207000 	D:\Temp\snappy-1.1.7-7e6bb922-abf0-42ea-86ad-df64549e88fd-snappyjava.dll
0x00007ffcfbed0000 - 0x00007ffcfc0b4000 	C:\WINDOWS\SYSTEM32\dbghelp.dll

VM Arguments:
jvm_args: -javaagent:D:\idea\IntelliJ IDEA 2020.1\lib\idea_rt.jar=64587:D:\idea\IntelliJ IDEA 2020.1\bin -Dfile.encoding=UTF-8 
java_command: spark.adata.dwd.SparkMakeWideTableIncrement
java_class_path (initial): D:\jdk\jre\lib\charsets.jar;D:\jdk\jre\lib\deploy.jar;D:\jdk\jre\lib\ext\access-bridge-64.jar;D:\jdk\jre\lib\ext\cldrdata.jar;D:\jdk\jre\lib\ext\dnsns.jar;D:\jdk\jre\lib\ext\jaccess.jar;D:\jdk\jre\lib\ext\jfxrt.jar;D:\jdk\jre\lib\ext\localedata.jar;D:\jdk\jre\lib\ext\nashorn.jar;D:\jdk\jre\lib\ext\sunec.jar;D:\jdk\jre\lib\ext\sunjce_provider.jar;D:\jdk\jre\lib\ext\sunmscapi.jar;D:\jdk\jre\lib\ext\sunpkcs11.jar;D:\jdk\jre\lib\ext\zipfs.jar;D:\jdk\jre\lib\javaws.jar;D:\jdk\jre\lib\jce.jar;D:\jdk\jre\lib\jfr.jar;D:\jdk\jre\lib\jfxswt.jar;D:\jdk\jre\lib\jsse.jar;D:\jdk\jre\lib\management-agent.jar;D:\jdk\jre\lib\plugin.jar;D:\jdk\jre\lib\resources.jar;D:\jdk\jre\lib\rt.jar;E:\workspace\bigdata\target\classes;D:\software\scala\lib\scala-library.jar;D:\software\scala\lib\scala-reflect.jar;E:\maven\maven-repository\org\apache\spark\spark-core_2.11\2.4.4\spark-core_2.11-2.4.4.jar;E:\maven\maven-repository\com\thoughtworks\paranamer\paranamer\2.8\paranamer-2.8.jar;E:\maven\maven-repository\org\apache\avro\avro\1.8.2\avro-1.8.2.jar;E:\maven\maven-repository\org\codehaus\jackson\jackson-core-asl\1.9.13\jackson-core-asl-1.9.13.jar;E:\maven\maven-repository\org\codehaus\jackson\jackson-mapper-asl\1.9.13\jackson-mapper-asl-1.9.13.jar;E:\maven\maven-repository\org\tukaani\xz\1.5\xz-1.5.jar;E:\maven\maven-repository\org\apache\avro\avro-mapred\1.8.2\avro-mapred-1.8.2-hadoop2.jar;E:\maven\maven-repository\org\apache\avro\avro-ipc\1.8.2\avro-ipc-1.8.2.jar;E:\maven\maven-repository\commons-codec\commons-codec\1.9\commons-codec-1.9.jar;E:\maven\maven-repository\com\twitter\chill_2.11\0.9.3\chill_2.11-0.9.3.jar;E:\maven\maven-repository\com\esotericsoftware\kryo-shaded\4.0.2\kryo-shaded-4.0.2.jar;E:\maven\maven-repository\com\esotericsoftware\minlog\1.3.0\minlog-1.3.0.jar;E:\maven\maven-repository\org\objenesis\objenesis\2.5.1\objenesis-2.5.1.jar;E:\maven\maven-repository\com\twitter\chill-java\0.9.3\chill-java-0.9.3.jar;E:\maven\maven-repository\org\apache\
Launcher Type: SUN_STANDARD

Environment Variables:
PATH=C:\WINDOWS\system32;C:\WINDOWS;C:\WINDOWS\System32\Wbem;C:\WINDOWS\System32\WindowsPowerShell\v1.0\;C:\WINDOWS\System32\OpenSSH\;C:\Program Files (x86)\NVIDIA Corporation\PhysX\Common;C:\Program Files\NVIDIA Corporation\NVIDIA NvDLISR;D:\jdk\bin;E:\maven\apache-maven-3.6.3\bin;D:\nodejs\;D:\nodejs\npm;D:\python_install\py3.7\;D:\python_install\py3.7\Scripts;D:\software\scala\bin;C:\Program Files\Git\cmd;D:\python_install\py3.7\Scripts\;D:\python_install\py3.7\;C:\Program Files\MySQL\MySQL Shell 8.0\bin\;C:\Users\Administrator\AppData\Roaming\npm;F:\gs\hadoop\hadoop-2.9.2\bin;F:\gs\hadoop\hadoop-2.9.2\sbin;
USERNAME=Administrator
OS=Windows_NT
PROCESSOR_IDENTIFIER=Intel64 Family 6 Model 158 Stepping 10, GenuineIntel



---------------  S Y S T E M  ---------------

OS: Windows 10.0 , 64 bit Build 19041 (10.0.19041.5198)

CPU:total 6 (initial active 6) (6 cores per cpu, 1 threads per core) family 6 model 158 stepping 10, cmov, cx8, fxsr, mmx, sse, sse2, sse3, ssse3, sse4.1, sse4.2, popcnt, avx, avx2, aes, clmul, erms, 3dnowpref, lzcnt, tsc, tscinvbit, bmi1, bmi2, adx

Memory: 4k page, physical 33487384k(1631388k free), swap 46520576k(18836k free)

vm_info: Java HotSpot(TM) 64-Bit Server VM (25.281-b09) for windows-amd64 JRE (1.8.0_281-b09), built on Dec  9 2020 13:54:07 by "" with MS VC++ 15.9 (VS2017)

time: Thu Feb 27 01:57:45 2025
timezone: 中国标准时间
elapsed time: 25.423859 seconds (0d 0h 0m 25s)

