#
# There is insufficient memory for the Java Runtime Environment to continue.
# Native memory allocation (malloc) failed to allocate 821776 bytes for Chunk::new
# Possible reasons:
#   The system is out of physical RAM or swap space
#   The process is running with CompressedOops enabled, and the Java Heap may be blocking the growth of the native heap
# Possible solutions:
#   Reduce memory load on the system
#   Increase physical memory or swap space
#   Check if swap backing store is full
#   Decrease Java heap size (-Xmx/-Xms)
#   Decrease number of Java threads
#   Decrease Java thread stack sizes (-Xss)
#   Set larger code cache with -XX:ReservedCodeCacheSize=
#   JVM is running with Zero Based Compressed Oops mode in which the Java heap is
#     placed in the first 32GB address space. The Java Heap base address is the
#     maximum limit for the native heap growth. Please use -XX:HeapBaseMinAddress
#     to set the Java Heap base and to place the Java Heap above 32GB virtual address.
# This output file may be truncated or incomplete.
#
#  Out of Memory Error (allocation.cpp:389), pid=155856, tid=0x000000000000f10c
#
# JRE version: Java(TM) SE Runtime Environment (8.0_281-b09) (build 1.8.0_281-b09)
# Java VM: Java HotSpot(TM) 64-Bit Server VM (25.281-b09 mixed mode windows-amd64 compressed oops)
# Failed to write core dump. Minidumps are not enabled by default on client versions of Windows
#

---------------  T H R E A D  ---------------

Current thread (0x000001745e5c8800):  JavaThread "C2 CompilerThread0" daemon [_thread_in_native, id=61708, stack(0x0000005f4fe00000,0x0000005f4ff00000)]

Stack: [0x0000005f4fe00000,0x0000005f4ff00000]
Native frames: (J=compiled Java code, j=interpreted, Vv=VM code, C=native code)
V  [jvm.dll+0x32e5b9]
V  [jvm.dll+0x275012]
V  [jvm.dll+0x275cbd]
V  [jvm.dll+0x26c6f5]
V  [jvm.dll+0xd51fc]
V  [jvm.dll+0xd59fc]
V  [jvm.dll+0x4523f2]
V  [jvm.dll+0x48d85d]
V  [jvm.dll+0x4423f1]
V  [jvm.dll+0x43f664]
V  [jvm.dll+0x42a5e7]
V  [jvm.dll+0xabe9b]
V  [jvm.dll+0xaa4fb]
V  [jvm.dll+0x23d6b2]
V  [jvm.dll+0x291cbc]
C  [ucrtbase.dll+0x21bb2]
C  [KERNEL32.DLL+0x17374]
C  [ntdll.dll+0x4cc91]


Current CompileTask:
C2:  58154 7186       4       org.codehaus.janino.Parser::parsePrimary (987 bytes)


---------------  P R O C E S S  ---------------

Java Threads: ( => current thread )
  0x000001746060f000 JavaThread "org.apache.hadoop.fs.FileSystem$Statistics$StatisticsDataReferenceCleaner" daemon [_thread_blocked, id=137588, stack(0x0000005f53000000,0x0000005f53100000)]
  0x0000017460612000 JavaThread "mysql-cj-abandoned-connection-cleanup" daemon [_thread_blocked, id=6484, stack(0x0000005f52e00000,0x0000005f52f00000)]
  0x000001746060e800 JavaThread "spark-listener-group-streams" daemon [_thread_blocked, id=192332, stack(0x0000005f52c00000,0x0000005f52d00000)]
  0x000001745ecc1800 JavaThread "spark-listener-group-shared" daemon [_thread_blocked, id=236168, stack(0x0000005f52b00000,0x0000005f52c00000)]
  0x000001745ecbc800 JavaThread "element-tracking-store-worker" daemon [_thread_blocked, id=117028, stack(0x0000005f52a00000,0x0000005f52b00000)]
  0x000001745ecc1000 JavaThread "spark-listener-group-executorManagement" daemon [_thread_blocked, id=57152, stack(0x0000005f52900000,0x0000005f52a00000)]
  0x000001745ecc0000 JavaThread "spark-listener-group-appStatus" daemon [_thread_blocked, id=65528, stack(0x0000005f52800000,0x0000005f52900000)]
  0x000001745ecbd000 JavaThread "context-cleaner-periodic-gc" daemon [_thread_blocked, id=144580, stack(0x0000005f52700000,0x0000005f52800000)]
  0x000001745ecbe000 JavaThread "Spark Context Cleaner" daemon [_thread_blocked, id=213720, stack(0x0000005f52600000,0x0000005f52700000)]
  0x000001745ecbf800 JavaThread "shuffle-server-5-1" daemon [_thread_in_native, id=121900, stack(0x0000005f52500000,0x0000005f52600000)]
  0x000001745ecbe800 JavaThread "driver-heartbeater" daemon [_thread_blocked, id=124336, stack(0x0000005f52400000,0x0000005f52500000)]
  0x000001745ecb7000 JavaThread "dag-scheduler-event-loop" daemon [_thread_blocked, id=151776, stack(0x0000005f52300000,0x0000005f52400000)]
  0x000001745ecb4000 JavaThread "netty-rpc-env-timeout" daemon [_thread_blocked, id=63320, stack(0x0000005f52200000,0x0000005f52300000)]
  0x000001745ecbb000 JavaThread "Timer-1" daemon [_thread_blocked, id=192996, stack(0x0000005f52100000,0x0000005f52200000)]
  0x000001745ecb3800 JavaThread "Timer-0" daemon [_thread_blocked, id=189284, stack(0x0000005f52000000,0x0000005f52100000)]
  0x000001745ecb5000 JavaThread "heartbeat-receiver-event-loop-thread" daemon [_thread_blocked, id=98172, stack(0x0000005f51a00000,0x0000005f51b00000)]
  0x000001745ecba000 JavaThread "SparkUI-41" daemon [_thread_blocked, id=37984, stack(0x0000005f51f00000,0x0000005f52000000)]
  0x000001745ecb2800 JavaThread "SparkUI-40" daemon [_thread_blocked, id=186672, stack(0x0000005f51e00000,0x0000005f51f00000)]
  0x000001745ecb9800 JavaThread "SparkUI-39" daemon [_thread_blocked, id=139188, stack(0x0000005f51d00000,0x0000005f51e00000)]
  0x000001745ecb8000 JavaThread "SparkUI-38" daemon [_thread_blocked, id=84432, stack(0x0000005f51c00000,0x0000005f51d00000)]
  0x000001745ecb6800 JavaThread "SparkUI-37" daemon [_thread_blocked, id=90516, stack(0x0000005f51b00000,0x0000005f51c00000)]
  0x000001745ecb8800 JavaThread "SparkUI-35" daemon [_thread_in_native, id=97084, stack(0x0000005f51900000,0x0000005f51a00000)]
  0x000001745ecb5800 JavaThread "SparkUI-34" daemon [_thread_in_native, id=108984, stack(0x0000005f51800000,0x0000005f51900000)]
  0x000001745e68c800 JavaThread "SparkUI-33-acceptor-0@47ce0992-Spark@43f195b3{HTTP/1.1,[http/1.1]}{0.0.0.0:4042}" daemon [_thread_in_native, id=181020, stack(0x0000005f51700000,0x0000005f51800000)]
  0x000001745e68e000 JavaThread "SparkUI-32" daemon [_thread_blocked, id=12588, stack(0x0000005f51600000,0x0000005f51700000)]
  0x000001745e68c000 JavaThread "SparkUI-31" daemon [_thread_blocked, id=116140, stack(0x0000005f51500000,0x0000005f51600000)]
  0x000001745e68a800 JavaThread "SparkUI-30" daemon [_thread_in_native, id=29940, stack(0x0000005f51400000,0x0000005f51500000)]
  0x000001745e68f000 JavaThread "RemoteBlock-temp-file-clean-thread" daemon [_thread_blocked, id=168612, stack(0x0000005f51300000,0x0000005f51400000)]
  0x000001745e689800 JavaThread "map-output-dispatcher-7" daemon [_thread_blocked, id=49732, stack(0x0000005f51200000,0x0000005f51300000)]
  0x000001745e68b000 JavaThread "map-output-dispatcher-6" daemon [_thread_blocked, id=143904, stack(0x0000005f51100000,0x0000005f51200000)]
  0x000001745e690800 JavaThread "map-output-dispatcher-5" daemon [_thread_blocked, id=214360, stack(0x0000005f51000000,0x0000005f51100000)]
  0x000001745e68f800 JavaThread "map-output-dispatcher-4" daemon [_thread_blocked, id=85088, stack(0x0000005f50f00000,0x0000005f51000000)]
  0x000001745e68d800 JavaThread "map-output-dispatcher-3" daemon [_thread_blocked, id=16256, stack(0x0000005f50e00000,0x0000005f50f00000)]
  0x000001745efb3000 JavaThread "map-output-dispatcher-2" daemon [_thread_blocked, id=97852, stack(0x0000005f50d00000,0x0000005f50e00000)]
  0x000001745efb2800 JavaThread "map-output-dispatcher-1" daemon [_thread_blocked, id=195108, stack(0x0000005f50c00000,0x0000005f50d00000)]
  0x000001745efb5800 JavaThread "map-output-dispatcher-0" daemon [_thread_blocked, id=116060, stack(0x0000005f50b00000,0x0000005f50c00000)]
  0x000001745e8c0000 JavaThread "rpc-server-3-1" daemon [_thread_in_native, id=28588, stack(0x0000005f50a00000,0x0000005f50b00000)]
  0x000001745e858000 JavaThread "dispatcher-event-loop-5" daemon [_thread_blocked, id=211332, stack(0x0000005f50900000,0x0000005f50a00000)]
  0x000001745e855800 JavaThread "dispatcher-event-loop-4" daemon [_thread_blocked, id=97256, stack(0x0000005f50800000,0x0000005f50900000)]
  0x000001745e854800 JavaThread "dispatcher-event-loop-3" daemon [_thread_blocked, id=62532, stack(0x0000005f50700000,0x0000005f50800000)]
  0x000001745ed4f800 JavaThread "dispatcher-event-loop-2" daemon [_thread_blocked, id=91404, stack(0x0000005f50600000,0x0000005f50700000)]
  0x000001745f78e000 JavaThread "dispatcher-event-loop-1" daemon [_thread_blocked, id=165024, stack(0x0000005f50500000,0x0000005f50600000)]
  0x000001745f78d800 JavaThread "dispatcher-event-loop-0" daemon [_thread_blocked, id=139032, stack(0x0000005f50400000,0x0000005f50500000)]
  0x000001745e62c000 JavaThread "Service Thread" daemon [_thread_blocked, id=78608, stack(0x0000005f50100000,0x0000005f50200000)]
  0x000001745e626800 JavaThread "C1 CompilerThread2" daemon [_thread_in_native, id=210704, stack(0x0000005f50000000,0x0000005f50100000)]
  0x000001745e5cb000 JavaThread "C2 CompilerThread1" daemon [_thread_in_native, id=44764, stack(0x0000005f4ff00000,0x0000005f50000000)]
=>0x000001745e5c8800 JavaThread "C2 CompilerThread0" daemon [_thread_in_native, id=61708, stack(0x0000005f4fe00000,0x0000005f4ff00000)]
  0x000001745e5c5000 JavaThread "Monitor Ctrl-Break" daemon [_thread_in_native, id=231404, stack(0x0000005f4fd00000,0x0000005f4fe00000)]
  0x000001745c6c9800 JavaThread "Attach Listener" daemon [_thread_blocked, id=82796, stack(0x0000005f4fc00000,0x0000005f4fd00000)]
  0x000001745c673000 JavaThread "Signal Dispatcher" daemon [_thread_blocked, id=87684, stack(0x0000005f4fb00000,0x0000005f4fc00000)]
  0x0000017438206000 JavaThread "Finalizer" daemon [_thread_blocked, id=65992, stack(0x0000005f4fa00000,0x0000005f4fb00000)]
  0x000001745c644800 JavaThread "Reference Handler" daemon [_thread_blocked, id=218204, stack(0x0000005f4f900000,0x0000005f4fa00000)]
  0x0000017438171000 JavaThread "main" [_thread_in_vm, id=224096, stack(0x0000005f4f100000,0x0000005f4f200000)]

Other Threads:
  0x000001745c620000 VMThread [stack: 0x0000005f4f800000,0x0000005f4f900000] [id=86972]
  0x000001745e6e8800 WatcherThread [stack: 0x0000005f50200000,0x0000005f50300000] [id=93992]

VM state:not at safepoint (normal execution)

VM Mutex/Monitor currently owned by a thread: None

heap address: 0x00000005c1000000, size: 8176 MB, Compressed Oops mode: Zero based, Oop shift amount: 3
Narrow klass base: 0x0000000000000000, Narrow klass shift: 3
Compressed class space size: 1073741824 Address: 0x00000007c0000000

Heap:
 PSYoungGen      total 527360K, used 175110K [0x0000000715b00000, 0x0000000751e80000, 0x00000007c0000000)
  eden space 500224K, 31% used [0x0000000715b00000,0x000000071f5ac5d0,0x0000000734380000)
  from space 27136K, 61% used [0x0000000734380000,0x00000007353d5330,0x0000000735e00000)
  to   space 27136K, 0% used [0x0000000750400000,0x0000000750400000,0x0000000751e80000)
 ParOldGen       total 192000K, used 35054K [0x00000005c1000000, 0x00000005ccb80000, 0x0000000715b00000)
  object space 192000K, 18% used [0x00000005c1000000,0x00000005c323b870,0x00000005ccb80000)
 Metaspace       used 71225K, capacity 71604K, committed 71936K, reserved 1110016K
  class space    used 10367K, capacity 10473K, committed 10496K, reserved 1048576K

Card table byte_map: [0x0000017448f60000,0x0000017449f60000] byte_map_base: 0x0000017446158000

Marking Bits: (ParMarkBitMap*) 0x000000006cd66ff0
 Begin Bits: [0x000001744aa10000, 0x00000174529d0000)
 End Bits:   [0x00000174529d0000, 0x000001745a990000)

Polling page: 0x0000017438390000

CodeCache: size=245760Kb used=21763Kb max_used=21763Kb free=223996Kb
 bounds [0x0000017439ba0000, 0x000001743b100000, 0x0000017448ba0000]
 total_blobs=7057 nmethods=6439 adapters=527
 compilation: enabled

Compilation events (10 events):
Event: 58.134 Thread 0x000001745e626800 nmethod 7236 0x000001743b0b1b10 code [0x000001743b0b1ca0, 0x000001743b0b2070]
Event: 58.134 Thread 0x000001745e626800 7237       3       org.codehaus.janino.util.AbstractTraverser$6$1::visitSimpleType (18 bytes)
Event: 58.134 Thread 0x000001745e626800 nmethod 7237 0x000001743b0bb790 code [0x000001743b0bb900, 0x000001743b0bbc70]
Event: 58.134 Thread 0x000001745e626800 7238       3       java.util.HashMap::containsKey (18 bytes)
Event: 58.134 Thread 0x000001745e626800 nmethod 7238 0x000001743b0bb090 code [0x000001743b0bb220, 0x000001743b0bb620]
Event: 58.134 Thread 0x000001745e626800 7239       3       org.codehaus.janino.Java$SimpleType::accept (8 bytes)
Event: 58.134 Thread 0x000001745e626800 nmethod 7239 0x000001743b0aee50 code [0x000001743b0aefc0, 0x000001743b0af1f0]
Event: 58.134 Thread 0x000001745e626800 7240       3       org.codehaus.janino.UnitCompiler$22::visitRvalue (6 bytes)
Event: 58.134 Thread 0x000001745e626800 nmethod 7240 0x000001743b0b3d10 code [0x000001743b0b3ea0, 0x000001743b0b4330]
Event: 58.134 Thread 0x000001745e626800 7247       3       org.codehaus.janino.UnitCompiler::invoke (142 bytes)

GC Heap History (10 events):
Event: 36.134 GC heap before
{Heap before GC invocations=6 (full 1):
 PSYoungGen      total 276480K, used 59765K [0x0000000715b00000, 0x0000000728200000, 0x00000007c0000000)
  eden space 259072K, 17% used [0x0000000715b00000,0x00000007187b6428,0x0000000725800000)
  from space 17408K, 80% used [0x0000000727100000,0x0000000727ea71c0,0x0000000728200000)
  to   space 21504K, 0% used [0x0000000725800000,0x0000000725800000,0x0000000726d00000)
 ParOldGen       total 140288K, used 5001K [0x00000005c1000000, 0x00000005c9900000, 0x0000000715b00000)
  object space 140288K, 3% used [0x00000005c1000000,0x00000005c14e2750,0x00000005c9900000)
 Metaspace       used 35486K, capacity 35720K, committed 36048K, reserved 1081344K
  class space    used 5051K, capacity 5136K, committed 5248K, reserved 1048576K
Event: 36.224 GC heap after
Heap after GC invocations=6 (full 1):
 PSYoungGen      total 280576K, used 8273K [0x0000000715b00000, 0x0000000737100000, 0x00000007c0000000)
  eden space 259072K, 0% used [0x0000000715b00000,0x0000000715b00000,0x0000000725800000)
  from space 21504K, 38% used [0x0000000725800000,0x0000000726014748,0x0000000726d00000)
  to   space 18944K, 0% used [0x0000000735e80000,0x0000000735e80000,0x0000000737100000)
 ParOldGen       total 140288K, used 5009K [0x00000005c1000000, 0x00000005c9900000, 0x0000000715b00000)
  object space 140288K, 3% used [0x00000005c1000000,0x00000005c14e4750,0x00000005c9900000)
 Metaspace       used 35486K, capacity 35720K, committed 36048K, reserved 1081344K
  class space    used 5051K, capacity 5136K, committed 5248K, reserved 1048576K
}
Event: 36.224 GC heap before
{Heap before GC invocations=7 (full 2):
 PSYoungGen      total 280576K, used 8273K [0x0000000715b00000, 0x0000000737100000, 0x00000007c0000000)
  eden space 259072K, 0% used [0x0000000715b00000,0x0000000715b00000,0x0000000725800000)
  from space 21504K, 38% used [0x0000000725800000,0x0000000726014748,0x0000000726d00000)
  to   space 18944K, 0% used [0x0000000735e80000,0x0000000735e80000,0x0000000737100000)
 ParOldGen       total 140288K, used 5009K [0x00000005c1000000, 0x00000005c9900000, 0x0000000715b00000)
  object space 140288K, 3% used [0x00000005c1000000,0x00000005c14e4750,0x00000005c9900000)
 Metaspace       used 35486K, capacity 35720K, committed 36048K, reserved 1081344K
  class space    used 5051K, capacity 5136K, committed 5248K, reserved 1048576K
Event: 36.318 GC heap after
Heap after GC invocations=7 (full 2):
 PSYoungGen      total 280576K, used 0K [0x0000000715b00000, 0x0000000737100000, 0x00000007c0000000)
  eden space 259072K, 0% used [0x0000000715b00000,0x0000000715b00000,0x0000000725800000)
  from space 21504K, 0% used [0x0000000725800000,0x0000000725800000,0x0000000726d00000)
  to   space 18944K, 0% used [0x0000000735e80000,0x0000000735e80000,0x0000000737100000)
 ParOldGen       total 155648K, used 12323K [0x00000005c1000000, 0x00000005ca800000, 0x0000000715b00000)
  object space 155648K, 7% used [0x00000005c1000000,0x00000005c1c08f38,0x00000005ca800000)
 Metaspace       used 35486K, capacity 35720K, committed 36048K, reserved 1081344K
  class space    used 5051K, capacity 5136K, committed 5248K, reserved 1048576K
}
Event: 49.575 GC heap before
{Heap before GC invocations=8 (full 2):
 PSYoungGen      total 280576K, used 259051K [0x0000000715b00000, 0x0000000737100000, 0x00000007c0000000)
  eden space 259072K, 99% used [0x0000000715b00000,0x00000007257facf8,0x0000000725800000)
  from space 21504K, 0% used [0x0000000725800000,0x0000000725800000,0x0000000726d00000)
  to   space 18944K, 0% used [0x0000000735e80000,0x0000000735e80000,0x0000000737100000)
 ParOldGen       total 155648K, used 12323K [0x00000005c1000000, 0x00000005ca800000, 0x0000000715b00000)
  object space 155648K, 7% used [0x00000005c1000000,0x00000005c1c08f38,0x00000005ca800000)
 Metaspace       used 59377K, capacity 59700K, committed 60080K, reserved 1101824K
  class space    used 8584K, capacity 8684K, committed 8704K, reserved 1048576K
Event: 49.676 GC heap after
Heap after GC invocations=8 (full 2):
 PSYoungGen      total 519168K, used 18914K [0x0000000715b00000, 0x0000000737880000, 0x00000007c0000000)
  eden space 500224K, 0% used [0x0000000715b00000,0x0000000715b00000,0x0000000734380000)
  from space 18944K, 99% used [0x0000000735e80000,0x00000007370f8b60,0x0000000737100000)
  to   space 27136K, 0% used [0x0000000734380000,0x0000000734380000,0x0000000735e00000)
 ParOldGen       total 155648K, used 20145K [0x00000005c1000000, 0x00000005ca800000, 0x0000000715b00000)
  object space 155648K, 12% used [0x00000005c1000000,0x00000005c23ac420,0x00000005ca800000)
 Metaspace       used 59377K, capacity 59700K, committed 60080K, reserved 1101824K
  class space    used 8584K, capacity 8684K, committed 8704K, reserved 1048576K
}
Event: 49.676 GC heap before
{Heap before GC invocations=9 (full 3):
 PSYoungGen      total 519168K, used 18914K [0x0000000715b00000, 0x0000000737880000, 0x00000007c0000000)
  eden space 500224K, 0% used [0x0000000715b00000,0x0000000715b00000,0x0000000734380000)
  from space 18944K, 99% used [0x0000000735e80000,0x00000007370f8b60,0x0000000737100000)
  to   space 27136K, 0% used [0x0000000734380000,0x0000000734380000,0x0000000735e00000)
 ParOldGen       total 155648K, used 20145K [0x00000005c1000000, 0x00000005ca800000, 0x0000000715b00000)
  object space 155648K, 12% used [0x00000005c1000000,0x00000005c23ac420,0x00000005ca800000)
 Metaspace       used 59377K, capacity 59700K, committed 60080K, reserved 1101824K
  class space    used 8584K, capacity 8684K, committed 8704K, reserved 1048576K
Event: 49.950 GC heap after
Heap after GC invocations=9 (full 3):
 PSYoungGen      total 519168K, used 0K [0x0000000715b00000, 0x0000000737880000, 0x00000007c0000000)
  eden space 500224K, 0% used [0x0000000715b00000,0x0000000715b00000,0x0000000734380000)
  from space 18944K, 0% used [0x0000000735e80000,0x0000000735e80000,0x0000000737100000)
  to   space 27136K, 0% used [0x0000000734380000,0x0000000734380000,0x0000000735e00000)
 ParOldGen       total 192000K, used 35046K [0x00000005c1000000, 0x00000005ccb80000, 0x0000000715b00000)
  object space 192000K, 18% used [0x00000005c1000000,0x00000005c3239870,0x00000005ccb80000)
 Metaspace       used 59377K, capacity 59700K, committed 60080K, reserved 1101824K
  class space    used 8584K, capacity 8684K, committed 8704K, reserved 1048576K
}
Event: 57.884 GC heap before
{Heap before GC invocations=10 (full 3):
 PSYoungGen      total 519168K, used 500224K [0x0000000715b00000, 0x0000000737880000, 0x00000007c0000000)
  eden space 500224K, 100% used [0x0000000715b00000,0x0000000734380000,0x0000000734380000)
  from space 18944K, 0% used [0x0000000735e80000,0x0000000735e80000,0x0000000737100000)
  to   space 27136K, 0% used [0x0000000734380000,0x0000000734380000,0x0000000735e00000)
 ParOldGen       total 192000K, used 35046K [0x00000005c1000000, 0x00000005ccb80000, 0x0000000715b00000)
  object space 192000K, 18% used [0x00000005c1000000,0x00000005c3239870,0x00000005ccb80000)
 Metaspace       used 70999K, capacity 71380K, committed 71936K, reserved 1110016K
  class space    used 10337K, capacity 10441K, committed 10496K, reserved 1048576K
Event: 57.896 GC heap after
Heap after GC invocations=10 (full 3):
 PSYoungGen      total 527360K, used 16724K [0x0000000715b00000, 0x0000000751e80000, 0x00000007c0000000)
  eden space 500224K, 0% used [0x0000000715b00000,0x0000000715b00000,0x0000000734380000)
  from space 27136K, 61% used [0x0000000734380000,0x00000007353d5330,0x0000000735e00000)
  to   space 27136K, 0% used [0x0000000750400000,0x0000000750400000,0x0000000751e80000)
 ParOldGen       total 192000K, used 35054K [0x00000005c1000000, 0x00000005ccb80000, 0x0000000715b00000)
  object space 192000K, 18% used [0x00000005c1000000,0x00000005c323b870,0x00000005ccb80000)
 Metaspace       used 70999K, capacity 71380K, committed 71936K, reserved 1110016K
  class space    used 10337K, capacity 10441K, committed 10496K, reserved 1048576K
}

Deoptimization events (10 events):
Event: 57.436 Thread 0x0000017438171000 Uncommon trap: reason=class_check action=maybe_recompile pc=0x000001743a6da938 method=scala.collection.mutable.ArrayBuffer.$plus$plus$eq(Lscala/collection/TraversableOnce;)Lscala/collection/mutable/ArrayBuffer; @ 8
Event: 57.436 Thread 0x0000017438171000 Uncommon trap: reason=class_check action=maybe_recompile pc=0x000001743a6da938 method=scala.collection.mutable.ArrayBuffer.$plus$plus$eq(Lscala/collection/TraversableOnce;)Lscala/collection/mutable/ArrayBuffer; @ 8
Event: 57.436 Thread 0x0000017438171000 Uncommon trap: reason=class_check action=maybe_recompile pc=0x000001743a6d36a8 method=scala.collection.mutable.ArrayBuffer.$plus$plus$eq(Lscala/collection/TraversableOnce;)Lscala/collection/mutable/ArrayBuffer; @ 8
Event: 57.436 Thread 0x0000017438171000 Uncommon trap: reason=bimorphic action=maybe_recompile pc=0x000001743ac6484c method=scala.collection.mutable.ArrayBuffer.$plus$plus$eq(Lscala/collection/TraversableOnce;)Lscala/collection/mutable/ArrayBuffer; @ 13
Event: 57.437 Thread 0x0000017438171000 Uncommon trap: reason=bimorphic action=maybe_recompile pc=0x000001743ac6484c method=scala.collection.mutable.ArrayBuffer.$plus$plus$eq(Lscala/collection/TraversableOnce;)Lscala/collection/mutable/ArrayBuffer; @ 13
Event: 57.437 Thread 0x0000017438171000 Uncommon trap: reason=bimorphic action=maybe_recompile pc=0x000001743ac6484c method=scala.collection.mutable.ArrayBuffer.$plus$plus$eq(Lscala/collection/TraversableOnce;)Lscala/collection/mutable/ArrayBuffer; @ 13
Event: 57.437 Thread 0x0000017438171000 Uncommon trap: reason=bimorphic action=maybe_recompile pc=0x000001743ac6484c method=scala.collection.mutable.ArrayBuffer.$plus$plus$eq(Lscala/collection/TraversableOnce;)Lscala/collection/mutable/ArrayBuffer; @ 13
Event: 57.515 Thread 0x0000017438171000 Uncommon trap: reason=class_check action=maybe_recompile pc=0x000001743ae7fcd0 method=scala.StringContext.checkLengths(Lscala/collection/Seq;)V @ 10
Event: 57.978 Thread 0x0000017438171000 Uncommon trap: reason=unstable_if action=reinterpret pc=0x000001743af77c2c method=org.codehaus.janino.Scanner.produce()Lorg/codehaus/janino/Token; @ 5
Event: 58.057 Thread 0x0000017438171000 Uncommon trap: reason=unstable_if action=reinterpret pc=0x0000017439c21470 method=org.codehaus.janino.ReflectionIClass.modifiers2Access(I)Lorg/codehaus/janino/Access; @ 17

Classes redefined (0 events):
No events

Internal exceptions (10 events):
Event: 47.454 Thread 0x0000017438171000 Exception <a 'java/lang/ClassNotFoundException': scala/reflect/ScalaSignature> (0x00000007214778c8) thrown at [C:\jenkins\workspace\8-2-build-windows-amd64-cygwin\jdk8u281\880\hotspot\src\share\vm\classfile\systemDictionary.cpp, line 212]
Event: 47.454 Thread 0x0000017438171000 Exception <a 'java/lang/ClassNotFoundException': scala/reflect/ScalaLongSignature> (0x0000000721477f58) thrown at [C:\jenkins\workspace\8-2-build-windows-amd64-cygwin\jdk8u281\880\hotspot\src\share\vm\classfile\systemDictionary.cpp, line 212]
Event: 47.461 Thread 0x0000017438171000 Exception <a 'java/lang/ClassNotFoundException': java/lang/ref> (0x00000007214cd8e0) thrown at [C:\jenkins\workspace\8-2-build-windows-amd64-cygwin\jdk8u281\880\hotspot\src\share\vm\classfile\systemDictionary.cpp, line 212]
Event: 47.461 Thread 0x0000017438171000 Exception <a 'java/lang/ClassNotFoundException': java/lang/ref/package> (0x00000007214cf0e0) thrown at [C:\jenkins\workspace\8-2-build-windows-amd64-cygwin\jdk8u281\880\hotspot\src\share\vm\classfile\systemDictionary.cpp, line 212]
Event: 47.869 Thread 0x0000017438171000 Exception <a 'java/lang/ClassNotFoundException': java/lang/invoke> (0x0000000721dcdd28) thrown at [C:\jenkins\workspace\8-2-build-windows-amd64-cygwin\jdk8u281\880\hotspot\src\share\vm\classfile\systemDictionary.cpp, line 212]
Event: 47.869 Thread 0x0000017438171000 Exception <a 'java/lang/ClassNotFoundException': java/lang/invoke/package> (0x0000000721dcec48) thrown at [C:\jenkins\workspace\8-2-build-windows-amd64-cygwin\jdk8u281\880\hotspot\src\share\vm\classfile\systemDictionary.cpp, line 212]
Event: 48.167 Thread 0x0000017438171000 Exception <a 'java/lang/ClassNotFoundException': java/lang/annotation> (0x00000007221a68c8) thrown at [C:\jenkins\workspace\8-2-build-windows-amd64-cygwin\jdk8u281\880\hotspot\src\share\vm\classfile\systemDictionary.cpp, line 212]
Event: 48.167 Thread 0x0000017438171000 Exception <a 'java/lang/ClassNotFoundException': java/lang/annotation/package> (0x00000007221a7808) thrown at [C:\jenkins\workspace\8-2-build-windows-amd64-cygwin\jdk8u281\880\hotspot\src\share\vm\classfile\systemDictionary.cpp, line 212]
Event: 52.996 Thread 0x0000017438171000 Implicit null exception at 0x000001743ac7048f to 0x000001743ac7082c
Event: 57.429 Thread 0x0000017438171000 Implicit null exception at 0x0000017439fac995 to 0x0000017439facba1

Events (10 events):
Event: 58.128 Thread 0x0000017438171000 DEOPT PACKING pc=0x0000017439dda9a3 sp=0x0000005f4f1fa130
Event: 58.128 Thread 0x0000017438171000 DEOPT UNPACKING pc=0x0000017439be7898 sp=0x0000005f4f1f9e50 mode 0
Event: 58.129 Thread 0x0000017438171000 DEOPT PACKING pc=0x0000017439dda9a3 sp=0x0000005f4f1f9e20
Event: 58.129 Thread 0x0000017438171000 DEOPT UNPACKING pc=0x0000017439be7898 sp=0x0000005f4f1f9b40 mode 0
Event: 58.129 Thread 0x0000017438171000 DEOPT PACKING pc=0x0000017439dda9a3 sp=0x0000005f4f1f94f0
Event: 58.129 Thread 0x0000017438171000 DEOPT UNPACKING pc=0x0000017439be7898 sp=0x0000005f4f1f9210 mode 0
Event: 58.130 Thread 0x0000017438171000 DEOPT PACKING pc=0x0000017439dda9a3 sp=0x0000005f4f1f8db0
Event: 58.130 Thread 0x0000017438171000 DEOPT UNPACKING pc=0x0000017439be7898 sp=0x0000005f4f1f8ad0 mode 0
Event: 58.130 Thread 0x0000017438171000 DEOPT PACKING pc=0x0000017439dda9a3 sp=0x0000005f4f1f9800
Event: 58.130 Thread 0x0000017438171000 DEOPT UNPACKING pc=0x0000017439be7898 sp=0x0000005f4f1f9520 mode 0


Dynamic libraries:
0x00007ff679130000 - 0x00007ff679177000 	D:\jdk\bin\java.exe
0x00007ffd06770000 - 0x00007ffd06968000 	C:\WINDOWS\SYSTEM32\ntdll.dll
0x00007ffd051b0000 - 0x00007ffd05272000 	C:\WINDOWS\System32\KERNEL32.DLL
0x00007ffd04230000 - 0x00007ffd0452e000 	C:\WINDOWS\System32\KERNELBASE.dll
0x00007ffd05800000 - 0x00007ffd058b1000 	C:\WINDOWS\System32\ADVAPI32.dll
0x00007ffd05540000 - 0x00007ffd055de000 	C:\WINDOWS\System32\msvcrt.dll
0x00007ffd04790000 - 0x00007ffd0482f000 	C:\WINDOWS\System32\sechost.dll
0x00007ffd05af0000 - 0x00007ffd05c13000 	C:\WINDOWS\System32\RPCRT4.dll
0x00007ffd04170000 - 0x00007ffd04197000 	C:\WINDOWS\System32\bcrypt.dll
0x00007ffd055e0000 - 0x00007ffd0577d000 	C:\WINDOWS\System32\USER32.dll
0x00007ffd040f0000 - 0x00007ffd04112000 	C:\WINDOWS\System32\win32u.dll
0x00007ffd04ca0000 - 0x00007ffd04ccb000 	C:\WINDOWS\System32\GDI32.dll
0x00007ffd03e10000 - 0x00007ffd03f27000 	C:\WINDOWS\System32\gdi32full.dll
0x00007ffd04050000 - 0x00007ffd040ed000 	C:\WINDOWS\System32\msvcp_win.dll
0x00007ffd04530000 - 0x00007ffd04630000 	C:\WINDOWS\System32\ucrtbase.dll
0x00007ffcee760000 - 0x00007ffcee9fa000 	C:\WINDOWS\WinSxS\amd64_microsoft.windows.common-controls_6595b64144ccf1df_6.0.19041.4355_none_60b8b9eb71f62e16\COMCTL32.dll
0x00007ffd05c20000 - 0x00007ffd05c4f000 	C:\WINDOWS\System32\IMM32.DLL
0x00007ffcfa6a0000 - 0x00007ffcfa6b5000 	D:\jdk\jre\bin\vcruntime140.dll
0x00007ffcf20a0000 - 0x00007ffcf213b000 	D:\jdk\jre\bin\msvcp140.dll
0x000000006c580000 - 0x000000006cddf000 	D:\jdk\jre\bin\server\jvm.dll
0x00007ffd058c0000 - 0x00007ffd058c8000 	C:\WINDOWS\System32\PSAPI.DLL
0x00007ffcf6a80000 - 0x00007ffcf6a89000 	C:\WINDOWS\SYSTEM32\WSOCK32.dll
0x00007ffd05e60000 - 0x00007ffd05ecb000 	C:\WINDOWS\System32\WS2_32.dll
0x00007ffcfc810000 - 0x00007ffcfc837000 	C:\WINDOWS\SYSTEM32\WINMM.dll
0x00007ffcfebc0000 - 0x00007ffcfebca000 	C:\WINDOWS\SYSTEM32\VERSION.dll
0x00007ffd01bd0000 - 0x00007ffd01be2000 	C:\WINDOWS\SYSTEM32\kernel.appcore.dll
0x00007ffd013a0000 - 0x00007ffd013b0000 	D:\jdk\jre\bin\verify.dll
0x00007ffcf5f20000 - 0x00007ffcf5f4b000 	D:\jdk\jre\bin\java.dll
0x00007ffcf3cc0000 - 0x00007ffcf3cf0000 	D:\jdk\jre\bin\instrument.dll
0x00007ffcfa670000 - 0x00007ffcfa688000 	D:\jdk\jre\bin\zip.dll
0x00007ffd05ee0000 - 0x00007ffd0664d000 	C:\WINDOWS\System32\SHELL32.dll
0x00007ffd01eb0000 - 0x00007ffd02654000 	C:\WINDOWS\SYSTEM32\windows.storage.dll
0x00007ffd04cd0000 - 0x00007ffd05023000 	C:\WINDOWS\System32\combase.dll
0x00007ffd03770000 - 0x00007ffd0379e000 	C:\WINDOWS\SYSTEM32\Wldp.dll
0x00007ffd05440000 - 0x00007ffd0550d000 	C:\WINDOWS\System32\OLEAUT32.dll
0x00007ffd05930000 - 0x00007ffd059dd000 	C:\WINDOWS\System32\SHCORE.dll
0x00007ffd05c50000 - 0x00007ffd05ca5000 	C:\WINDOWS\System32\shlwapi.dll
0x00007ffd03d40000 - 0x00007ffd03d64000 	C:\WINDOWS\SYSTEM32\profapi.dll
0x00007ffcf21c0000 - 0x00007ffcf21da000 	D:\idea\IntelliJ IDEA 2020.1\bin\breakgen64.dll
0x00007ffcfa220000 - 0x00007ffcfa23c000 	D:\jdk\jre\bin\net.dll
0x00007ffd034d0000 - 0x00007ffd0353a000 	C:\WINDOWS\system32\mswsock.dll
0x00007ffcef340000 - 0x00007ffcef357000 	C:\WINDOWS\system32\napinsp.dll
0x00007ffcef320000 - 0x00007ffcef33b000 	C:\WINDOWS\system32\pnrpnsp.dll
0x00007ffcef300000 - 0x00007ffcef315000 	C:\WINDOWS\system32\wshbth.dll
0x00007ffd00c40000 - 0x00007ffd00c5d000 	C:\WINDOWS\system32\NLAapi.dll
0x00007ffd031b0000 - 0x00007ffd031eb000 	C:\WINDOWS\SYSTEM32\IPHLPAPI.DLL
0x00007ffd031f0000 - 0x00007ffd032ba000 	C:\WINDOWS\SYSTEM32\DNSAPI.dll
0x00007ffd05ed0000 - 0x00007ffd05ed8000 	C:\WINDOWS\System32\NSI.dll
0x00007ffcef2e0000 - 0x00007ffcef2f2000 	C:\WINDOWS\System32\winrnr.dll
0x00007ffcfddd0000 - 0x00007ffcfddda000 	C:\Windows\System32\rasadhlp.dll
0x00007ffcfdaa0000 - 0x00007ffcfdb20000 	C:\WINDOWS\System32\fwpuclnt.dll
0x00007ffcfa660000 - 0x00007ffcfa66d000 	D:\jdk\jre\bin\management.dll
0x00007ffcfa270000 - 0x00007ffcfa27a000 	D:\jdk\jre\bin\w2k_lsa_auth.dll
0x00007ffcf29a0000 - 0x00007ffcf29ac000 	C:\WINDOWS\SYSTEM32\Secur32.dll
0x00007ffd03cc0000 - 0x00007ffd03cf2000 	C:\WINDOWS\SYSTEM32\SSPICLI.DLL
0x00007ffcf2080000 - 0x00007ffcf209c000 	C:\Windows\System32\hadoop.dll
0x000000006d200000 - 0x000000006d2d2000 	C:\WINDOWS\SYSTEM32\MSVCR100.dll
0x00007ffcefa60000 - 0x00007ffcefa79000 	C:\WINDOWS\SYSTEM32\NETAPI32.dll
0x00007ffd02b10000 - 0x00007ffd02b5f000 	C:\WINDOWS\SYSTEM32\AUTHZ.dll
0x00007ffd03310000 - 0x00007ffd0331c000 	C:\WINDOWS\SYSTEM32\NETUTILS.DLL
0x00007ffcf9ae0000 - 0x00007ffcf9af9000 	C:\WINDOWS\SYSTEM32\SAMCLI.DLL
0x00007ffcf62e0000 - 0x00007ffcf62e9000 	D:\jdk\jre\bin\jaas_nt.dll
0x00007ffcf5dd0000 - 0x00007ffcf5de3000 	D:\jdk\jre\bin\nio.dll
0x00007ffd036c0000 - 0x00007ffd036d8000 	C:\WINDOWS\SYSTEM32\CRYPTSP.dll
0x00007ffd02df0000 - 0x00007ffd02e24000 	C:\WINDOWS\system32\rsaenh.dll
0x00007ffd03d00000 - 0x00007ffd03d2e000 	C:\WINDOWS\SYSTEM32\USERENV.dll
0x00007ffd041a0000 - 0x00007ffd04222000 	C:\WINDOWS\System32\bcryptprimitives.dll
0x00007ffd036e0000 - 0x00007ffd036ec000 	C:\WINDOWS\SYSTEM32\CRYPTBASE.dll
0x00007ffcfeca0000 - 0x00007ffcfecb7000 	C:\WINDOWS\SYSTEM32\dhcpcsvc6.DLL
0x00007ffcfeb80000 - 0x00007ffcfeb9d000 	C:\WINDOWS\SYSTEM32\dhcpcsvc.DLL
0x00007ffcf2050000 - 0x00007ffcf2074000 	D:\jdk\jre\bin\sunec.dll
0x00007ffcf5f90000 - 0x00007ffcf5f9d000 	D:\jdk\jre\bin\sunmscapi.dll
0x00007ffd04630000 - 0x00007ffd0478c000 	C:\WINDOWS\System32\CRYPT32.dll
0x00007ffd037e0000 - 0x00007ffd03807000 	C:\WINDOWS\SYSTEM32\ncrypt.dll
0x00007ffd037a0000 - 0x00007ffd037db000 	C:\WINDOWS\SYSTEM32\NTASN1.dll
0x00007ffcfbed0000 - 0x00007ffcfc0b4000 	C:\WINDOWS\SYSTEM32\dbghelp.dll

VM Arguments:
jvm_args: -javaagent:D:\idea\IntelliJ IDEA 2020.1\lib\idea_rt.jar=59378:D:\idea\IntelliJ IDEA 2020.1\bin -Dfile.encoding=UTF-8 
java_command: spark.adata.collection.SparkCollectMySql2ParquetIncrement
java_class_path (initial): D:\jdk\jre\lib\charsets.jar;D:\jdk\jre\lib\deploy.jar;D:\jdk\jre\lib\ext\access-bridge-64.jar;D:\jdk\jre\lib\ext\cldrdata.jar;D:\jdk\jre\lib\ext\dnsns.jar;D:\jdk\jre\lib\ext\jaccess.jar;D:\jdk\jre\lib\ext\jfxrt.jar;D:\jdk\jre\lib\ext\localedata.jar;D:\jdk\jre\lib\ext\nashorn.jar;D:\jdk\jre\lib\ext\sunec.jar;D:\jdk\jre\lib\ext\sunjce_provider.jar;D:\jdk\jre\lib\ext\sunmscapi.jar;D:\jdk\jre\lib\ext\sunpkcs11.jar;D:\jdk\jre\lib\ext\zipfs.jar;D:\jdk\jre\lib\javaws.jar;D:\jdk\jre\lib\jce.jar;D:\jdk\jre\lib\jfr.jar;D:\jdk\jre\lib\jfxswt.jar;D:\jdk\jre\lib\jsse.jar;D:\jdk\jre\lib\management-agent.jar;D:\jdk\jre\lib\plugin.jar;D:\jdk\jre\lib\resources.jar;D:\jdk\jre\lib\rt.jar;E:\workspace\bigdata\target\classes;D:\software\scala\lib\scala-library.jar;D:\software\scala\lib\scala-reflect.jar;E:\maven\maven-repository\org\apache\spark\spark-core_2.11\2.4.4\spark-core_2.11-2.4.4.jar;E:\maven\maven-repository\com\thoughtworks\paranamer\paranamer\2.8\paranamer-2.8.jar;E:\maven\maven-repository\org\apache\avro\avro\1.8.2\avro-1.8.2.jar;E:\maven\maven-repository\org\codehaus\jackson\jackson-core-asl\1.9.13\jackson-core-asl-1.9.13.jar;E:\maven\maven-repository\org\codehaus\jackson\jackson-mapper-asl\1.9.13\jackson-mapper-asl-1.9.13.jar;E:\maven\maven-repository\org\tukaani\xz\1.5\xz-1.5.jar;E:\maven\maven-repository\org\apache\avro\avro-mapred\1.8.2\avro-mapred-1.8.2-hadoop2.jar;E:\maven\maven-repository\org\apache\avro\avro-ipc\1.8.2\avro-ipc-1.8.2.jar;E:\maven\maven-repository\commons-codec\commons-codec\1.9\commons-codec-1.9.jar;E:\maven\maven-repository\com\twitter\chill_2.11\0.9.3\chill_2.11-0.9.3.jar;E:\maven\maven-repository\com\esotericsoftware\kryo-shaded\4.0.2\kryo-shaded-4.0.2.jar;E:\maven\maven-repository\com\esotericsoftware\minlog\1.3.0\minlog-1.3.0.jar;E:\maven\maven-repository\org\objenesis\objenesis\2.5.1\objenesis-2.5.1.jar;E:\maven\maven-repository\com\twitter\chill-java\0.9.3\chill-java-0.9.3.jar;E:\maven\maven-repository\org\apache\
Launcher Type: SUN_STANDARD

Environment Variables:
PATH=C:\WINDOWS\system32;C:\WINDOWS;C:\WINDOWS\System32\Wbem;C:\WINDOWS\System32\WindowsPowerShell\v1.0\;C:\WINDOWS\System32\OpenSSH\;C:\Program Files (x86)\NVIDIA Corporation\PhysX\Common;C:\Program Files\NVIDIA Corporation\NVIDIA NvDLISR;D:\jdk\bin;E:\maven\apache-maven-3.6.3\bin;D:\nodejs\;D:\nodejs\npm;D:\python_install\py3.7\;D:\python_install\py3.7\Scripts;D:\software\scala\bin;C:\Program Files\Git\cmd;D:\python_install\py3.7\Scripts\;D:\python_install\py3.7\;C:\Program Files\MySQL\MySQL Shell 8.0\bin\;C:\Users\Administrator\AppData\Roaming\npm;F:\gs\hadoop\hadoop-2.9.2\bin;F:\gs\hadoop\hadoop-2.9.2\sbin;
USERNAME=Administrator
OS=Windows_NT
PROCESSOR_IDENTIFIER=Intel64 Family 6 Model 158 Stepping 10, GenuineIntel



---------------  S Y S T E M  ---------------

OS: Windows 10.0 , 64 bit Build 19041 (10.0.19041.5198)

CPU:total 6 (initial active 6) (6 cores per cpu, 1 threads per core) family 6 model 158 stepping 10, cmov, cx8, fxsr, mmx, sse, sse2, sse3, ssse3, sse4.1, sse4.2, popcnt, avx, avx2, aes, clmul, erms, 3dnowpref, lzcnt, tsc, tscinvbit, bmi1, bmi2, adx

Memory: 4k page, physical 33487384k(3243252k free), swap 46520576k(4504k free)

vm_info: Java HotSpot(TM) 64-Bit Server VM (25.281-b09) for windows-amd64 JRE (1.8.0_281-b09), built on Dec  9 2020 13:54:07 by "" with MS VC++ 15.9 (VS2017)

time: Wed Feb 26 01:33:37 2025
timezone: 中国标准时间
elapsed time: 58.162734 seconds (0d 0h 0m 58s)

