#
# A fatal error has been detected by the Java Runtime Environment:
#
#  Internal Error (0x20474343), pid=28196, tid=0x0000000000003988
#
# JRE version: Java(TM) SE Runtime Environment (8.0_281-b09) (build 1.8.0_281-b09)
# Java VM: Java HotSpot(TM) 64-Bit Server VM (25.281-b09 mixed mode windows-amd64 compressed oops)
# Problematic frame:
# C  [KERNELBASE.dll+0x25369]
#
# Failed to write core dump. Minidumps are not enabled by default on client versions of Windows
#
# If you would like to submit a bug report, please visit:
#   http://bugreport.java.com/bugreport/crash.jsp
# The crash happened outside the Java Virtual Machine in native code.
# See problematic frame for where to report the bug.
#

---------------  T H R E A D  ---------------

Current thread (0x0000022133fc7800):  JavaThread "Executor task launch worker for task 644" daemon [_thread_in_native, id=14728, stack(0x0000006f9ed00000,0x0000006f9ee00000)]

siginfo: ExceptionCode=0x20474343, ExceptionInformation=0x000002210d48e8a0 

Registers:
RAX=0x0000000041088170, RBX=0x000002210d48e8a0, RCX=0x0000022133fc79f8, RDX=0x0000006f9edfd4a0
RSP=0x0000006f9edfda40, RBP=0x0000006f9edfdc68, RSI=0x00000000691cca60, RDI=0x000002210d48e8e0
R8 =0x0000000076055263, R9 =0x00000221312f9fd0, R10=0x0000022138321ff0, R11=0x0000006f9edfd4a0
R12=0x0000006f9edfe4f0, R13=0x0000000000009575, R14=0x00000005c87e94b8, R15=0x0000000000008000
RIP=0x00007ffaf7505369, EFLAGS=0x0000000000000202

Top of Stack: (sp=0x0000006f9edfda40)
0x0000006f9edfda40:   000002210d480388 000002210d48e8a0
0x0000006f9edfda50:   00000000691cca60 0000000000000002
0x0000006f9edfda60:   0000000020474343 0000000000000000
0x0000006f9edfda70:   00007ffaf7505369 0000000000000001
0x0000006f9edfda80:   000002210d48e8a0 00007ffaf9be1910
0x0000006f9edfda90:   0000000000000000 00000007ffffffff
0x0000006f9edfdaa0:   0000000000000007 00007ffaf9be1910
0x0000006f9edfdab0:   0000000000008000 00000005c87e94b8
0x0000006f9edfdac0:   0000000000009575 0000006f9edfe4f0
0x0000006f9edfdad0:   0000000000000010 00000000691cca60
0x0000006f9edfdae0:   00000000691e16c0 0000000069150c7a
0x0000006f9edfdaf0:   000002210d48e8f0 00000000691cca60
0x0000006f9edfdb00:   000036036ebcd567 00000000691d0000
0x0000006f9edfdb10:   00000000691e16c0 00000000691512a7
0x0000006f9edfdb20:   0000000000000000 00000000691cca60
0x0000006f9edfdb30:   0000000000000000 00000000000000a8 

Instructions: (pc=0x00007ffaf7505369)
0x00007ffaf7505349:   8b d1 44 0f 47 c0 44 89 44 24 38 49 c1 e0 03 e8
0x00007ffaf7505359:   ba 19 09 00 48 8d 4c 24 20 48 ff 15 6f df 1b 00
0x00007ffaf7505369:   0f 1f 44 00 00 48 8b 8c 24 c0 00 00 00 48 33 cc
0x00007ffaf7505379:   e8 c2 99 06 00 48 81 c4 d8 00 00 00 c3 cc 83 64 


Register to memory mapping:

RAX=0x0000000041088170 is an unknown value
RBX=0x000002210d48e8a0 is an unknown value
RCX=0x0000022133fc79f8 is an unknown value
RDX=0x0000006f9edfd4a0 is pointing into the stack for thread: 0x0000022133fc7800
RSP=0x0000006f9edfda40 is pointing into the stack for thread: 0x0000022133fc7800
RBP=0x0000006f9edfdc68 is pointing into the stack for thread: 0x0000022133fc7800
RSI=0x00000000691cca60 is an unknown value
RDI=0x000002210d48e8e0 is an unknown value
R8 =0x0000000076055263 is an unknown value
R9 =0x00000221312f9fd0 is an unknown value
R10=0x0000022138321ff0 is an unknown value
R11=0x0000006f9edfd4a0 is pointing into the stack for thread: 0x0000022133fc7800
R12=0x0000006f9edfe4f0 is pointing into the stack for thread: 0x0000022133fc7800
R13=0x0000000000009575 is an unknown value
R14=0x00000005c87e94b8 is pointing into object: 0x00000005c87e94a8
[B 
 - klass: {type array byte}
 - length: 32768
R15=0x0000000000008000 is an unknown value


Stack: [0x0000006f9ed00000,0x0000006f9ee00000],  sp=0x0000006f9edfda40,  free space=1014k
Native frames: (J=compiled Java code, j=interpreted, Vv=VM code, C=native code)
C  [KERNELBASE.dll+0x25369]

Java frames: (J=compiled Java code, j=interpreted, Vv=VM code)
J 17394  org.xerial.snappy.SnappyNative.rawCompress(Ljava/lang/Object;IILjava/lang/Object;I)I (0 bytes) @ 0x000002211030ca32 [0x000002211030c9c0+0x72]
J 20665 C2 org.xerial.snappy.SnappyOutputStream.compressInput()V (100 bytes) @ 0x0000022111e2c384 [0x0000022111e2c180+0x204]
J 14577 C2 org.apache.spark.io.SnappyOutputStreamWrapper.write([BII)V (28 bytes) @ 0x000002211119f3f8 [0x000002211119f2a0+0x158]
J 14304 C2 java.io.BufferedOutputStream.write([BII)V (67 bytes) @ 0x00000221110ba4cc [0x00000221110ba340+0x18c]
J 20654 C2 org.apache.spark.storage.DiskBlockObjectWriter.write(Ljava/lang/Object;Ljava/lang/Object;)V (53 bytes) @ 0x0000022111e292ac [0x0000022111e29020+0x28c]
J 22905 C2 org.apache.spark.shuffle.sort.BypassMergeSortShuffleWriter.write(Lscala/collection/Iterator;)V (456 bytes) @ 0x000002211289db00 [0x0000022112898680+0x5480]
J 23731 C1 org.apache.spark.scheduler.ShuffleMapTask.runTask(Lorg/apache/spark/TaskContext;)Lorg/apache/spark/scheduler/MapStatus; (293 bytes) @ 0x0000022112a6a404 [0x0000022112a67e00+0x2604]
J 21770 C1 org.apache.spark.scheduler.ShuffleMapTask.runTask(Lorg/apache/spark/TaskContext;)Ljava/lang/Object; (6 bytes) @ 0x0000022110c45b0c [0x0000022110c45a80+0x8c]
J 20541 C1 org.apache.spark.scheduler.Task.run(JILorg/apache/spark/metrics/MetricsSystem;)Ljava/lang/Object; (476 bytes) @ 0x0000022111ddbd44 [0x0000022111dd9480+0x28c4]
J 20540 C1 org.apache.spark.executor.Executor$TaskRunner$$anonfun$10.apply()Ljava/lang/Object; (51 bytes) @ 0x000002210f216e54 [0x000002210f216be0+0x274]
J 21563 C2 org.apache.spark.util.Utils$.tryWithSafeFinally(Lscala/Function0;Lscala/Function0;)Ljava/lang/Object; (182 bytes) @ 0x0000022111ab0fa8 [0x0000022111ab0f60+0x48]
J 21687 C1 org.apache.spark.executor.Executor$TaskRunner.run()V (2494 bytes) @ 0x00000221124f206c [0x00000221124ee520+0x3b4c]
j  java.util.concurrent.ThreadPoolExecutor.runWorker(Ljava/util/concurrent/ThreadPoolExecutor$Worker;)V+95
j  java.util.concurrent.ThreadPoolExecutor$Worker.run()V+5
j  java.lang.Thread.run()V+11
v  ~StubRoutines::call_stub

---------------  P R O C E S S  ---------------

Java Threads: ( => current thread )
  0x00000221379b5000 JavaThread "block-manager-ask-thread-pool-178" daemon [_thread_blocked, id=24580, stack(0x0000006fabd00000,0x0000006fabe00000)]
  0x00000221379b4000 JavaThread "block-manager-ask-thread-pool-177" daemon [_thread_blocked, id=23236, stack(0x0000006fabc00000,0x0000006fabd00000)]
  0x00000221379b3800 JavaThread "block-manager-ask-thread-pool-176" daemon [_thread_blocked, id=28136, stack(0x0000006fabb00000,0x0000006fabc00000)]
  0x00000221379ac800 JavaThread "block-manager-ask-thread-pool-175" daemon [_thread_blocked, id=21164, stack(0x0000006faba00000,0x0000006fabb00000)]
  0x00000221379b2800 JavaThread "block-manager-ask-thread-pool-174" daemon [_thread_blocked, id=26976, stack(0x0000006fab900000,0x0000006faba00000)]
  0x00000221379b1800 JavaThread "block-manager-slave-async-thread-pool-183" daemon [_thread_blocked, id=22456, stack(0x0000006fab800000,0x0000006fab900000)]
  0x00000221379ab800 JavaThread "block-manager-ask-thread-pool-173" daemon [_thread_blocked, id=19072, stack(0x0000006fab700000,0x0000006fab800000)]
  0x00000221379b0000 JavaThread "block-manager-slave-async-thread-pool-182" daemon [_thread_blocked, id=3880, stack(0x0000006fab600000,0x0000006fab700000)]
  0x00000221379af800 JavaThread "block-manager-ask-thread-pool-172" daemon [_thread_blocked, id=25352, stack(0x0000006fab500000,0x0000006fab600000)]
  0x00000221379ad000 JavaThread "block-manager-slave-async-thread-pool-181" daemon [_thread_blocked, id=24000, stack(0x0000006fab400000,0x0000006fab500000)]
  0x00000221379ae800 JavaThread "block-manager-slave-async-thread-pool-180" daemon [_thread_blocked, id=20076, stack(0x0000006fab300000,0x0000006fab400000)]
  0x00000221379ab000 JavaThread "block-manager-ask-thread-pool-171" daemon [_thread_blocked, id=17312, stack(0x0000006fab200000,0x0000006fab300000)]
  0x00000221379b1000 JavaThread "block-manager-ask-thread-pool-169" daemon [_thread_blocked, id=9240, stack(0x0000006fab100000,0x0000006fab200000)]
  0x00000221362d2000 JavaThread "block-manager-ask-thread-pool-170" daemon [_thread_blocked, id=26768, stack(0x0000006fab000000,0x0000006fab100000)]
  0x0000022138d9f000 JavaThread "block-manager-ask-thread-pool-168" daemon [_thread_blocked, id=9116, stack(0x0000006faaf00000,0x0000006fab000000)]
  0x0000022138d9e800 JavaThread "block-manager-slave-async-thread-pool-179" daemon [_thread_blocked, id=21936, stack(0x0000006faae00000,0x0000006faaf00000)]
  0x0000022138d9d800 JavaThread "block-manager-slave-async-thread-pool-178" daemon [_thread_blocked, id=27300, stack(0x0000006faad00000,0x0000006faae00000)]
  0x0000022138d96000 JavaThread "block-manager-slave-async-thread-pool-177" daemon [_thread_blocked, id=12780, stack(0x0000006faac00000,0x0000006faad00000)]
  0x0000022138d9a000 JavaThread "block-manager-slave-async-thread-pool-176" daemon [_thread_blocked, id=18928, stack(0x0000006faa900000,0x0000006faaa00000)]
  0x0000022138d9d000 JavaThread "block-manager-ask-thread-pool-167" daemon [_thread_blocked, id=27088, stack(0x0000006faa800000,0x0000006faa900000)]
  0x0000022138d98800 JavaThread "block-manager-ask-thread-pool-166" daemon [_thread_blocked, id=19564, stack(0x0000006faa700000,0x0000006faa800000)]
  0x0000022138d99000 JavaThread "block-manager-slave-async-thread-pool-175" daemon [_thread_blocked, id=24684, stack(0x0000006faa600000,0x0000006faa700000)]
  0x0000022138d95800 JavaThread "block-manager-slave-async-thread-pool-174" daemon [_thread_blocked, id=18832, stack(0x0000006faa500000,0x0000006faa600000)]
  0x0000022138d97800 JavaThread "block-manager-slave-async-thread-pool-173" daemon [_thread_blocked, id=19668, stack(0x0000006faa400000,0x0000006faa500000)]
  0x0000022138d9c000 JavaThread "block-manager-slave-async-thread-pool-172" daemon [_thread_blocked, id=2420, stack(0x0000006faa300000,0x0000006faa400000)]
  0x0000022138d97000 JavaThread "block-manager-ask-thread-pool-165" daemon [_thread_blocked, id=27020, stack(0x0000006faa200000,0x0000006faa300000)]
  0x0000022138d9a800 JavaThread "block-manager-slave-async-thread-pool-171" daemon [_thread_blocked, id=18556, stack(0x0000006faa100000,0x0000006faa200000)]
  0x0000022138d94800 JavaThread "block-manager-slave-async-thread-pool-170" daemon [_thread_blocked, id=24528, stack(0x0000006faa000000,0x0000006faa100000)]
  0x0000022138d9b800 JavaThread "block-manager-ask-thread-pool-164" daemon [_thread_blocked, id=21472, stack(0x0000006fa9f00000,0x0000006faa000000)]
  0x0000022138d8d000 JavaThread "block-manager-slave-async-thread-pool-169" daemon [_thread_blocked, id=21312, stack(0x0000006fa9e00000,0x0000006fa9f00000)]
  0x0000022138d8e000 JavaThread "block-manager-ask-thread-pool-163" daemon [_thread_blocked, id=6732, stack(0x0000006fa9d00000,0x0000006fa9e00000)]
  0x0000022138d94000 JavaThread "block-manager-ask-thread-pool-162" daemon [_thread_blocked, id=26308, stack(0x0000006fa9c00000,0x0000006fa9d00000)]
  0x0000022138d8e800 JavaThread "block-manager-slave-async-thread-pool-168" daemon [_thread_blocked, id=2780, stack(0x0000006fa9b00000,0x0000006fa9c00000)]
  0x0000022138d8c800 JavaThread "block-manager-ask-thread-pool-161" daemon [_thread_blocked, id=516, stack(0x0000006fa9a00000,0x0000006fa9b00000)]
  0x0000022138d93000 JavaThread "block-manager-ask-thread-pool-160" daemon [_thread_blocked, id=11124, stack(0x0000006fa9900000,0x0000006fa9a00000)]
  0x0000022138d8b800 JavaThread "block-manager-slave-async-thread-pool-167" daemon [_thread_blocked, id=23068, stack(0x0000006fa9800000,0x0000006fa9900000)]
  0x0000022138d92800 JavaThread "block-manager-slave-async-thread-pool-166" daemon [_thread_blocked, id=21812, stack(0x0000006fa9700000,0x0000006fa9800000)]
  0x0000022138d8b000 JavaThread "block-manager-ask-thread-pool-159" daemon [_thread_blocked, id=16040, stack(0x0000006fa9600000,0x0000006fa9700000)]
  0x0000022138d91800 JavaThread "block-manager-slave-async-thread-pool-165" daemon [_thread_blocked, id=6788, stack(0x0000006fa9500000,0x0000006fa9600000)]
  0x0000022138d90000 JavaThread "block-manager-slave-async-thread-pool-164" daemon [_thread_blocked, id=23028, stack(0x0000006fa9400000,0x0000006fa9500000)]
  0x0000022138d8a000 JavaThread "block-manager-slave-async-thread-pool-163" daemon [_thread_blocked, id=24884, stack(0x0000006fa9300000,0x0000006fa9400000)]
  0x0000022138d8f800 JavaThread "block-manager-ask-thread-pool-158" daemon [_thread_blocked, id=27484, stack(0x0000006fa9200000,0x0000006fa9300000)]
  0x0000022138d91000 JavaThread "block-manager-slave-async-thread-pool-162" daemon [_thread_blocked, id=21624, stack(0x0000006fa9100000,0x0000006fa9200000)]
  0x0000022138d82800 JavaThread "block-manager-ask-thread-pool-157" daemon [_thread_blocked, id=22624, stack(0x0000006fa9000000,0x0000006fa9100000)]
  0x0000022138d89800 JavaThread "block-manager-ask-thread-pool-156" daemon [_thread_blocked, id=12220, stack(0x0000006fa8f00000,0x0000006fa9000000)]
  0x0000022138d82000 JavaThread "block-manager-ask-thread-pool-155" daemon [_thread_blocked, id=14532, stack(0x0000006fa8e00000,0x0000006fa8f00000)]
  0x0000022138d88800 JavaThread "block-manager-slave-async-thread-pool-161" daemon [_thread_blocked, id=12768, stack(0x0000006fa8d00000,0x0000006fa8e00000)]
  0x0000022138d81000 JavaThread "block-manager-slave-async-thread-pool-160" daemon [_thread_blocked, id=15696, stack(0x0000006fa8c00000,0x0000006fa8d00000)]
  0x0000022138d88000 JavaThread "block-manager-ask-thread-pool-154" daemon [_thread_blocked, id=16776, stack(0x0000006fa8b00000,0x0000006fa8c00000)]
  0x0000022138d87000 JavaThread "block-manager-slave-async-thread-pool-159" daemon [_thread_blocked, id=1484, stack(0x0000006fa8a00000,0x0000006fa8b00000)]
  0x0000022138d86800 JavaThread "broadcast-exchange-4" daemon [_thread_blocked, id=12548, stack(0x0000006fa8900000,0x0000006fa8a00000)]
  0x0000022138d83800 JavaThread "broadcast-exchange-3" daemon [_thread_blocked, id=27660, stack(0x0000006fa8800000,0x0000006fa8900000)]
  0x0000022138d85800 JavaThread "broadcast-exchange-2" daemon [_thread_blocked, id=25332, stack(0x0000006fa8700000,0x0000006fa8800000)]
  0x0000022138d85000 JavaThread "block-manager-ask-thread-pool-153" daemon [_thread_blocked, id=18900, stack(0x0000006fa8600000,0x0000006fa8700000)]
  0x000002213a7ff800 JavaThread "block-manager-ask-thread-pool-152" daemon [_thread_blocked, id=25816, stack(0x0000006fa8500000,0x0000006fa8600000)]
  0x000002213a7fe800 JavaThread "block-manager-slave-async-thread-pool-158" daemon [_thread_blocked, id=18992, stack(0x0000006fa8400000,0x0000006fa8500000)]
  0x000002213a7fe000 JavaThread "block-manager-slave-async-thread-pool-157" daemon [_thread_blocked, id=11924, stack(0x0000006fa8300000,0x0000006fa8400000)]
  0x000002213a7fd000 JavaThread "block-manager-ask-thread-pool-151" daemon [_thread_blocked, id=6680, stack(0x0000006fa8200000,0x0000006fa8300000)]
  0x000002213a7f5800 JavaThread "block-manager-slave-async-thread-pool-156" daemon [_thread_blocked, id=6904, stack(0x0000006fa8100000,0x0000006fa8200000)]
  0x000002213a7fc800 JavaThread "block-manager-ask-thread-pool-150" daemon [_thread_blocked, id=24852, stack(0x0000006fa8000000,0x0000006fa8100000)]
  0x000002213a7f5000 JavaThread "block-manager-ask-thread-pool-149" daemon [_thread_blocked, id=26364, stack(0x0000006fa7f00000,0x0000006fa8000000)]
  0x000002213a7fb800 JavaThread "block-manager-slave-async-thread-pool-155" daemon [_thread_blocked, id=22232, stack(0x0000006fa7e00000,0x0000006fa7f00000)]
  0x000002213a7fb000 JavaThread "block-manager-slave-async-thread-pool-154" daemon [_thread_blocked, id=19240, stack(0x0000006fa7d00000,0x0000006fa7e00000)]
  0x000002213a7fa000 JavaThread "block-manager-ask-thread-pool-148" daemon [_thread_blocked, id=26676, stack(0x0000006fa7c00000,0x0000006fa7d00000)]
  0x000002213a7f9800 JavaThread "block-manager-slave-async-thread-pool-153" daemon [_thread_blocked, id=19448, stack(0x0000006fa7b00000,0x0000006fa7c00000)]
  0x000002213a7f8800 JavaThread "block-manager-ask-thread-pool-147" daemon [_thread_blocked, id=25548, stack(0x0000006fa7a00000,0x0000006fa7b00000)]
  0x000002213a7f8000 JavaThread "block-manager-ask-thread-pool-146" daemon [_thread_blocked, id=23308, stack(0x0000006fa7900000,0x0000006fa7a00000)]
  0x000002213a7f0000 JavaThread "block-manager-slave-async-thread-pool-152" daemon [_thread_blocked, id=25220, stack(0x0000006fa7800000,0x0000006fa7900000)]
  0x000002213a7f4000 JavaThread "block-manager-slave-async-thread-pool-151" daemon [_thread_blocked, id=24392, stack(0x0000006fa7600000,0x0000006fa7700000)]
  0x000002213a7f6800 JavaThread "block-manager-ask-thread-pool-145" daemon [_thread_blocked, id=17916, stack(0x0000006fa7500000,0x0000006fa7600000)]
  0x000002213a7f3000 JavaThread "block-manager-slave-async-thread-pool-150" daemon [_thread_blocked, id=15932, stack(0x0000006fa7400000,0x0000006fa7500000)]
  0x000002213a7f2800 JavaThread "block-manager-ask-thread-pool-144" daemon [_thread_blocked, id=13628, stack(0x0000006fa7300000,0x0000006fa7400000)]
  0x000002213a7f1800 JavaThread "block-manager-ask-thread-pool-143" daemon [_thread_blocked, id=22616, stack(0x0000006fa7200000,0x0000006fa7300000)]
  0x000002213a7f7000 JavaThread "block-manager-slave-async-thread-pool-149" daemon [_thread_blocked, id=32, stack(0x0000006fa7100000,0x0000006fa7200000)]
  0x000002213a7f1000 JavaThread "block-manager-slave-async-thread-pool-148" daemon [_thread_blocked, id=14660, stack(0x0000006fa7000000,0x0000006fa7100000)]
  0x0000022138a67000 JavaThread "block-manager-slave-async-thread-pool-147" daemon [_thread_blocked, id=21568, stack(0x0000006fa6f00000,0x0000006fa7000000)]
  0x0000022138a66800 JavaThread "block-manager-ask-thread-pool-142" daemon [_thread_blocked, id=25588, stack(0x0000006fa6e00000,0x0000006fa6f00000)]
  0x0000022138a65800 JavaThread "block-manager-ask-thread-pool-141" daemon [_thread_blocked, id=640, stack(0x0000006fa6d00000,0x0000006fa6e00000)]
  0x0000022138a65000 JavaThread "block-manager-ask-thread-pool-140" daemon [_thread_blocked, id=19128, stack(0x0000006fa6c00000,0x0000006fa6d00000)]
  0x0000022138a64000 JavaThread "block-manager-slave-async-thread-pool-146" daemon [_thread_blocked, id=11748, stack(0x0000006fa6b00000,0x0000006fa6c00000)]
  0x0000022138a63800 JavaThread "block-manager-slave-async-thread-pool-145" daemon [_thread_blocked, id=23080, stack(0x0000006fa6a00000,0x0000006fa6b00000)]
  0x0000022138a6a000 JavaThread "block-manager-ask-thread-pool-139" daemon [_thread_blocked, id=19592, stack(0x0000006fa6900000,0x0000006fa6a00000)]
  0x0000022138a69800 JavaThread "block-manager-slave-async-thread-pool-144" daemon [_thread_blocked, id=18284, stack(0x0000006fa6800000,0x0000006fa6900000)]
  0x0000022138a68800 JavaThread "block-manager-ask-thread-pool-138" daemon [_thread_blocked, id=16940, stack(0x0000006fa6700000,0x0000006fa6800000)]
  0x0000022138a68000 JavaThread "block-manager-ask-thread-pool-137" daemon [_thread_blocked, id=8496, stack(0x0000006fa6600000,0x0000006fa6700000)]
  0x0000022138a62800 JavaThread "block-manager-slave-async-thread-pool-143" daemon [_thread_blocked, id=916, stack(0x0000006fa6500000,0x0000006fa6600000)]
  0x0000022138a5b000 JavaThread "block-manager-slave-async-thread-pool-142" daemon [_thread_blocked, id=16504, stack(0x0000006fa6400000,0x0000006fa6500000)]
  0x0000022138a5c800 JavaThread "block-manager-ask-thread-pool-136" daemon [_thread_blocked, id=7724, stack(0x0000006fa6300000,0x0000006fa6400000)]
  0x0000022138a5d000 JavaThread "block-manager-slave-async-thread-pool-141" daemon [_thread_blocked, id=19536, stack(0x0000006fa6200000,0x0000006fa6300000)]
  0x0000022138a61800 JavaThread "block-manager-ask-thread-pool-135" daemon [_thread_blocked, id=26352, stack(0x0000006fa6100000,0x0000006fa6200000)]
  0x0000022138a5e800 JavaThread "block-manager-ask-thread-pool-134" daemon [_thread_blocked, id=15904, stack(0x0000006fa6000000,0x0000006fa6100000)]
  0x0000022138a61000 JavaThread "block-manager-slave-async-thread-pool-140" daemon [_thread_blocked, id=4432, stack(0x0000006fa5f00000,0x0000006fa6000000)]
  0x0000022138a5e000 JavaThread "block-manager-slave-async-thread-pool-139" daemon [_thread_blocked, id=22332, stack(0x0000006fa5e00000,0x0000006fa5f00000)]
  0x0000022138a5f800 JavaThread "block-manager-slave-async-thread-pool-138" daemon [_thread_blocked, id=2300, stack(0x0000006fa5d00000,0x0000006fa5e00000)]
  0x0000022138a60000 JavaThread "block-manager-ask-thread-pool-133" daemon [_thread_blocked, id=6000, stack(0x0000006fa5c00000,0x0000006fa5d00000)]
  0x0000022138a5b800 JavaThread "block-manager-ask-thread-pool-132" daemon [_thread_blocked, id=22468, stack(0x0000006fa5b00000,0x0000006fa5c00000)]
  0x00000221358e7000 JavaThread "block-manager-ask-thread-pool-131" daemon [_thread_blocked, id=14388, stack(0x0000006fa5a00000,0x0000006fa5b00000)]
  0x0000022132fa0000 JavaThread "block-manager-slave-async-thread-pool-137" daemon [_thread_blocked, id=13336, stack(0x0000006fa5900000,0x0000006fa5a00000)]
  0x00000221362e7800 JavaThread "block-manager-slave-async-thread-pool-136" daemon [_thread_blocked, id=17696, stack(0x0000006fa5800000,0x0000006fa5900000)]
  0x00000221362e8000 JavaThread "block-manager-slave-async-thread-pool-135" daemon [_thread_blocked, id=27540, stack(0x0000006fa5700000,0x0000006fa5800000)]
  0x00000221362e6000 JavaThread "block-manager-ask-thread-pool-130" daemon [_thread_blocked, id=19584, stack(0x0000006fa5600000,0x0000006fa5700000)]
  0x00000221362ea800 JavaThread "block-manager-ask-thread-pool-129" daemon [_thread_blocked, id=23360, stack(0x0000006fa5500000,0x0000006fa5600000)]
  0x00000221362e0000 JavaThread "block-manager-ask-thread-pool-128" daemon [_thread_blocked, id=26744, stack(0x0000006fa5400000,0x0000006fa5500000)]
  0x00000221362e5000 JavaThread "block-manager-slave-async-thread-pool-134" daemon [_thread_blocked, id=14556, stack(0x0000006fa5300000,0x0000006fa5400000)]
  0x0000022133fd2800 JavaThread "block-manager-slave-async-thread-pool-133" daemon [_thread_blocked, id=24432, stack(0x0000006fa5200000,0x0000006fa5300000)]
  0x0000022133fd1800 JavaThread "block-manager-ask-thread-pool-127" daemon [_thread_blocked, id=26392, stack(0x0000006fa5100000,0x0000006fa5200000)]
  0x0000022133fd0000 JavaThread "block-manager-slave-async-thread-pool-132" daemon [_thread_blocked, id=24176, stack(0x0000006fa5000000,0x0000006fa5100000)]
  0x0000022133fcf800 JavaThread "block-manager-ask-thread-pool-126" daemon [_thread_blocked, id=25840, stack(0x0000006fa4f00000,0x0000006fa5000000)]
  0x0000022133fce800 JavaThread "block-manager-ask-thread-pool-125" daemon [_thread_blocked, id=23456, stack(0x0000006fa4e00000,0x0000006fa4f00000)]
  0x0000022133fd1000 JavaThread "block-manager-slave-async-thread-pool-131" daemon [_thread_blocked, id=11624, stack(0x0000006fa4d00000,0x0000006fa4e00000)]
  0x0000022133fce000 JavaThread "block-manager-slave-async-thread-pool-130" daemon [_thread_blocked, id=25084, stack(0x0000006fa4c00000,0x0000006fa4d00000)]
  0x00000221342b5000 JavaThread "block-manager-ask-thread-pool-124" daemon [_thread_blocked, id=27492, stack(0x0000006fa4b00000,0x0000006fa4c00000)]
  0x00000221342b4000 JavaThread "block-manager-slave-async-thread-pool-129" daemon [_thread_blocked, id=23096, stack(0x0000006fa4a00000,0x0000006fa4b00000)]
  0x00000221342b3800 JavaThread "block-manager-ask-thread-pool-123" daemon [_thread_blocked, id=21356, stack(0x0000006fa4900000,0x0000006fa4a00000)]
  0x00000221342b2800 JavaThread "block-manager-ask-thread-pool-122" daemon [_thread_blocked, id=12620, stack(0x0000006fa4800000,0x0000006fa4900000)]
  0x00000221342b5800 JavaThread "block-manager-slave-async-thread-pool-128" daemon [_thread_blocked, id=1180, stack(0x0000006fa4700000,0x0000006fa4800000)]
  0x00000221342ab000 JavaThread "block-manager-slave-async-thread-pool-127" daemon [_thread_blocked, id=28472, stack(0x0000006fa4600000,0x0000006fa4700000)]
  0x00000221342b2000 JavaThread "block-manager-slave-async-thread-pool-126" daemon [_thread_blocked, id=22128, stack(0x0000006fa4500000,0x0000006fa4600000)]
  0x00000221342b1000 JavaThread "block-manager-ask-thread-pool-121" daemon [_thread_blocked, id=20524, stack(0x0000006fa4400000,0x0000006fa4500000)]
  0x00000221342a9800 JavaThread "block-manager-ask-thread-pool-120" daemon [_thread_blocked, id=18016, stack(0x0000006fa4300000,0x0000006fa4400000)]
  0x00000221342af000 JavaThread "block-manager-ask-thread-pool-119" daemon [_thread_blocked, id=17580, stack(0x0000006fa4200000,0x0000006fa4300000)]
  0x00000221342b0800 JavaThread "block-manager-slave-async-thread-pool-125" daemon [_thread_blocked, id=22864, stack(0x0000006fa4100000,0x0000006fa4200000)]
  0x00000221342a9000 JavaThread "block-manager-slave-async-thread-pool-124" daemon [_thread_blocked, id=5536, stack(0x0000006fa4000000,0x0000006fa4100000)]
  0x00000221342a7800 JavaThread "block-manager-slave-async-thread-pool-123" daemon [_thread_blocked, id=16976, stack(0x0000006fa3f00000,0x0000006fa4000000)]
  0x00000221342a6800 JavaThread "block-manager-ask-thread-pool-118" daemon [_thread_blocked, id=27424, stack(0x0000006fa3e00000,0x0000006fa3f00000)]
  0x00000221342ad800 JavaThread "block-manager-ask-thread-pool-117" daemon [_thread_blocked, id=24312, stack(0x0000006fa3d00000,0x0000006fa3e00000)]
  0x00000221342ac000 JavaThread "block-manager-ask-thread-pool-116" daemon [_thread_blocked, id=2160, stack(0x0000006fa3c00000,0x0000006fa3d00000)]
  0x00000221342a8000 JavaThread "block-manager-slave-async-thread-pool-122" daemon [_thread_blocked, id=24320, stack(0x0000006fa3b00000,0x0000006fa3c00000)]
  0x00000221342ac800 JavaThread "block-manager-slave-async-thread-pool-121" daemon [_thread_blocked, id=23516, stack(0x0000006fa3a00000,0x0000006fa3b00000)]
  0x00000221342aa800 JavaThread "block-manager-ask-thread-pool-115" daemon [_thread_blocked, id=28592, stack(0x0000006fa3900000,0x0000006fa3a00000)]
  0x000002213bbf5000 JavaThread "block-manager-slave-async-thread-pool-120" daemon [_thread_blocked, id=17004, stack(0x0000006fa3800000,0x0000006fa3900000)]
  0x000002213bbf7000 JavaThread "block-manager-ask-thread-pool-114" daemon [_thread_blocked, id=19324, stack(0x0000006fa3700000,0x0000006fa3800000)]
  0x000002213bbf5800 JavaThread "block-manager-ask-thread-pool-113" daemon [_thread_blocked, id=23152, stack(0x0000006fa3600000,0x0000006fa3700000)]
  0x000002213bbf4000 JavaThread "block-manager-slave-async-thread-pool-119" daemon [_thread_blocked, id=14644, stack(0x0000006fa3500000,0x0000006fa3600000)]
  0x000002213bbf6800 JavaThread "block-manager-slave-async-thread-pool-118" daemon [_thread_blocked, id=20956, stack(0x0000006fa3400000,0x0000006fa3500000)]
  0x000002213bbf1000 JavaThread "block-manager-slave-async-thread-pool-117" daemon [_thread_blocked, id=15740, stack(0x0000006fa3300000,0x0000006fa3400000)]
  0x000002213bbf3800 JavaThread "block-manager-ask-thread-pool-112" daemon [_thread_blocked, id=12856, stack(0x0000006fa3200000,0x0000006fa3300000)]
  0x000002213bbf2800 JavaThread "block-manager-ask-thread-pool-111" daemon [_thread_blocked, id=14692, stack(0x0000006fa3100000,0x0000006fa3200000)]
  0x000002213bbef800 JavaThread "block-manager-ask-thread-pool-110" daemon [_thread_blocked, id=17848, stack(0x0000006fa3000000,0x0000006fa3100000)]
  0x000002213bbf0800 JavaThread "block-manager-slave-async-thread-pool-116" daemon [_thread_blocked, id=25492, stack(0x0000006fa2f00000,0x0000006fa3000000)]
  0x000002213bbe9000 JavaThread "block-manager-slave-async-thread-pool-115" daemon [_thread_blocked, id=25656, stack(0x0000006fa2e00000,0x0000006fa2f00000)]
  0x000002213bbec800 JavaThread "block-manager-slave-async-thread-pool-114" daemon [_thread_blocked, id=14932, stack(0x0000006fa2d00000,0x0000006fa2e00000)]
  0x000002213bbec000 JavaThread "block-manager-ask-thread-pool-109" daemon [_thread_blocked, id=24204, stack(0x0000006fa2c00000,0x0000006fa2d00000)]
  0x000002213bbe8000 JavaThread "block-manager-ask-thread-pool-108" daemon [_thread_blocked, id=16220, stack(0x0000006fa2b00000,0x0000006fa2c00000)]
  0x000002213bbed800 JavaThread "block-manager-ask-thread-pool-107" daemon [_thread_blocked, id=716, stack(0x0000006fa2a00000,0x0000006fa2b00000)]
  0x000002213bbeb000 JavaThread "block-manager-slave-async-thread-pool-113" daemon [_thread_blocked, id=20712, stack(0x0000006fa2900000,0x0000006fa2a00000)]
  0x000002213bbef000 JavaThread "block-manager-slave-async-thread-pool-112" daemon [_thread_blocked, id=22148, stack(0x0000006fa2800000,0x0000006fa2900000)]
  0x000002213bbea800 JavaThread "block-manager-ask-thread-pool-106" daemon [_thread_blocked, id=4116, stack(0x0000006fa2700000,0x0000006fa2800000)]
  0x000002213bbee000 JavaThread "block-manager-slave-async-thread-pool-111" daemon [_thread_blocked, id=28208, stack(0x0000006fa2600000,0x0000006fa2700000)]
  0x000002213bbe9800 JavaThread "block-manager-ask-thread-pool-105" daemon [_thread_blocked, id=22660, stack(0x0000006fa2500000,0x0000006fa2600000)]
  0x0000022136237800 JavaThread "block-manager-ask-thread-pool-104" daemon [_thread_blocked, id=10112, stack(0x0000006fa2400000,0x0000006fa2500000)]
  0x0000022136236800 JavaThread "block-manager-slave-async-thread-pool-110" daemon [_thread_blocked, id=19864, stack(0x0000006fa2300000,0x0000006fa2400000)]
  0x0000022136236000 JavaThread "block-manager-slave-async-thread-pool-109" daemon [_thread_blocked, id=12028, stack(0x0000006fa2200000,0x0000006fa2300000)]
  0x0000022136234800 JavaThread "block-manager-slave-async-thread-pool-108" daemon [_thread_blocked, id=24936, stack(0x0000006fa2100000,0x0000006fa2200000)]
  0x0000022136235000 JavaThread "block-manager-ask-thread-pool-103" daemon [_thread_blocked, id=27104, stack(0x0000006f9d500000,0x0000006f9d600000)]
  0x0000022136233800 JavaThread "block-manager-ask-thread-pool-102" daemon [_thread_blocked, id=3876, stack(0x0000006fa2000000,0x0000006fa2100000)]
  0x000002213622c000 JavaThread "block-manager-ask-thread-pool-101" daemon [_thread_blocked, id=26212, stack(0x0000006fa1f00000,0x0000006fa2000000)]
  0x0000022136233000 JavaThread "block-manager-slave-async-thread-pool-107" daemon [_thread_blocked, id=14188, stack(0x0000006fa1e00000,0x0000006fa1f00000)]
  0x0000022136232000 JavaThread "block-manager-slave-async-thread-pool-106" daemon [_thread_blocked, id=22784, stack(0x0000006fa1d00000,0x0000006fa1e00000)]
  0x000002213622a800 JavaThread "block-manager-slave-async-thread-pool-105" daemon [_thread_blocked, id=21856, stack(0x0000006fa1c00000,0x0000006fa1d00000)]
  0x0000022136231800 JavaThread "block-manager-ask-thread-pool-100" daemon [_thread_blocked, id=15300, stack(0x0000006fa1b00000,0x0000006fa1c00000)]
  0x0000022136230800 JavaThread "block-manager-ask-thread-pool-99" daemon [_thread_blocked, id=19848, stack(0x0000006fa1a00000,0x0000006fa1b00000)]
  0x000002213622e800 JavaThread "block-manager-ask-thread-pool-98" daemon [_thread_blocked, id=21160, stack(0x0000006fa1900000,0x0000006fa1a00000)]
  0x0000022136230000 JavaThread "block-manager-slave-async-thread-pool-104" daemon [_thread_blocked, id=16468, stack(0x0000006fa1800000,0x0000006fa1900000)]
  0x0000022136229000 JavaThread "block-manager-slave-async-thread-pool-103" daemon [_thread_blocked, id=19548, stack(0x0000006fa1700000,0x0000006fa1800000)]
  0x000002213622d000 JavaThread "block-manager-slave-async-thread-pool-102" daemon [_thread_blocked, id=21820, stack(0x0000006fa1600000,0x0000006fa1700000)]
  0x000002213622d800 JavaThread "block-manager-ask-thread-pool-97" daemon [_thread_blocked, id=24860, stack(0x0000006fa1500000,0x0000006fa1600000)]
  0x0000022136228000 JavaThread "block-manager-ask-thread-pool-96" daemon [_thread_blocked, id=18184, stack(0x0000006fa1400000,0x0000006fa1500000)]
  0x000002213622f000 JavaThread "block-manager-ask-thread-pool-95" daemon [_thread_blocked, id=21816, stack(0x0000006fa1300000,0x0000006fa1400000)]
  0x00000221362ec800 JavaThread "block-manager-slave-async-thread-pool-101" daemon [_thread_blocked, id=23396, stack(0x0000006fa1200000,0x0000006fa1300000)]
  0x00000221362eb000 JavaThread "block-manager-slave-async-thread-pool-100" daemon [_thread_blocked, id=19596, stack(0x0000006fa1100000,0x0000006fa1200000)]
  0x00000221362e9800 JavaThread "block-manager-slave-async-thread-pool-99" daemon [_thread_blocked, id=26512, stack(0x0000006fa1000000,0x0000006fa1100000)]
  0x00000221362ec000 JavaThread "block-manager-ask-thread-pool-94" daemon [_thread_blocked, id=23300, stack(0x0000006fa0f00000,0x0000006fa1000000)]
  0x00000221362e2000 JavaThread "block-manager-ask-thread-pool-93" daemon [_thread_blocked, id=21516, stack(0x0000006fa0e00000,0x0000006fa0f00000)]
  0x00000221362e9000 JavaThread "block-manager-ask-thread-pool-92" daemon [_thread_blocked, id=16200, stack(0x0000006fa0d00000,0x0000006fa0e00000)]
  0x00000221362e6800 JavaThread "block-manager-slave-async-thread-pool-98" daemon [_thread_blocked, id=28100, stack(0x0000006fa0c00000,0x0000006fa0d00000)]
  0x00000221362e1800 JavaThread "block-manager-slave-async-thread-pool-97" daemon [_thread_blocked, id=24760, stack(0x0000006fa0b00000,0x0000006fa0c00000)]
  0x00000221362e4800 JavaThread "block-manager-slave-async-thread-pool-96" daemon [_thread_blocked, id=20972, stack(0x0000006fa0a00000,0x0000006fa0b00000)]
  0x00000221362e3800 JavaThread "block-manager-ask-thread-pool-91" daemon [_thread_blocked, id=12056, stack(0x0000006fa0900000,0x0000006fa0a00000)]
  0x00000221362e3000 JavaThread "block-manager-ask-thread-pool-90" daemon [_thread_blocked, id=14752, stack(0x0000006fa0800000,0x0000006fa0900000)]
  0x00000221362da000 JavaThread "block-manager-ask-thread-pool-89" daemon [_thread_blocked, id=3932, stack(0x0000006fa0700000,0x0000006fa0800000)]
  0x00000221362e0800 JavaThread "block-manager-slave-async-thread-pool-95" daemon [_thread_blocked, id=22940, stack(0x0000006fa0600000,0x0000006fa0700000)]
  0x00000221362d8800 JavaThread "block-manager-slave-async-thread-pool-94" daemon [_thread_blocked, id=5708, stack(0x0000006fa0500000,0x0000006fa0600000)]
  0x00000221362df000 JavaThread "block-manager-slave-async-thread-pool-93" daemon [_thread_blocked, id=25256, stack(0x0000006fa0400000,0x0000006fa0500000)]
  0x00000221362dd800 JavaThread "block-manager-ask-thread-pool-88" daemon [_thread_blocked, id=15308, stack(0x0000006fa0300000,0x0000006fa0400000)]
  0x00000221362dc000 JavaThread "block-manager-ask-thread-pool-87" daemon [_thread_blocked, id=14016, stack(0x0000006fa0200000,0x0000006fa0300000)]
  0x00000221362dd000 JavaThread "block-manager-ask-thread-pool-86" daemon [_thread_blocked, id=17292, stack(0x0000006fa0100000,0x0000006fa0200000)]
  0x00000221362db800 JavaThread "block-manager-slave-async-thread-pool-92" daemon [_thread_blocked, id=27432, stack(0x0000006fa0000000,0x0000006fa0100000)]
  0x00000221362d9000 JavaThread "block-manager-slave-async-thread-pool-91" daemon [_thread_blocked, id=26216, stack(0x0000006f9ff00000,0x0000006fa0000000)]
  0x00000221362da800 JavaThread "block-manager-ask-thread-pool-85" daemon [_thread_blocked, id=23868, stack(0x0000006f9fe00000,0x0000006f9ff00000)]
  0x00000221362de800 JavaThread "block-manager-slave-async-thread-pool-90" daemon [_thread_blocked, id=18764, stack(0x0000006f9fd00000,0x0000006f9fe00000)]
  0x00000221362d7000 JavaThread "block-manager-ask-thread-pool-84" daemon [_thread_blocked, id=14524, stack(0x0000006f9fc00000,0x0000006f9fd00000)]
  0x00000221362d7800 JavaThread "block-manager-ask-thread-pool-83" daemon [_thread_blocked, id=23832, stack(0x0000006f9fb00000,0x0000006f9fc00000)]
  0x00000221362cf000 JavaThread "block-manager-slave-async-thread-pool-89" daemon [_thread_blocked, id=16356, stack(0x0000006f9fa00000,0x0000006f9fb00000)]
  0x00000221362d6000 JavaThread "block-manager-slave-async-thread-pool-88" daemon [_thread_blocked, id=16904, stack(0x0000006f9f900000,0x0000006f9fa00000)]
  0x00000221362d0000 JavaThread "block-manager-slave-async-thread-pool-87" daemon [_thread_blocked, id=13096, stack(0x0000006f9f800000,0x0000006f9f900000)]
  0x00000221362ce800 JavaThread "block-manager-ask-thread-pool-82" daemon [_thread_blocked, id=25876, stack(0x0000006f9f700000,0x0000006f9f800000)]
  0x00000221362d3000 JavaThread "block-manager-ask-thread-pool-81" daemon [_thread_blocked, id=28260, stack(0x0000006f9f600000,0x0000006f9f700000)]
  0x00000221362d5800 JavaThread "block-manager-ask-thread-pool-80" daemon [_thread_blocked, id=15668, stack(0x0000006f9f500000,0x0000006f9f600000)]
  0x00000221362d0800 JavaThread "block-manager-ask-thread-pool-79" daemon [_thread_blocked, id=19376, stack(0x0000006f9ab00000,0x0000006f9ac00000)]
  0x0000022136229800 JavaThread "Executor task launch worker for task 643" daemon [_thread_in_native, id=19600, stack(0x0000006fa7700000,0x0000006fa7800000)]
  0x0000022133fcd000 JavaThread "task-result-getter-3" daemon [_thread_blocked, id=24464, stack(0x0000006f9f300000,0x0000006f9f400000)]
  0x0000022133fc5800 JavaThread "task-result-getter-2" daemon [_thread_blocked, id=1704, stack(0x0000006f9f200000,0x0000006f9f300000)]
  0x0000022133fc6000 JavaThread "task-result-getter-1" daemon [_thread_blocked, id=21060, stack(0x0000006f9f100000,0x0000006f9f200000)]
  0x0000022133fcc800 JavaThread "task-result-getter-0" daemon [_thread_blocked, id=17176, stack(0x0000006f9f000000,0x0000006f9f100000)]
  0x0000022133fc7000 JavaThread "Executor task launch worker for task 641" daemon [_thread_in_native, id=28072, stack(0x0000006f9ef00000,0x0000006f9f000000)]
  0x0000022133fcb800 JavaThread "Executor task launch worker for task 648" daemon [_thread_blocked, id=19096, stack(0x0000006f9ee00000,0x0000006f9ef00000)]
=>0x0000022133fc7800 JavaThread "Executor task launch worker for task 644" daemon [_thread_in_native, id=14728, stack(0x0000006f9ed00000,0x0000006f9ee00000)]
  0x0000022133fc4800 JavaThread "Executor task launch worker for task 649" daemon [_thread_blocked, id=25432, stack(0x0000006f9ec00000,0x0000006f9ed00000)]
  0x0000022133fc8800 JavaThread "Executor task launch worker for task 626" daemon [_thread_blocked, id=27908, stack(0x0000006f9eb00000,0x0000006f9ec00000)]
  0x0000022133fc4000 JavaThread "Executor task launch worker for task 647" daemon [_thread_in_vm, id=22644, stack(0x0000006f9ea00000,0x0000006f9eb00000)]
  0x0000022133fc9000 JavaThread "org.apache.hadoop.fs.FileSystem$Statistics$StatisticsDataReferenceCleaner" daemon [_thread_blocked, id=11576, stack(0x0000006f9e900000,0x0000006f9ea00000)]
  0x0000022133fca800 JavaThread "mysql-cj-abandoned-connection-cleanup" daemon [_thread_blocked, id=24316, stack(0x0000006f9e800000,0x0000006f9e900000)]
  0x0000022133fc3000 JavaThread "spark-listener-group-streams" daemon [_thread_blocked, id=4080, stack(0x0000006f9e700000,0x0000006f9e800000)]
  0x00000221358ec800 JavaThread "element-tracking-store-worker" daemon [_thread_blocked, id=24164, stack(0x0000006f9e600000,0x0000006f9e700000)]
  0x00000221358ee000 JavaThread "spark-listener-group-shared" daemon [_thread_blocked, id=4980, stack(0x0000006f9e500000,0x0000006f9e600000)]
  0x00000221358eb000 JavaThread "spark-listener-group-executorManagement" daemon [_thread_blocked, id=3524, stack(0x0000006f9e400000,0x0000006f9e500000)]
  0x00000221358ea000 JavaThread "spark-listener-group-appStatus" daemon [_thread_blocked, id=5520, stack(0x0000006f9e300000,0x0000006f9e400000)]
  0x00000221358ed000 JavaThread "context-cleaner-periodic-gc" daemon [_thread_blocked, id=11380, stack(0x0000006f9e200000,0x0000006f9e300000)]
  0x00000221358f1000 JavaThread "Spark Context Cleaner" daemon [_thread_blocked, id=23020, stack(0x0000006f9e100000,0x0000006f9e200000)]
  0x00000221358f0000 JavaThread "shuffle-server-5-1" daemon [_thread_in_native, id=14288, stack(0x0000006f9e000000,0x0000006f9e100000)]
  0x00000221358ef800 JavaThread "driver-heartbeater" daemon [_thread_blocked, id=17588, stack(0x0000006f9df00000,0x0000006f9e000000)]
  0x00000221358ee800 JavaThread "netty-rpc-env-timeout" daemon [_thread_blocked, id=24820, stack(0x0000006f9de00000,0x0000006f9df00000)]
  0x00000221358e2800 JavaThread "dag-scheduler-event-loop" daemon [_thread_blocked, id=18392, stack(0x0000006f9dd00000,0x0000006f9de00000)]
  0x00000221358e4000 JavaThread "Timer-1" daemon [_thread_blocked, id=17460, stack(0x0000006f9dc00000,0x0000006f9dd00000)]
  0x00000221358e6800 JavaThread "Timer-0" daemon [_thread_blocked, id=22744, stack(0x0000006f9d400000,0x0000006f9d500000)]
  0x00000221358e5800 JavaThread "SparkUI-43" daemon [_thread_blocked, id=17812, stack(0x0000006f9db00000,0x0000006f9dc00000)]
  0x00000221358e9800 JavaThread "heartbeat-receiver-event-loop-thread" daemon [_thread_blocked, id=19484, stack(0x0000006f9da00000,0x0000006f9db00000)]
  0x00000221358e2000 JavaThread "SparkUI-41" daemon [_thread_blocked, id=2860, stack(0x0000006f9d900000,0x0000006f9da00000)]
  0x00000221358e8800 JavaThread "SparkUI-40" daemon [_thread_blocked, id=26444, stack(0x0000006f9d800000,0x0000006f9d900000)]
  0x00000221358e5000 JavaThread "SparkUI-39" daemon [_thread_blocked, id=13804, stack(0x0000006f9d700000,0x0000006f9d800000)]
  0x00000221358e8000 JavaThread "SparkUI-37" daemon [_thread_in_native, id=11928, stack(0x0000006f9d600000,0x0000006f9d700000)]
  0x00000221358e3800 JavaThread "SparkUI-34" daemon [_thread_blocked, id=27872, stack(0x0000006f9d300000,0x0000006f9d400000)]
  0x0000022132fa1800 JavaThread "SparkUI-33" daemon [_thread_in_native, id=16336, stack(0x0000006f9d200000,0x0000006f9d300000)]
  0x0000022132fa1000 JavaThread "SparkUI-32" daemon [_thread_in_native, id=25700, stack(0x0000006f9d100000,0x0000006f9d200000)]
  0x0000022132fa4800 JavaThread "SparkUI-31-acceptor-0@4e98669c-Spark@405f913f{HTTP/1.1,[http/1.1]}{0.0.0.0:4041}" daemon [_thread_in_native, id=20472, stack(0x0000006f9d000000,0x0000006f9d100000)]
  0x0000022132fa4000 JavaThread "RemoteBlock-temp-file-clean-thread" daemon [_thread_blocked, id=16248, stack(0x0000006f9ce00000,0x0000006f9cf00000)]
  0x0000022132f9f800 JavaThread "map-output-dispatcher-7" daemon [_thread_blocked, id=18036, stack(0x0000006f9cd00000,0x0000006f9ce00000)]
  0x0000022132fa2800 JavaThread "map-output-dispatcher-6" daemon [_thread_blocked, id=23864, stack(0x0000006f9cc00000,0x0000006f9cd00000)]
  0x0000022132f9e000 JavaThread "map-output-dispatcher-5" daemon [_thread_blocked, id=21116, stack(0x0000006f9cb00000,0x0000006f9cc00000)]
  0x0000022132fa3000 JavaThread "map-output-dispatcher-4" daemon [_thread_blocked, id=26648, stack(0x0000006f9ca00000,0x0000006f9cb00000)]
  0x0000022132f9e800 JavaThread "map-output-dispatcher-3" daemon [_thread_blocked, id=1708, stack(0x0000006f9c900000,0x0000006f9ca00000)]
  0x000002213421d800 JavaThread "map-output-dispatcher-2" daemon [_thread_blocked, id=17872, stack(0x0000006f9c800000,0x0000006f9c900000)]
  0x000002213421d000 JavaThread "map-output-dispatcher-1" daemon [_thread_blocked, id=26664, stack(0x0000006f9c700000,0x0000006f9c800000)]
  0x0000022132d3f800 JavaThread "map-output-dispatcher-0" daemon [_thread_blocked, id=14064, stack(0x0000006f9c600000,0x0000006f9c700000)]
  0x00000221345d7000 JavaThread "rpc-server-3-1" daemon [_thread_in_native, id=18308, stack(0x0000006f9c500000,0x0000006f9c600000)]
  0x000002213553f800 JavaThread "dispatcher-event-loop-5" daemon [_thread_blocked, id=16492, stack(0x0000006f9c400000,0x0000006f9c500000)]
  0x000002213554d000 JavaThread "dispatcher-event-loop-4" daemon [_thread_blocked, id=20172, stack(0x0000006f9c300000,0x0000006f9c400000)]
  0x000002213554c800 JavaThread "dispatcher-event-loop-3" daemon [_thread_blocked, id=18852, stack(0x0000006f9c200000,0x0000006f9c300000)]
  0x0000022135543000 JavaThread "dispatcher-event-loop-2" daemon [_thread_blocked, id=27452, stack(0x0000006f9c100000,0x0000006f9c200000)]
  0x0000022135542000 JavaThread "dispatcher-event-loop-1" daemon [_thread_blocked, id=13056, stack(0x0000006f9c000000,0x0000006f9c100000)]
  0x0000022135522000 JavaThread "dispatcher-event-loop-0" daemon [_thread_blocked, id=22188, stack(0x0000006f9bf00000,0x0000006f9c000000)]
  0x00000221336f4000 JavaThread "Service Thread" daemon [_thread_blocked, id=27080, stack(0x0000006f9bd00000,0x0000006f9be00000)]
  0x00000221336ec800 JavaThread "C1 CompilerThread2" daemon [_thread_blocked, id=560, stack(0x0000006f9bc00000,0x0000006f9bd00000)]
  0x00000221336ea000 JavaThread "C2 CompilerThread1" daemon [_thread_blocked, id=23660, stack(0x0000006f9bb00000,0x0000006f9bc00000)]
  0x000002213368f000 JavaThread "C2 CompilerThread0" daemon [_thread_blocked, id=14704, stack(0x0000006f9ba00000,0x0000006f9bb00000)]
  0x0000022133675000 JavaThread "Monitor Ctrl-Break" daemon [_thread_in_native, id=25968, stack(0x0000006f9b900000,0x0000006f9ba00000)]
  0x0000022131737800 JavaThread "Attach Listener" daemon [_thread_blocked, id=4608, stack(0x0000006f9b800000,0x0000006f9b900000)]
  0x000002213178d000 JavaThread "Signal Dispatcher" daemon [_thread_blocked, id=18048, stack(0x0000006f9b700000,0x0000006f9b800000)]
  0x000002210d3d7800 JavaThread "Finalizer" daemon [_thread_blocked, id=26340, stack(0x0000006f9b600000,0x0000006f9b700000)]
  0x0000022131705000 JavaThread "Reference Handler" daemon [_thread_blocked, id=23716, stack(0x0000006f9b500000,0x0000006f9b600000)]
  0x000002210d344000 JavaThread "main" [_thread_blocked, id=23052, stack(0x0000006f9ac00000,0x0000006f9ad00000)]

Other Threads:
  0x00000221316e2000 VMThread [stack: 0x0000006f9b400000,0x0000006f9b500000] [id=27044]
  0x0000022133711000 WatcherThread [stack: 0x0000006f9be00000,0x0000006f9bf00000] [id=20644]

VM state:not at safepoint (normal execution)

VM Mutex/Monitor currently owned by a thread: None

heap address: 0x00000005c1000000, size: 8176 MB, Compressed Oops mode: Zero based, Oop shift amount: 3
Narrow klass base: 0x0000000000000000, Narrow klass shift: 3
Compressed class space size: 1073741824 Address: 0x00000007c0000000

Heap:
 PSYoungGen      total 2180096K, used 939397K [0x0000000715b00000, 0x00000007be600000, 0x00000007c0000000)
  eden space 1587200K, 56% used [0x0000000715b00000,0x000000074c3aa680,0x0000000776900000)
  from space 592896K, 7% used [0x0000000776900000,0x00000007795b6ff8,0x000000079ac00000)
  to   space 574976K, 0% used [0x000000079b480000,0x000000079b480000,0x00000007be600000)
 ParOldGen       total 2878976K, used 1869400K [0x00000005c1000000, 0x0000000670b80000, 0x0000000715b00000)
  object space 2878976K, 64% used [0x00000005c1000000,0x0000000633196250,0x0000000670b80000)
 Metaspace       used 99569K, capacity 102748K, committed 102912K, reserved 1138688K
  class space    used 13813K, capacity 14507K, committed 14592K, reserved 1048576K

Card table byte_map: [0x000002211e020000,0x000002211f020000] byte_map_base: 0x000002211b218000

Marking Bits: (ParMarkBitMap*) 0x00000000767b6ff0
 Begin Bits: [0x000002211fad0000, 0x0000022127a90000)
 End Bits:   [0x0000022127a90000, 0x000002212fa50000)

Polling page: 0x000002210ec30000

CodeCache: size=245760Kb used=64911Kb max_used=64913Kb free=180848Kb
 bounds [0x000002210ec60000, 0x0000022112c20000, 0x000002211dc60000]
 total_blobs=18744 nmethods=18028 adapters=625
 compilation: enabled

Compilation events (10 events):
Event: 167.273 Thread 0x00000221336ea000 23921       4       org.apache.spark.sql.execution.columnar.NativeColumnAccessor::buffer (5 bytes)
Event: 167.274 Thread 0x00000221336ea000 nmethod 23921 0x00000221129865d0 code [0x0000022112986700, 0x0000022112986778]
Event: 167.292 Thread 0x00000221336ec800 23922       3       org.apache.spark.sql.catalyst.expressions.GeneratedClass$SpecificPredicate::eval (23 bytes)
Event: 167.292 Thread 0x00000221336ec800 nmethod 23922 0x0000022112c1a9d0 code [0x0000022112c1ab40, 0x0000022112c1ad70]
Event: 167.292 Thread 0x00000221336ec800 23923       3       org.apache.spark.sql.catalyst.expressions.GeneratedClass$SpecificPredicate::And_0$ (174 bytes)
Event: 167.293 Thread 0x00000221336ec800 nmethod 23923 0x0000022112c19d90 code [0x0000022112c19f60, 0x0000022112c1a770]
Event: 167.420 Thread 0x00000221336ec800 23924       3       org.apache.spark.sql.execution.RowIterator$::fromScala (36 bytes)
Event: 167.420 Thread 0x00000221336ec800 nmethod 23924 0x0000022112c19490 code [0x0000022112c19620, 0x0000022112c19bd8]
Event: 167.452 Thread 0x00000221336ec800 23925   !   3       org.apache.spark.util.CallerContext::len$lzycompute$1 (62 bytes)
Event: 167.453 Thread 0x00000221336ec800 nmethod 23925 0x0000022112c18910 code [0x0000022112c18ac0, 0x0000022112c19100]

GC Heap History (10 events):
Event: 151.542 GC heap before
{Heap before GC invocations=70 (full 12):
 PSYoungGen      total 2222592K, used 1755894K [0x0000000715b00000, 0x00000007c0000000, 0x00000007c0000000)
  eden space 1699328K, 100% used [0x0000000715b00000,0x000000077d680000,0x000000077d680000)
  from space 523264K, 10% used [0x000000077d680000,0x0000000780dbdbb0,0x000000079d580000)
  to   space 517120K, 0% used [0x00000007a0700000,0x00000007a0700000,0x00000007c0000000)
 ParOldGen       total 2193920K, used 1636071K [0x00000005c1000000, 0x0000000646e80000, 0x0000000715b00000)
  object space 2193920K, 74% used [0x00000005c1000000,0x0000000624db9e00,0x0000000646e80000)
 Metaspace       used 98191K, capacity 100984K, committed 101120K, reserved 1136640K
  class space    used 13684K, capacity 14282K, committed 14336K, reserved 1048576K
Event: 151.654 GC heap after
Heap after GC invocations=70 (full 12):
 PSYoungGen      total 2103296K, used 509182K [0x0000000715b00000, 0x00000007c0000000, 0x00000007c0000000)
  eden space 1586176K, 0% used [0x0000000715b00000,0x0000000715b00000,0x0000000776800000)
  from space 517120K, 98% used [0x00000007a0700000,0x00000007bf83fbe0,0x00000007c0000000)
  to   space 602112K, 0% used [0x0000000776800000,0x0000000776800000,0x000000079b400000)
 ParOldGen       total 2193920K, used 1834448K [0x00000005c1000000, 0x0000000646e80000, 0x0000000715b00000)
  object space 2193920K, 83% used [0x00000005c1000000,0x0000000630f74150,0x0000000646e80000)
 Metaspace       used 98191K, capacity 100984K, committed 101120K, reserved 1136640K
  class space    used 13684K, capacity 14282K, committed 14336K, reserved 1048576K
}
Event: 154.573 GC heap before
{Heap before GC invocations=71 (full 12):
 PSYoungGen      total 2103296K, used 2095358K [0x0000000715b00000, 0x00000007c0000000, 0x00000007c0000000)
  eden space 1586176K, 100% used [0x0000000715b00000,0x0000000776800000,0x0000000776800000)
  from space 517120K, 98% used [0x00000007a0700000,0x00000007bf83fbe0,0x00000007c0000000)
  to   space 602112K, 0% used [0x0000000776800000,0x0000000776800000,0x000000079b400000)
 ParOldGen       total 2193920K, used 1834448K [0x00000005c1000000, 0x0000000646e80000, 0x0000000715b00000)
  object space 2193920K, 83% used [0x00000005c1000000,0x0000000630f74150,0x0000000646e80000)
 Metaspace       used 98862K, capacity 101966K, committed 102272K, reserved 1136640K
  class space    used 13766K, capacity 14388K, committed 14464K, reserved 1048576K
Event: 154.855 GC heap after
Heap after GC invocations=71 (full 12):
 PSYoungGen      total 2188288K, used 6020K [0x0000000715b00000, 0x00000007c0000000, 0x00000007c0000000)
  eden space 1586176K, 0% used [0x0000000715b00000,0x0000000715b00000,0x0000000776800000)
  from space 602112K, 0% used [0x0000000776800000,0x0000000776de1348,0x000000079b400000)
  to   space 601088K, 0% used [0x000000079b500000,0x000000079b500000,0x00000007c0000000)
 ParOldGen       total 2493440K, used 2467389K [0x00000005c1000000, 0x0000000659300000, 0x0000000715b00000)
  object space 2493440K, 98% used [0x00000005c1000000,0x000000065798f740,0x0000000659300000)
 Metaspace       used 98862K, capacity 101966K, committed 102272K, reserved 1136640K
  class space    used 13766K, capacity 14388K, committed 14464K, reserved 1048576K
}
Event: 154.855 GC heap before
{Heap before GC invocations=72 (full 13):
 PSYoungGen      total 2188288K, used 6020K [0x0000000715b00000, 0x00000007c0000000, 0x00000007c0000000)
  eden space 1586176K, 0% used [0x0000000715b00000,0x0000000715b00000,0x0000000776800000)
  from space 602112K, 0% used [0x0000000776800000,0x0000000776de1348,0x000000079b400000)
  to   space 601088K, 0% used [0x000000079b500000,0x000000079b500000,0x00000007c0000000)
 ParOldGen       total 2493440K, used 2467389K [0x00000005c1000000, 0x0000000659300000, 0x0000000715b00000)
  object space 2493440K, 98% used [0x00000005c1000000,0x000000065798f740,0x0000000659300000)
 Metaspace       used 98862K, capacity 101966K, committed 102272K, reserved 1136640K
  class space    used 13766K, capacity 14388K, committed 14464K, reserved 1048576K
Event: 155.164 GC heap after
Heap after GC invocations=72 (full 13):
 PSYoungGen      total 2188288K, used 0K [0x0000000715b00000, 0x00000007c0000000, 0x00000007c0000000)
  eden space 1586176K, 0% used [0x0000000715b00000,0x0000000715b00000,0x0000000776800000)
  from space 602112K, 0% used [0x0000000776800000,0x0000000776800000,0x000000079b400000)
  to   space 601088K, 0% used [0x000000079b500000,0x000000079b500000,0x00000007c0000000)
 ParOldGen       total 2878976K, used 1866479K [0x00000005c1000000, 0x0000000670b80000, 0x0000000715b00000)
  object space 2878976K, 64% used [0x00000005c1000000,0x0000000632ebbeb0,0x0000000670b80000)
 Metaspace       used 98388K, capacity 101060K, committed 102272K, reserved 1136640K
  class space    used 13690K, capacity 14205K, committed 14464K, reserved 1048576K
}
Event: 158.685 GC heap before
{Heap before GC invocations=73 (full 13):
 PSYoungGen      total 2188288K, used 1586176K [0x0000000715b00000, 0x00000007c0000000, 0x00000007c0000000)
  eden space 1586176K, 100% used [0x0000000715b00000,0x0000000776800000,0x0000000776800000)
  from space 602112K, 0% used [0x0000000776800000,0x0000000776800000,0x000000079b400000)
  to   space 601088K, 0% used [0x000000079b500000,0x000000079b500000,0x00000007c0000000)
 ParOldGen       total 2878976K, used 1866479K [0x00000005c1000000, 0x0000000670b80000, 0x0000000715b00000)
  object space 2878976K, 64% used [0x00000005c1000000,0x0000000632ebbeb0,0x0000000670b80000)
 Metaspace       used 98750K, capacity 101554K, committed 102272K, reserved 1136640K
  class space    used 13727K, capacity 14298K, committed 14464K, reserved 1048576K
Event: 158.705 GC heap after
Heap after GC invocations=73 (full 13):
 PSYoungGen      total 2170880K, used 14647K [0x0000000715b00000, 0x00000007bef00000, 0x00000007c0000000)
  eden space 1587200K, 0% used [0x0000000715b00000,0x0000000715b00000,0x0000000776900000)
  from space 583680K, 2% used [0x000000079b500000,0x000000079c34df00,0x00000007bef00000)
  to   space 592896K, 0% used [0x0000000776900000,0x0000000776900000,0x000000079ac00000)
 ParOldGen       total 2878976K, used 1866487K [0x00000005c1000000, 0x0000000670b80000, 0x0000000715b00000)
  object space 2878976K, 64% used [0x00000005c1000000,0x0000000632ebdeb0,0x0000000670b80000)
 Metaspace       used 98750K, capacity 101554K, committed 102272K, reserved 1136640K
  class space    used 13727K, capacity 14298K, committed 14464K, reserved 1048576K
}
Event: 164.728 GC heap before
{Heap before GC invocations=74 (full 13):
 PSYoungGen      total 2170880K, used 1601847K [0x0000000715b00000, 0x00000007bef00000, 0x00000007c0000000)
  eden space 1587200K, 100% used [0x0000000715b00000,0x0000000776900000,0x0000000776900000)
  from space 583680K, 2% used [0x000000079b500000,0x000000079c34df00,0x00000007bef00000)
  to   space 592896K, 0% used [0x0000000776900000,0x0000000776900000,0x000000079ac00000)
 ParOldGen       total 2878976K, used 1866487K [0x00000005c1000000, 0x0000000670b80000, 0x0000000715b00000)
  object space 2878976K, 64% used [0x00000005c1000000,0x0000000632ebdeb0,0x0000000670b80000)
 Metaspace       used 99386K, capacity 102478K, committed 102656K, reserved 1136640K
  class space    used 13793K, capacity 14485K, committed 14592K, reserved 1048576K
Event: 164.758 GC heap after
Heap after GC invocations=74 (full 13):
 PSYoungGen      total 2180096K, used 45787K [0x0000000715b00000, 0x00000007be600000, 0x00000007c0000000)
  eden space 1587200K, 0% used [0x0000000715b00000,0x0000000715b00000,0x0000000776900000)
  from space 592896K, 7% used [0x0000000776900000,0x00000007795b6ff8,0x000000079ac00000)
  to   space 574976K, 0% used [0x000000079b480000,0x000000079b480000,0x00000007be600000)
 ParOldGen       total 2878976K, used 1869400K [0x00000005c1000000, 0x0000000670b80000, 0x0000000715b00000)
  object space 2878976K, 64% used [0x00000005c1000000,0x0000000633196250,0x0000000670b80000)
 Metaspace       used 99386K, capacity 102478K, committed 102656K, reserved 1136640K
  class space    used 13793K, capacity 14485K, committed 14592K, reserved 1048576K
}

Deoptimization events (10 events):
Event: 161.392 Thread 0x0000022135542000 Uncommon trap: reason=unstable_if action=reinterpret pc=0x00000221120b3b78 method=java.util.concurrent.locks.ReentrantLock$Sync.nonfairTryAcquire(I)Z @ 19
Event: 161.514 Thread 0x000002210d344000 Uncommon trap: reason=unstable_if action=reinterpret pc=0x0000022110fe0f34 method=java.io.ObjectOutputStream.writeString(Ljava/lang/String;Z)V @ 31
Event: 162.603 Thread 0x0000022133fc7000 Uncommon trap: reason=unstable_if action=reinterpret pc=0x0000022110bb4b20 method=org.apache.spark.sql.catalyst.expressions.GeneratedClass$SpecificColumnarIterator.hasNext()Z @ 8
Event: 164.636 Thread 0x0000022133fc8800 Uncommon trap: reason=bimorphic action=maybe_recompile pc=0x00000221120efcf0 method=org.apache.spark.sql.catalyst.expressions.Expression.org$apache$spark$sql$catalyst$expressions$Expression$$reduceCodeSize(Lorg/apache/spark/sql/catalyst/expressions/codege
Event: 164.717 Thread 0x0000022133fc8800 Uncommon trap: reason=unstable_if action=reinterpret pc=0x000002211144b420 method=org.apache.spark.sql.catalyst.expressions.GeneratedClass$SpecificColumnarIterator.hasNext()Z @ 8
Event: 164.771 Thread 0x0000022136229800 Uncommon trap: reason=bimorphic action=maybe_recompile pc=0x00000221120efcf0 method=org.apache.spark.sql.catalyst.expressions.Expression.org$apache$spark$sql$catalyst$expressions$Expression$$reduceCodeSize(Lorg/apache/spark/sql/catalyst/expressions/codege
Event: 164.799 Thread 0x0000022133fc4000 Uncommon trap: reason=bimorphic action=maybe_recompile pc=0x00000221120efcf0 method=org.apache.spark.sql.catalyst.expressions.Expression.org$apache$spark$sql$catalyst$expressions$Expression$$reduceCodeSize(Lorg/apache/spark/sql/catalyst/expressions/codege
Event: 164.814 Thread 0x0000022133fc7800 Uncommon trap: reason=bimorphic action=maybe_recompile pc=0x00000221120efcf0 method=org.apache.spark.sql.catalyst.expressions.Expression.org$apache$spark$sql$catalyst$expressions$Expression$$reduceCodeSize(Lorg/apache/spark/sql/catalyst/expressions/codege
Event: 164.918 Thread 0x0000022133fc8800 Uncommon trap: reason=unstable_if action=reinterpret pc=0x0000022112af8898 method=org.apache.spark.sql.catalyst.expressions.GeneratedClass$GeneratedIteratorForCodegenStage49.processNext()V @ 1310
Event: 167.085 Thread 0x00000221358ea000 Uncommon trap: reason=unstable_if action=reinterpret pc=0x00000221104e0b78 method=java.util.concurrent.ConcurrentSkipListMap.doRemove(Ljava/lang/Object;Ljava/lang/Object;)Ljava/lang/Object; @ 211

Classes redefined (0 events):
No events

Internal exceptions (10 events):
Event: 151.858 Thread 0x0000022133fc4800 Exception <a 'java/lang/NoSuchMethodError': <clinit>> (0x000000071a7cf3f0) thrown at [C:\jenkins\workspace\8-2-build-windows-amd64-cygwin\jdk8u281\880\hotspot\src\share\vm\prims\jni.cpp, line 1615]
Event: 152.796 Thread 0x000002210d344000 Implicit null exception at 0x00000221124260b7 to 0x0000022112427745
Event: 152.931 Thread 0x000002210d344000 Implicit null exception at 0x0000022110d27de1 to 0x0000022110d28d5d
Event: 153.182 Thread 0x000002210d344000 Implicit null exception at 0x00000221117eddda to 0x00000221117ee192
Event: 153.182 Thread 0x000002210d344000 Implicit null exception at 0x000002211168cacc to 0x000002211168cea2
Event: 161.535 Thread 0x000002210d344000 Exception <a 'java/lang/NoSuchMethodError': <clinit>> (0x000000074145d128) thrown at [C:\jenkins\workspace\8-2-build-windows-amd64-cygwin\jdk8u281\880\hotspot\src\share\vm\prims\jni.cpp, line 1615]
Event: 161.535 Thread 0x000002210d344000 Exception <a 'java/lang/NoSuchMethodError': <clinit>> (0x0000000741467258) thrown at [C:\jenkins\workspace\8-2-build-windows-amd64-cygwin\jdk8u281\880\hotspot\src\share\vm\prims\jni.cpp, line 1615]
Event: 161.540 Thread 0x000002210d344000 Exception <a 'java/lang/NoSuchMethodError': <clinit>> (0x00000007415139d0) thrown at [C:\jenkins\workspace\8-2-build-windows-amd64-cygwin\jdk8u281\880\hotspot\src\share\vm\prims\jni.cpp, line 1615]
Event: 161.540 Thread 0x000002210d344000 Exception <a 'java/lang/NoSuchMethodError': <clinit>> (0x0000000741518b70) thrown at [C:\jenkins\workspace\8-2-build-windows-amd64-cygwin\jdk8u281\880\hotspot\src\share\vm\prims\jni.cpp, line 1615]
Event: 161.540 Thread 0x000002210d344000 Exception <a 'java/lang/NoSuchMethodError': <clinit>> (0x0000000741527960) thrown at [C:\jenkins\workspace\8-2-build-windows-amd64-cygwin\jdk8u281\880\hotspot\src\share\vm\prims\jni.cpp, line 1615]

Events (10 events):
Event: 167.314 Executing VM operation: RevokeBias
Event: 167.315 Executing VM operation: RevokeBias done
Event: 167.315 Thread 0x00000221362d4800 Thread exited: 0x00000221362d4800
Event: 167.335 Executing VM operation: RevokeBias
Event: 167.335 Executing VM operation: RevokeBias done
Event: 167.335 Thread 0x00000221362d1800 Thread exited: 0x00000221362d1800
Event: 167.413 loading class org/apache/spark/sql/catalyst/expressions/GeneratedClass$GeneratedIteratorForCodegenStage20
Event: 167.413 loading class org/apache/spark/sql/catalyst/expressions/GeneratedClass$GeneratedIteratorForCodegenStage20 done
Event: 167.418 loading class org/apache/spark/sql/catalyst/expressions/GeneratedClass$GeneratedIteratorForCodegenStage33
Event: 167.418 loading class org/apache/spark/sql/catalyst/expressions/GeneratedClass$GeneratedIteratorForCodegenStage33 done


Dynamic libraries:
0x00007ff759390000 - 0x00007ff7593d7000 	D:\jdk\bin\java.exe
0x00007ffaf9b90000 - 0x00007ffaf9d88000 	C:\WINDOWS\SYSTEM32\ntdll.dll
0x00007ffaf9420000 - 0x00007ffaf94e2000 	C:\WINDOWS\System32\KERNEL32.DLL
0x00007ffaf74e0000 - 0x00007ffaf77d6000 	C:\WINDOWS\System32\KERNELBASE.dll
0x00007ffaf8900000 - 0x00007ffaf89b1000 	C:\WINDOWS\System32\ADVAPI32.dll
0x00007ffaf9570000 - 0x00007ffaf960e000 	C:\WINDOWS\System32\msvcrt.dll
0x00007ffaf7bb0000 - 0x00007ffaf7c4f000 	C:\WINDOWS\System32\sechost.dll
0x00007ffaf7d20000 - 0x00007ffaf7e40000 	C:\WINDOWS\System32\RPCRT4.dll
0x00007ffaf7220000 - 0x00007ffaf7247000 	C:\WINDOWS\System32\bcrypt.dll
0x00007ffaf8b00000 - 0x00007ffaf8ca1000 	C:\WINDOWS\System32\USER32.dll
0x00007ffaf74b0000 - 0x00007ffaf74d2000 	C:\WINDOWS\System32\win32u.dll
0x00007ffaf8200000 - 0x00007ffaf822b000 	C:\WINDOWS\System32\GDI32.dll
0x00007ffaf7890000 - 0x00007ffaf79a9000 	C:\WINDOWS\System32\gdi32full.dll
0x00007ffaf79b0000 - 0x00007ffaf7a4d000 	C:\WINDOWS\System32\msvcp_win.dll
0x00007ffaf73b0000 - 0x00007ffaf74b0000 	C:\WINDOWS\System32\ucrtbase.dll
0x00007ffae9ff0000 - 0x00007ffaea28b000 	C:\WINDOWS\WinSxS\amd64_microsoft.windows.common-controls_6595b64144ccf1df_6.0.19041.6456_none_60b8a6cb71f64256\COMCTL32.dll
0x00007ffaf8700000 - 0x00007ffaf872f000 	C:\WINDOWS\System32\IMM32.DLL
0x00007ffaf3440000 - 0x00007ffaf3455000 	D:\jdk\jre\bin\vcruntime140.dll
0x00007ffac6410000 - 0x00007ffac64ab000 	D:\jdk\jre\bin\msvcp140.dll
0x0000000075fd0000 - 0x000000007682f000 	D:\jdk\jre\bin\server\jvm.dll
0x00007ffaf8730000 - 0x00007ffaf8738000 	C:\WINDOWS\System32\PSAPI.DLL
0x00007ffaf3940000 - 0x00007ffaf3949000 	C:\WINDOWS\SYSTEM32\WSOCK32.dll
0x00007ffaf9610000 - 0x00007ffaf967b000 	C:\WINDOWS\System32\WS2_32.dll
0x00007ffaef2a0000 - 0x00007ffaef2c7000 	C:\WINDOWS\SYSTEM32\WINMM.dll
0x00007ffaf1930000 - 0x00007ffaf193a000 	C:\WINDOWS\SYSTEM32\VERSION.dll
0x00007ffaf5a80000 - 0x00007ffaf5a92000 	C:\WINDOWS\SYSTEM32\kernel.appcore.dll
0x00007ffaf3430000 - 0x00007ffaf3440000 	D:\jdk\jre\bin\verify.dll
0x00007ffae92e0000 - 0x00007ffae930b000 	D:\jdk\jre\bin\java.dll
0x00007ffab7840000 - 0x00007ffab7870000 	D:\jdk\jre\bin\instrument.dll
0x00007ffae8740000 - 0x00007ffae8758000 	D:\jdk\jre\bin\zip.dll
0x00007ffaf8cb0000 - 0x00007ffaf9420000 	C:\WINDOWS\System32\SHELL32.dll
0x00007ffaf4fe0000 - 0x00007ffaf5785000 	C:\WINDOWS\SYSTEM32\windows.storage.dll
0x00007ffaf82e0000 - 0x00007ffaf8634000 	C:\WINDOWS\System32\combase.dll
0x00007ffaf6c50000 - 0x00007ffaf6c7b000 	C:\WINDOWS\SYSTEM32\Wldp.dll
0x00007ffaf7c50000 - 0x00007ffaf7d1d000 	C:\WINDOWS\System32\OLEAUT32.dll
0x00007ffaf8150000 - 0x00007ffaf81fd000 	C:\WINDOWS\System32\SHCORE.dll
0x00007ffaf8640000 - 0x00007ffaf869b000 	C:\WINDOWS\System32\shlwapi.dll
0x00007ffaf7150000 - 0x00007ffaf7174000 	C:\WINDOWS\SYSTEM32\profapi.dll
0x00007ffaed8f0000 - 0x00007ffaed90a000 	D:\idea\IntelliJ IDEA 2020.1\bin\breakgen64.dll
0x00007ffad1ba0000 - 0x00007ffad1bbc000 	D:\jdk\jre\bin\net.dll
0x00007ffaf68d0000 - 0x00007ffaf693a000 	C:\WINDOWS\system32\mswsock.dll
0x00007ffadeac0000 - 0x00007ffadead7000 	C:\WINDOWS\system32\napinsp.dll
0x00007ffadd9e0000 - 0x00007ffadd9fb000 	C:\WINDOWS\system32\pnrpnsp.dll
0x00007ffadd960000 - 0x00007ffadd97d000 	C:\WINDOWS\system32\wshbth.dll
0x00007ffaf3310000 - 0x00007ffaf332d000 	C:\WINDOWS\system32\NLAapi.dll
0x00007ffaf65b0000 - 0x00007ffaf65eb000 	C:\WINDOWS\SYSTEM32\IPHLPAPI.DLL
0x00007ffaf65f0000 - 0x00007ffaf66ba000 	C:\WINDOWS\SYSTEM32\DNSAPI.dll
0x00007ffaf7f30000 - 0x00007ffaf7f38000 	C:\WINDOWS\System32\NSI.dll
0x00007ffadd940000 - 0x00007ffadd952000 	C:\WINDOWS\System32\winrnr.dll
0x00007ffaf12c0000 - 0x00007ffaf12ca000 	C:\Windows\System32\rasadhlp.dll
0x00007ffaf0ce0000 - 0x00007ffaf0d60000 	C:\WINDOWS\System32\fwpuclnt.dll
0x00007ffaf3420000 - 0x00007ffaf342d000 	D:\jdk\jre\bin\management.dll
0x00007ffae9400000 - 0x00007ffae940a000 	D:\jdk\jre\bin\w2k_lsa_auth.dll
0x00007ffaea900000 - 0x00007ffaea90c000 	C:\WINDOWS\SYSTEM32\Secur32.dll
0x00007ffaf7100000 - 0x00007ffaf7132000 	C:\WINDOWS\SYSTEM32\SSPICLI.DLL
0x00007ffae45f0000 - 0x00007ffae460c000 	C:\Windows\System32\hadoop.dll
0x0000000077590000 - 0x0000000077662000 	C:\WINDOWS\SYSTEM32\MSVCR100.dll
0x00007ffaf5f10000 - 0x00007ffaf5f5f000 	C:\WINDOWS\SYSTEM32\AUTHZ.dll
0x00007ffae76a0000 - 0x00007ffae76b9000 	C:\WINDOWS\SYSTEM32\NETAPI32.dll
0x00007ffaf66c0000 - 0x00007ffaf66cc000 	C:\WINDOWS\SYSTEM32\NETUTILS.DLL
0x00007ffaeb830000 - 0x00007ffaeb849000 	C:\WINDOWS\SYSTEM32\SAMCLI.DLL
0x00007ffae93f0000 - 0x00007ffae93f9000 	D:\jdk\jre\bin\jaas_nt.dll
0x00007ffae46a0000 - 0x00007ffae46b3000 	D:\jdk\jre\bin\nio.dll
0x00007ffaf6b30000 - 0x00007ffaf6b48000 	C:\WINDOWS\SYSTEM32\CRYPTSP.dll
0x00007ffaf61f0000 - 0x00007ffaf6228000 	C:\WINDOWS\system32\rsaenh.dll
0x00007ffaf70d0000 - 0x00007ffaf70fe000 	C:\WINDOWS\SYSTEM32\USERENV.dll
0x00007ffaf72d0000 - 0x00007ffaf7352000 	C:\WINDOWS\System32\bcryptprimitives.dll
0x00007ffaf6b50000 - 0x00007ffaf6b5c000 	C:\WINDOWS\SYSTEM32\CRYPTBASE.dll
0x00007ffaf2780000 - 0x00007ffaf2797000 	C:\WINDOWS\SYSTEM32\dhcpcsvc6.DLL
0x00007ffaf2600000 - 0x00007ffaf261d000 	C:\WINDOWS\SYSTEM32\dhcpcsvc.DLL
0x00007ffab7810000 - 0x00007ffab7834000 	D:\jdk\jre\bin\sunec.dll
0x00007ffad17c0000 - 0x00007ffad17cd000 	D:\jdk\jre\bin\sunmscapi.dll
0x00007ffaf7a50000 - 0x00007ffaf7bad000 	C:\WINDOWS\System32\CRYPT32.dll
0x00007ffaf6cc0000 - 0x00007ffaf6ce7000 	C:\WINDOWS\SYSTEM32\ncrypt.dll
0x00007ffaf6c80000 - 0x00007ffaf6cbb000 	C:\WINDOWS\SYSTEM32\NTASN1.dll
0x0000000069140000 - 0x0000000069207000 	D:\Temp\snappy-1.1.7-e4e61c8b-3ee4-4758-aa7a-ab674dd259eb-snappyjava.dll

VM Arguments:
jvm_args: -javaagent:D:\idea\IntelliJ IDEA 2020.1\lib\idea_rt.jar=56336:D:\idea\IntelliJ IDEA 2020.1\bin -Dfile.encoding=UTF-8 
java_command: spark.analysis.SparkAnalysisZtb3
java_class_path (initial): D:\jdk\jre\lib\charsets.jar;D:\jdk\jre\lib\deploy.jar;D:\jdk\jre\lib\ext\access-bridge-64.jar;D:\jdk\jre\lib\ext\cldrdata.jar;D:\jdk\jre\lib\ext\dnsns.jar;D:\jdk\jre\lib\ext\jaccess.jar;D:\jdk\jre\lib\ext\jfxrt.jar;D:\jdk\jre\lib\ext\localedata.jar;D:\jdk\jre\lib\ext\nashorn.jar;D:\jdk\jre\lib\ext\sunec.jar;D:\jdk\jre\lib\ext\sunjce_provider.jar;D:\jdk\jre\lib\ext\sunmscapi.jar;D:\jdk\jre\lib\ext\sunpkcs11.jar;D:\jdk\jre\lib\ext\zipfs.jar;D:\jdk\jre\lib\javaws.jar;D:\jdk\jre\lib\jce.jar;D:\jdk\jre\lib\jfr.jar;D:\jdk\jre\lib\jfxswt.jar;D:\jdk\jre\lib\jsse.jar;D:\jdk\jre\lib\management-agent.jar;D:\jdk\jre\lib\plugin.jar;D:\jdk\jre\lib\resources.jar;D:\jdk\jre\lib\rt.jar;E:\workspace\bigdata\target\classes;D:\software\scala\lib\scala-library.jar;D:\software\scala\lib\scala-reflect.jar;E:\maven\maven-repository\org\apache\spark\spark-core_2.11\2.4.4\spark-core_2.11-2.4.4.jar;E:\maven\maven-repository\com\thoughtworks\paranamer\paranamer\2.8\paranamer-2.8.jar;E:\maven\maven-repository\org\apache\avro\avro\1.8.2\avro-1.8.2.jar;E:\maven\maven-repository\org\codehaus\jackson\jackson-core-asl\1.9.13\jackson-core-asl-1.9.13.jar;E:\maven\maven-repository\org\codehaus\jackson\jackson-mapper-asl\1.9.13\jackson-mapper-asl-1.9.13.jar;E:\maven\maven-repository\org\tukaani\xz\1.5\xz-1.5.jar;E:\maven\maven-repository\org\apache\avro\avro-mapred\1.8.2\avro-mapred-1.8.2-hadoop2.jar;E:\maven\maven-repository\org\apache\avro\avro-ipc\1.8.2\avro-ipc-1.8.2.jar;E:\maven\maven-repository\commons-codec\commons-codec\1.9\commons-codec-1.9.jar;E:\maven\maven-repository\com\twitter\chill_2.11\0.9.3\chill_2.11-0.9.3.jar;E:\maven\maven-repository\com\esotericsoftware\kryo-shaded\4.0.2\kryo-shaded-4.0.2.jar;E:\maven\maven-repository\com\esotericsoftware\minlog\1.3.0\minlog-1.3.0.jar;E:\maven\maven-repository\org\objenesis\objenesis\2.5.1\objenesis-2.5.1.jar;E:\maven\maven-repository\com\twitter\chill-java\0.9.3\chill-java-0.9.3.jar;E:\maven\maven-repository\org\apache\
Launcher Type: SUN_STANDARD

Environment Variables:
PATH=C:\WINDOWS\system32;C:\WINDOWS;C:\WINDOWS\System32\Wbem;C:\WINDOWS\System32\WindowsPowerShell\v1.0\;C:\WINDOWS\System32\OpenSSH\;C:\Program Files (x86)\NVIDIA Corporation\PhysX\Common;D:\jdk\bin;E:\maven\apache-maven-3.6.3\bin;D:\nodejs\;D:\nodejs\npm;D:\python_install\py3.7\;D:\python_install\py3.7\Scripts;D:\software\scala\bin;C:\Program Files\Git\cmd;D:\python_install\pyenv-win-master\pyenv-win\bin;D:\python_install\pyenv-win-master\pyenv-win\shims;;C:\Program Files\NVIDIA Corporation\NVIDIA App\NvDLISR;D:\python_install\py3.7\Scripts\;D:\python_install\py3.7\;C:\Program Files\MySQL\MySQL Shell 8.0\bin\;C:\Users\Administrator\AppData\Roaming\npm;F:\gs\hadoop\hadoop-2.9.2\bin;F:\gs\hadoop\hadoop-2.9.2\sbin;
USERNAME=Administrator
OS=Windows_NT
PROCESSOR_IDENTIFIER=Intel64 Family 6 Model 158 Stepping 10, GenuineIntel



---------------  S Y S T E M  ---------------

OS: Windows 10.0 , 64 bit Build 19041 (10.0.19041.5915)

CPU:total 6 (initial active 6) (6 cores per cpu, 1 threads per core) family 6 model 158 stepping 10, cmov, cx8, fxsr, mmx, sse, sse2, sse3, ssse3, sse4.1, sse4.2, popcnt, avx, avx2, aes, clmul, erms, 3dnowpref, lzcnt, tsc, tscinvbit, bmi1, bmi2, adx

Memory: 4k page, physical 33487384k(2503972k free), swap 46520576k(2916k free)

vm_info: Java HotSpot(TM) 64-Bit Server VM (25.281-b09) for windows-amd64 JRE (1.8.0_281-b09), built on Dec  9 2020 13:54:07 by "" with MS VC++ 15.9 (VS2017)

time: Thu Mar  5 09:21:12 2026
timezone: ÖĐąú±ę×ĽĘ±Ľä
elapsed time: 167.515841 seconds (0d 0h 2m 47s)

